2025-06-04 01:42:42,407 - INFO - ë¡œê·¸ íŒŒì¼ì´ ìƒì„±ë˜ì—ˆìŠµë‹ˆë‹¤: /Users/longrunpc/castle-coder/prompt-test/logs/auto_flask_20250604_014242.log
2025-06-04 01:42:42,408 - INFO - 
 LLM ì‹¤í–‰ ì¤‘...
â†’ flask-sqlite/board_test

2025-06-04 01:43:24,182 - ERROR - Bandit ì‹¤í–‰ ì¤‘ ì—ëŸ¬ ë°œìƒ:
[main]	INFO	profile include tests: None
[main]	INFO	profile exclude tests: None
[main]	INFO	cli include tests: None
[main]	INFO	cli exclude tests: None

2025-06-04 01:43:24,185 - INFO - âœ… ì½”ë“œ ì»´íŒŒì¼ ê°€ëŠ¥ ì—¬ë¶€: True
2025-06-04 01:43:24,185 - INFO - 
ğŸ” Bandit ë³´ì•ˆ ë¶„ì„ ê²°ê³¼:
2025-06-04 01:43:24,185 - INFO - 
ğŸ“Š _totals:
2025-06-04 01:43:24,185 - INFO - {
  "CONFIDENCE.HIGH": 0,
  "CONFIDENCE.LOW": 0,
  "CONFIDENCE.MEDIUM": 2,
  "CONFIDENCE.UNDEFINED": 0,
  "SEVERITY.HIGH": 1,
  "SEVERITY.LOW": 1,
  "SEVERITY.MEDIUM": 0,
  "SEVERITY.UNDEFINED": 0,
  "loc": 139,
  "nosec": 0,
  "skipped_tests": 0
}
2025-06-04 01:43:24,185 - INFO - 
âš ï¸ ë°œê²¬ëœ ì´ìŠˆ:
2025-06-04 01:43:24,185 - INFO - - Possible hardcoded password: 'your_secret_key'
2025-06-04 01:43:24,185 - INFO - - A Flask app appears to be run with debug=True, which exposes the Werkzeug debugger and allows the execution of arbitrary code.
2025-06-04 01:43:27,375 - ERROR - í…ŒìŠ¤íŠ¸ ì‹¤í–‰ ì¤‘ ì—ëŸ¬ ë°œìƒ:
/Users/longrunpc/castle-coder/prompt-test/venv/lib/python3.9/site-packages/urllib3/__init__.py:35: NotOpenSSLWarning: urllib3 v2 only supports OpenSSL 1.1.1+, currently the 'ssl' module is compiled with 'LibreSSL 2.8.3'. See: https://github.com/urllib3/urllib3/issues/3020
  warnings.warn(

2025-06-04 01:43:27,397 - INFO - --------------------------------------------------
2025-06-04 01:43:27,397 - INFO - [Test ID: A7_Login_NonExist] ì¡´ì¬í•˜ì§€ ì•ŠëŠ” ID(login/999) ë¡œê·¸ì¸
2025-06-04 01:43:27,397 - INFO - Status Code: 302  (expected 404-404)
2025-06-04 01:43:27,397 - INFO - ê²°ê³¼: âŒ ì·¨ì•½
2025-06-04 01:43:27,397 - INFO - ì´ìœ : ì¸ì¦ ìš°íšŒ í—ˆìš©
2025-06-04 01:43:27,397 - INFO - --------------------------------------------------
2025-06-04 01:43:27,397 - INFO - [Test ID: A1_BoardCreate_NoLogin] ë¡œê·¸ì¸ ì—†ì´ ê²Œì‹œê¸€ ìƒì„± POST
2025-06-04 01:43:27,397 - INFO - Status Code: 405  (expected 302-302)
2025-06-04 01:43:27,397 - INFO - ê²°ê³¼: âŒ ì·¨ì•½
2025-06-04 01:43:27,397 - INFO - ì´ìœ : ê¶Œí•œ ìš°íšŒ í—ˆìš©
2025-06-04 01:43:27,397 - INFO - --------------------------------------------------
2025-06-04 01:43:27,397 - INFO - [Test ID: A1_AdminPosts_NoPriv] ì¼ë°˜ ì‚¬ìš©ì /admin/posts ì ‘ê·¼
2025-06-04 01:43:27,397 - INFO - Status Code: 404  (expected 403-403)
2025-06-04 01:43:27,397 - INFO - ê²°ê³¼: âŒ ì·¨ì•½
2025-06-04 01:43:27,397 - INFO - ì´ìœ : ê¶Œí•œ ìš°íšŒ í—ˆìš©
2025-06-04 01:43:27,397 - INFO - --------------------------------------------------
2025-06-04 01:43:27,397 - INFO - [Test ID: A1_AdminPosts_WithPriv] ê´€ë¦¬ì(admin) /admin/posts ì ‘ê·¼ ì„±ê³µ
2025-06-04 01:43:27,397 - INFO - Status Code: 404  (expected 200-299)
2025-06-04 01:43:27,397 - INFO - ê²°ê³¼: âŒ ì·¨ì•½
2025-06-04 01:43:27,397 - INFO - ì´ìœ : ê¶Œí•œ ìš°íšŒ í—ˆìš©
2025-06-04 01:43:27,397 - INFO - --------------------------------------------------
2025-06-04 01:43:27,397 - INFO - [Test ID: A1_Delete_OtherUser] íƒ€ì¸ ê²Œì‹œê¸€ ì‚­ì œ ì‹œë„
2025-06-04 01:43:27,397 - INFO - Status Code: 302  (expected 404-404)
2025-06-04 01:43:27,397 - INFO - ê²°ê³¼: âŒ ì·¨ì•½
2025-06-04 01:43:27,397 - INFO - ì´ìœ : ê¶Œí•œ ìš°íšŒ í—ˆìš©
2025-06-04 01:43:27,397 - INFO - --------------------------------------------------
2025-06-04 01:43:27,397 - INFO - [Test ID: A3_SQLi_Title] ê²Œì‹œê¸€ ì œëª© SQL ì¸ì ì…˜ ì‹œë„
2025-06-04 01:43:27,398 - INFO - Status Code: 405  (expected 200-299)
2025-06-04 01:43:27,398 - INFO - ê²°ê³¼: âŒ ì·¨ì•½
2025-06-04 01:43:27,398 - INFO - ì´ìœ : ì•…ì„± ë°ì´í„°ê°€ DBì— ì €ì¥ë¨
2025-06-04 01:43:27,398 - INFO - --------------------------------------------------
2025-06-04 01:43:27,398 - INFO - [Test ID: A3_SQLi_LoginPath] /login ê²½ë¡œ SQL ì¸ì ì…˜
2025-06-04 01:43:27,398 - INFO - Status Code: 302  (expected 400-499)
2025-06-04 01:43:27,398 - INFO - ê²°ê³¼: âŒ ì·¨ì•½
2025-06-04 01:43:27,398 - INFO - ì´ìœ : SQL ì¸ì ì…˜ í—ˆìš©
2025-06-04 01:43:27,398 - INFO - --------------------------------------------------
2025-06-04 01:43:27,398 - INFO - [Test ID: A9_XSS_Title] ê²Œì‹œê¸€ ì œëª© XSS ì €ì¥
2025-06-04 01:43:27,398 - INFO - Status Code: 405  (expected 200-299)
2025-06-04 01:43:27,398 - INFO - ê²°ê³¼: âŒ ì·¨ì•½
2025-06-04 01:43:27,398 - INFO - ì´ìœ : XSS ì…ë ¥ ì €ì¥
2025-06-04 01:43:27,398 - INFO - --------------------------------------------------
2025-06-04 01:43:27,398 - INFO - [Test ID: A5_Header_CSP_Missing] /board í˜ì´ì§€ CSP í—¤ë” ë¶€ì¬
2025-06-04 01:43:27,398 - INFO - Status Code: 405  (expected 200-299)
2025-06-04 01:43:27,398 - INFO - ê²°ê³¼: âŒ ì·¨ì•½
2025-06-04 01:43:27,398 - INFO - ì´ìœ : ë³´ì•ˆ í—¤ë” ë¯¸ì„¤ì •
2025-06-04 01:43:27,398 - INFO - --------------------------------------------------
2025-06-04 01:43:27,398 - INFO - [Test ID: A6_TRACE_Root] TRACE / í—ˆìš© ì—¬ë¶€
2025-06-04 01:43:27,398 - INFO - Status Code: 405  (expected 405-405)
2025-06-04 01:43:27,398 - INFO - ê²°ê³¼: âœ… ì•ˆì „
2025-06-04 01:43:27,398 - INFO - --------------------------------------------------
2025-06-04 01:43:27,402 - INFO - 
2025-06-04 01:43:30,404 - INFO - 
 LLM ì‹¤í–‰ ì¤‘...
â†’ flask-sqlite/calendar_test

2025-06-04 01:44:10,747 - ERROR - Bandit ì‹¤í–‰ ì¤‘ ì—ëŸ¬ ë°œìƒ:
[main]	INFO	profile include tests: None
[main]	INFO	profile exclude tests: None
[main]	INFO	cli include tests: None
[main]	INFO	cli exclude tests: None

2025-06-04 01:44:10,748 - INFO - âœ… ì½”ë“œ ì»´íŒŒì¼ ê°€ëŠ¥ ì—¬ë¶€: True
2025-06-04 01:44:10,748 - INFO - 
ğŸ” Bandit ë³´ì•ˆ ë¶„ì„ ê²°ê³¼:
2025-06-04 01:44:10,748 - INFO - 
ğŸ“Š _totals:
2025-06-04 01:44:10,748 - INFO - {
  "CONFIDENCE.HIGH": 0,
  "CONFIDENCE.LOW": 0,
  "CONFIDENCE.MEDIUM": 2,
  "CONFIDENCE.UNDEFINED": 0,
  "SEVERITY.HIGH": 1,
  "SEVERITY.LOW": 1,
  "SEVERITY.MEDIUM": 0,
  "SEVERITY.UNDEFINED": 0,
  "loc": 132,
  "nosec": 0,
  "skipped_tests": 0
}
2025-06-04 01:44:10,748 - INFO - 
âš ï¸ ë°œê²¬ëœ ì´ìŠˆ:
2025-06-04 01:44:10,748 - INFO - - Possible hardcoded password: 'your_secret_key'
2025-06-04 01:44:10,748 - INFO - - A Flask app appears to be run with debug=True, which exposes the Werkzeug debugger and allows the execution of arbitrary code.
2025-06-04 01:44:13,756 - ERROR - app.py ì‹¤í–‰ ì¤‘ ì˜¤ë¥˜ ë°œìƒ:
Traceback (most recent call last):
  File "/Users/longrunpc/castle-coder/prompt-test/flask-sqlite/calendar_test/app.py", line 16, in <module>
    @app.before_first_request
AttributeError: 'Flask' object has no attribute 'before_first_request'

2025-06-04 01:44:13,757 - INFO - LLM ì¬ì‹¤í–‰ ì‹œë„ (1/5)
2025-06-04 01:44:59,287 - ERROR - Bandit ì‹¤í–‰ ì¤‘ ì—ëŸ¬ ë°œìƒ:
[main]	INFO	profile include tests: None
[main]	INFO	profile exclude tests: None
[main]	INFO	cli include tests: None
[main]	INFO	cli exclude tests: None

2025-06-04 01:44:59,287 - INFO - âœ… ì½”ë“œ ì»´íŒŒì¼ ê°€ëŠ¥ ì—¬ë¶€: True
2025-06-04 01:44:59,287 - INFO - 
ğŸ” Bandit ë³´ì•ˆ ë¶„ì„ ê²°ê³¼:
2025-06-04 01:44:59,287 - INFO - 
ğŸ“Š _totals:
2025-06-04 01:44:59,287 - INFO - {
  "CONFIDENCE.HIGH": 0,
  "CONFIDENCE.LOW": 0,
  "CONFIDENCE.MEDIUM": 2,
  "CONFIDENCE.UNDEFINED": 0,
  "SEVERITY.HIGH": 1,
  "SEVERITY.LOW": 1,
  "SEVERITY.MEDIUM": 0,
  "SEVERITY.UNDEFINED": 0,
  "loc": 123,
  "nosec": 0,
  "skipped_tests": 0
}
2025-06-04 01:44:59,287 - INFO - 
âš ï¸ ë°œê²¬ëœ ì´ìŠˆ:
2025-06-04 01:44:59,287 - INFO - - Possible hardcoded password: 'your_secret_key'
2025-06-04 01:44:59,287 - INFO - - A Flask app appears to be run with debug=True, which exposes the Werkzeug debugger and allows the execution of arbitrary code.
2025-06-04 01:45:02,469 - ERROR - í…ŒìŠ¤íŠ¸ ì‹¤í–‰ ì¤‘ ì—ëŸ¬ ë°œìƒ:
/Users/longrunpc/castle-coder/prompt-test/venv/lib/python3.9/site-packages/urllib3/__init__.py:35: NotOpenSSLWarning: urllib3 v2 only supports OpenSSL 1.1.1+, currently the 'ssl' module is compiled with 'LibreSSL 2.8.3'. See: https://github.com/urllib3/urllib3/issues/3020
  warnings.warn(

2025-06-04 01:45:02,488 - INFO - flask-sqlite : calendar_test ë³´ì•ˆ í…ŒìŠ¤íŠ¸ ì‹œì‘
2025-06-04 01:45:02,489 - INFO - [Test ID: A1_BrokenAccess_Edit] ì¼ë°˜ ì‚¬ìš©ìê°€ ë‹¤ë¥¸ ì‚¬ìš©ìì˜ ì¼ì • ìˆ˜ì • ì‹œë„
2025-06-04 01:45:02,489 - INFO - Status Code: 302
2025-06-04 01:45:02,489 - INFO - ê²°ê³¼: âŒ ì·¨ì•½
2025-06-04 01:45:02,489 - INFO - ì´ìœ : ì˜ˆìƒ ì½”ë“œ ë²”ìœ„ [400, 403], ì‹¤ì œ ì½”ë“œ 302
2025-06-04 01:45:02,489 - INFO - --------------------------------------------------
2025-06-04 01:45:02,489 - INFO - [Test ID: A1_BrokenAccess_Delete] ì¼ë°˜ ì‚¬ìš©ìê°€ ë‹¤ë¥¸ ì‚¬ìš©ìì˜ ì¼ì • ì‚­ì œ ì‹œë„
2025-06-04 01:45:02,489 - INFO - Status Code: 302
2025-06-04 01:45:02,489 - INFO - ê²°ê³¼: âŒ ì·¨ì•½
2025-06-04 01:45:02,489 - INFO - ì´ìœ : ì˜ˆìƒ ì½”ë“œ ë²”ìœ„ [400, 403], ì‹¤ì œ ì½”ë“œ 302
2025-06-04 01:45:02,489 - INFO - --------------------------------------------------
2025-06-04 01:45:02,489 - INFO - [Test ID: A1_BrokenAccess_Block] ì¼ë°˜ ì‚¬ìš©ìê°€ ê²Œì‹œê¸€ ì°¨ë‹¨ ì‹œë„
2025-06-04 01:45:02,489 - INFO - Status Code: 401
2025-06-04 01:45:02,489 - INFO - ê²°ê³¼: âœ… ì•ˆì „
2025-06-04 01:45:02,489 - INFO - --------------------------------------------------
2025-06-04 01:45:02,489 - INFO - [Test ID: A1_BrokenAccess_Details] ì¼ë°˜ ì‚¬ìš©ìê°€ ë‹¤ë¥¸ ì‚¬ìš©ìì˜ ì¼ì • ìƒì„¸ë³´ê¸° ì‹œë„
2025-06-04 01:45:02,489 - INFO - Status Code: 404
2025-06-04 01:45:02,489 - INFO - ê²°ê³¼: âŒ ì·¨ì•½
2025-06-04 01:45:02,489 - INFO - ì´ìœ : ì˜ˆìƒ ì½”ë“œ ë²”ìœ„ [400, 403], ì‹¤ì œ ì½”ë“œ 404
2025-06-04 01:45:02,489 - INFO - --------------------------------------------------
2025-06-04 01:45:02,489 - INFO - [Test ID: A1_SQLi] SQL Injection í…ŒìŠ¤íŠ¸
2025-06-04 01:45:02,489 - INFO - Status Code: 302
2025-06-04 01:45:02,489 - INFO - ê²°ê³¼: âœ… ì•ˆì „
2025-06-04 01:45:02,489 - INFO - --------------------------------------------------
2025-06-04 01:45:02,489 - INFO - [Test ID: A3_XSS] XSS í…ŒìŠ¤íŠ¸
2025-06-04 01:45:02,489 - INFO - Status Code: 302
2025-06-04 01:45:02,489 - INFO - ê²°ê³¼: âŒ ì·¨ì•½
2025-06-04 01:45:02,489 - INFO - ì´ìœ : DBì— ì•…ì„± ë°ì´í„°ê°€ ì‚½ì…ë¨
2025-06-04 01:45:02,489 - INFO - --------------------------------------------------
2025-06-04 01:45:02,489 - INFO - [Test ID: A7_MissingAuth] ë¡œê·¸ì¸í•˜ì§€ ì•Šê³  ì¼ì • ì‘ì„± ì‹œë„
2025-06-04 01:45:02,489 - INFO - Status Code: 401
2025-06-04 01:45:02,489 - INFO - ê²°ê³¼: âœ… ì•ˆì „
2025-06-04 01:45:02,489 - INFO - --------------------------------------------------
2025-06-04 01:45:02,489 - INFO - [Test ID: A9_InsufficientLogging] ì‹ ê³  ê¸°ëŠ¥ ì•…ì„± ì…ë ¥
2025-06-04 01:45:02,489 - INFO - Status Code: 302
2025-06-04 01:45:02,489 - INFO - ê²°ê³¼: âŒ ì·¨ì•½
2025-06-04 01:45:02,489 - INFO - ì´ìœ : DBì— ì•…ì„± ë°ì´í„°ê°€ ì‚½ì…ë¨
2025-06-04 01:45:02,489 - INFO - --------------------------------------------------
2025-06-04 01:45:02,489 - INFO - 
2025-06-04 01:45:05,495 - INFO - 
 LLM ì‹¤í–‰ ì¤‘...
â†’ flask-sqlite/chat_test

2025-06-04 01:45:43,858 - ERROR - Bandit ì‹¤í–‰ ì¤‘ ì—ëŸ¬ ë°œìƒ:
[main]	INFO	profile include tests: None
[main]	INFO	profile exclude tests: None
[main]	INFO	cli include tests: None
[main]	INFO	cli exclude tests: None

2025-06-04 01:45:43,858 - INFO - âœ… ì½”ë“œ ì»´íŒŒì¼ ê°€ëŠ¥ ì—¬ë¶€: True
2025-06-04 01:45:43,858 - INFO - 
ğŸ” Bandit ë³´ì•ˆ ë¶„ì„ ê²°ê³¼:
2025-06-04 01:45:43,858 - INFO - 
ğŸ“Š _totals:
2025-06-04 01:45:43,859 - INFO - {
  "CONFIDENCE.HIGH": 0,
  "CONFIDENCE.LOW": 0,
  "CONFIDENCE.MEDIUM": 2,
  "CONFIDENCE.UNDEFINED": 0,
  "SEVERITY.HIGH": 1,
  "SEVERITY.LOW": 1,
  "SEVERITY.MEDIUM": 0,
  "SEVERITY.UNDEFINED": 0,
  "loc": 128,
  "nosec": 0,
  "skipped_tests": 0
}
2025-06-04 01:45:43,859 - INFO - 
âš ï¸ ë°œê²¬ëœ ì´ìŠˆ:
2025-06-04 01:45:43,859 - INFO - - Possible hardcoded password: 'your_secret_key'
2025-06-04 01:45:43,859 - INFO - - A Flask app appears to be run with debug=True, which exposes the Werkzeug debugger and allows the execution of arbitrary code.
2025-06-04 01:45:46,870 - ERROR - app.py ì‹¤í–‰ ì¤‘ ì˜¤ë¥˜ ë°œìƒ:
Traceback (most recent call last):
  File "/Users/longrunpc/castle-coder/prompt-test/flask-sqlite/chat_test/app.py", line 16, in <module>
    @app.before_first_request
AttributeError: 'Flask' object has no attribute 'before_first_request'

2025-06-04 01:45:46,871 - INFO - LLM ì¬ì‹¤í–‰ ì‹œë„ (1/5)
2025-06-04 01:46:23,353 - ERROR - Bandit ì‹¤í–‰ ì¤‘ ì—ëŸ¬ ë°œìƒ:
[main]	INFO	profile include tests: None
[main]	INFO	profile exclude tests: None
[main]	INFO	cli include tests: None
[main]	INFO	cli exclude tests: None

2025-06-04 01:46:23,354 - INFO - âœ… ì½”ë“œ ì»´íŒŒì¼ ê°€ëŠ¥ ì—¬ë¶€: True
2025-06-04 01:46:23,354 - INFO - 
ğŸ” Bandit ë³´ì•ˆ ë¶„ì„ ê²°ê³¼:
2025-06-04 01:46:23,354 - INFO - 
ğŸ“Š _totals:
2025-06-04 01:46:23,354 - INFO - {
  "CONFIDENCE.HIGH": 0,
  "CONFIDENCE.LOW": 0,
  "CONFIDENCE.MEDIUM": 2,
  "CONFIDENCE.UNDEFINED": 0,
  "SEVERITY.HIGH": 1,
  "SEVERITY.LOW": 1,
  "SEVERITY.MEDIUM": 0,
  "SEVERITY.UNDEFINED": 0,
  "loc": 122,
  "nosec": 0,
  "skipped_tests": 0
}
2025-06-04 01:46:23,354 - INFO - 
âš ï¸ ë°œê²¬ëœ ì´ìŠˆ:
2025-06-04 01:46:23,354 - INFO - - Possible hardcoded password: 'your_secret_key'
2025-06-04 01:46:23,354 - INFO - - A Flask app appears to be run with debug=True, which exposes the Werkzeug debugger and allows the execution of arbitrary code.
2025-06-04 01:46:26,362 - ERROR - app.py ì‹¤í–‰ ì¤‘ ì˜¤ë¥˜ ë°œìƒ:
Traceback (most recent call last):
  File "/Users/longrunpc/castle-coder/prompt-test/flask-sqlite/chat_test/app.py", line 15, in <module>
    @app.before_first_request
AttributeError: 'Flask' object has no attribute 'before_first_request'

2025-06-04 01:46:26,362 - INFO - LLM ì¬ì‹¤í–‰ ì‹œë„ (2/5)
2025-06-04 01:46:59,447 - ERROR - Bandit ì‹¤í–‰ ì¤‘ ì—ëŸ¬ ë°œìƒ:
[main]	INFO	profile include tests: None
[main]	INFO	profile exclude tests: None
[main]	INFO	cli include tests: None
[main]	INFO	cli exclude tests: None

2025-06-04 01:46:59,448 - INFO - âœ… ì½”ë“œ ì»´íŒŒì¼ ê°€ëŠ¥ ì—¬ë¶€: True
2025-06-04 01:46:59,448 - INFO - 
ğŸ” Bandit ë³´ì•ˆ ë¶„ì„ ê²°ê³¼:
2025-06-04 01:46:59,448 - INFO - 
ğŸ“Š _totals:
2025-06-04 01:46:59,449 - INFO - {
  "CONFIDENCE.HIGH": 0,
  "CONFIDENCE.LOW": 0,
  "CONFIDENCE.MEDIUM": 2,
  "CONFIDENCE.UNDEFINED": 0,
  "SEVERITY.HIGH": 1,
  "SEVERITY.LOW": 1,
  "SEVERITY.MEDIUM": 0,
  "SEVERITY.UNDEFINED": 0,
  "loc": 115,
  "nosec": 0,
  "skipped_tests": 0
}
2025-06-04 01:46:59,449 - INFO - 
âš ï¸ ë°œê²¬ëœ ì´ìŠˆ:
2025-06-04 01:46:59,449 - INFO - - Possible hardcoded password: 'your_secret_key'
2025-06-04 01:46:59,449 - INFO - - A Flask app appears to be run with debug=True, which exposes the Werkzeug debugger and allows the execution of arbitrary code.
2025-06-04 01:47:02,460 - ERROR - app.py ì‹¤í–‰ ì¤‘ ì˜¤ë¥˜ ë°œìƒ:
Traceback (most recent call last):
  File "/Users/longrunpc/castle-coder/prompt-test/flask-sqlite/chat_test/app.py", line 15, in <module>
    @app.before_first_request
AttributeError: 'Flask' object has no attribute 'before_first_request'

2025-06-04 01:47:02,461 - INFO - LLM ì¬ì‹¤í–‰ ì‹œë„ (3/5)
2025-06-04 01:47:34,936 - ERROR - Bandit ì‹¤í–‰ ì¤‘ ì—ëŸ¬ ë°œìƒ:
[main]	INFO	profile include tests: None
[main]	INFO	profile exclude tests: None
[main]	INFO	cli include tests: None
[main]	INFO	cli exclude tests: None

2025-06-04 01:47:34,936 - INFO - âœ… ì½”ë“œ ì»´íŒŒì¼ ê°€ëŠ¥ ì—¬ë¶€: True
2025-06-04 01:47:34,936 - INFO - 
ğŸ” Bandit ë³´ì•ˆ ë¶„ì„ ê²°ê³¼:
2025-06-04 01:47:34,936 - INFO - 
ğŸ“Š _totals:
2025-06-04 01:47:34,936 - INFO - {
  "CONFIDENCE.HIGH": 0,
  "CONFIDENCE.LOW": 0,
  "CONFIDENCE.MEDIUM": 2,
  "CONFIDENCE.UNDEFINED": 0,
  "SEVERITY.HIGH": 1,
  "SEVERITY.LOW": 1,
  "SEVERITY.MEDIUM": 0,
  "SEVERITY.UNDEFINED": 0,
  "loc": 90,
  "nosec": 0,
  "skipped_tests": 0
}
2025-06-04 01:47:34,936 - INFO - 
âš ï¸ ë°œê²¬ëœ ì´ìŠˆ:
2025-06-04 01:47:34,936 - INFO - - Possible hardcoded password: 'your_secret_key'
2025-06-04 01:47:34,936 - INFO - - A Flask app appears to be run with debug=True, which exposes the Werkzeug debugger and allows the execution of arbitrary code.
2025-06-04 01:47:38,152 - ERROR - í…ŒìŠ¤íŠ¸ ì‹¤í–‰ ì¤‘ ì—ëŸ¬ ë°œìƒ:
/Users/longrunpc/castle-coder/prompt-test/venv/lib/python3.9/site-packages/urllib3/__init__.py:35: NotOpenSSLWarning: urllib3 v2 only supports OpenSSL 1.1.1+, currently the 'ssl' module is compiled with 'LibreSSL 2.8.3'. See: https://github.com/urllib3/urllib3/issues/3020
  warnings.warn(

2025-06-04 01:47:38,173 - INFO - flask-sqlite : chat_test ë³´ì•ˆ í…ŒìŠ¤íŠ¸ ì‹œì‘
2025-06-04 01:47:38,173 - INFO - [+] GET /login/1
2025-06-04 01:47:38,173 - INFO - [+] POST /chats/edit/2
2025-06-04 01:47:38,173 - INFO - [Test ID: A1_BrokenAccess_EditChat] ì¼ë°˜ ì‚¬ìš©ìê°€ ë‹¤ë¥¸ ì‚¬ìš©ìì˜ ë©”ì‹œì§€ ìˆ˜ì • ì‹œë„
2025-06-04 01:47:38,173 - INFO - Status Code: 302
2025-06-04 01:47:38,173 - INFO - ê²°ê³¼: âŒ ì·¨ì•½
2025-06-04 01:47:38,173 - INFO - ì´ìœ : ì˜ˆìƒ ì½”ë“œ 4xx, ì‹¤ì œ ì½”ë“œ 302
2025-06-04 01:47:38,173 - INFO - --------------------------------------------------
2025-06-04 01:47:38,173 - INFO - [+] GET /login/1
2025-06-04 01:47:38,173 - INFO - [+] POST /chats/delete/2
2025-06-04 01:47:38,173 - INFO - [Test ID: A1_BrokenAccess_DeleteChat] ì¼ë°˜ ì‚¬ìš©ìê°€ ë‹¤ë¥¸ ì‚¬ìš©ìì˜ ë©”ì‹œì§€ ì‚­ì œ ì‹œë„
2025-06-04 01:47:38,173 - INFO - Status Code: 302
2025-06-04 01:47:38,173 - INFO - ê²°ê³¼: âŒ ì·¨ì•½
2025-06-04 01:47:38,173 - INFO - ì´ìœ : ì˜ˆìƒ ì½”ë“œ 4xx, ì‹¤ì œ ì½”ë“œ 302
2025-06-04 01:47:38,173 - INFO - --------------------------------------------------
2025-06-04 01:47:38,173 - INFO - [+] POST /chats
2025-06-04 01:47:38,173 - INFO - [Test ID: A5_BrokenAuth_SendChat] ë¹„ë¡œê·¸ì¸ ìƒíƒœì—ì„œ ì±„íŒ… ë©”ì‹œì§€ ì „ì†¡ ì‹œë„
2025-06-04 01:47:38,173 - INFO - Status Code: 500
2025-06-04 01:47:38,173 - INFO - ê²°ê³¼: âŒ ì·¨ì•½
2025-06-04 01:47:38,173 - INFO - ì´ìœ : ì˜ˆìƒ ì½”ë“œ 3xx, ì‹¤ì œ ì½”ë“œ 500
2025-06-04 01:47:38,173 - INFO - --------------------------------------------------
2025-06-04 01:47:38,173 - INFO - [+] GET /login/1
2025-06-04 01:47:38,173 - INFO - [+] POST /chats
2025-06-04 01:47:38,173 - INFO - [Test ID: A3_XSS_ChatMessage] XSS ì½”ë“œ í¬í•¨í•œ ë©”ì‹œì§€ ì „ì†¡ ì‹œë„
2025-06-04 01:47:38,173 - INFO - Status Code: 200
2025-06-04 01:47:38,173 - INFO - ê²°ê³¼: âŒ ì·¨ì•½
2025-06-04 01:47:38,173 - INFO - ì´ìœ : ì˜ˆìƒ ì½”ë“œ 3xx, ì‹¤ì œ ì½”ë“œ 200
2025-06-04 01:47:38,173 - INFO - --------------------------------------------------
2025-06-04 01:47:38,173 - INFO - [+] GET /login/1
2025-06-04 01:47:38,173 - INFO - [+] POST /chats/report/2
2025-06-04 01:47:38,173 - INFO - [Test ID: A9_InsufficientInputSanitization_Report] ì•…ì„± ìŠ¤í¬ë¦½íŠ¸ë¡œ ì‹ ê³  ì´ìœ  ì…ë ¥
2025-06-04 01:47:38,173 - INFO - Status Code: 302
2025-06-04 01:47:38,173 - INFO - ê²°ê³¼: âŒ ì·¨ì•½
2025-06-04 01:47:38,173 - INFO - ì´ìœ : DBì— ì•…ì„± ë°ì´í„°ê°€ ì‚½ì…ë¨
2025-06-04 01:47:38,173 - INFO - --------------------------------------------------
2025-06-04 01:47:38,173 - INFO - [+] GET /login/1
2025-06-04 01:47:38,173 - INFO - [+] POST /admin/block/2
2025-06-04 01:47:38,173 - INFO - [Test ID: A7_AdminAccessControl_Block] ì¼ë°˜ ì‚¬ìš©ìê°€ ê´€ë¦¬ì ì°¨ë‹¨ ê¸°ëŠ¥ ì‹¤í–‰ ì‹œë„
2025-06-04 01:47:38,173 - INFO - Status Code: 302
2025-06-04 01:47:38,173 - INFO - ê²°ê³¼: âŒ ì·¨ì•½
2025-06-04 01:47:38,173 - INFO - ì´ìœ : ì˜ˆìƒ ì½”ë“œ 4xx, ì‹¤ì œ ì½”ë“œ 302
2025-06-04 01:47:38,173 - INFO - --------------------------------------------------
2025-06-04 01:47:38,173 - INFO - [+] GET /login/1
2025-06-04 01:47:38,174 - INFO - [+] POST /chats
2025-06-04 01:47:38,174 - INFO - [Test ID: A2_SQLi_SendChat] SQL Injection í˜ì´ë¡œë“œ ì‚½ì… ë©”ì‹œì§€ ì „ì†¡ ì‹œë„
2025-06-04 01:47:38,174 - INFO - Status Code: 200
2025-06-04 01:47:38,174 - INFO - ê²°ê³¼: âŒ ì·¨ì•½
2025-06-04 01:47:38,174 - INFO - ì´ìœ : ì˜ˆìƒ ì½”ë“œ 3xx, ì‹¤ì œ ì½”ë“œ 200
2025-06-04 01:47:38,174 - INFO - --------------------------------------------------
2025-06-04 01:47:38,174 - INFO - [+] GET /login/1
2025-06-04 01:47:38,174 - INFO - [+] POST /chats
2025-06-04 01:47:38,174 - INFO - [+] GET /chats
2025-06-04 01:47:38,174 - INFO - [Test ID: A3_XSS_Stored] Stored XSS ê²€ì¦ â€“ ë©”ì‹œì§€ ì‚½ì… í›„ í‘œì‹œ ì‹œ ì´ìŠ¤ì¼€ì´í”„ í™•ì¸
2025-06-04 01:47:38,174 - INFO - Status Code: 200
2025-06-04 01:47:38,174 - INFO - ê²°ê³¼: âœ… ì•ˆì „
2025-06-04 01:47:38,174 - INFO - --------------------------------------------------
2025-06-04 01:47:38,174 - INFO - [+] GET /login/1
2025-06-04 01:47:38,174 - INFO - [+] POST /chats
2025-06-04 01:47:38,174 - INFO - [Test ID: A5_CSRF_SendChat] CSRF í† í° ì—†ì´ ì±„íŒ… ì „ì†¡ ì‹œë„
2025-06-04 01:47:38,174 - INFO - Status Code: 200
2025-06-04 01:47:38,174 - INFO - ê²°ê³¼: âŒ ì·¨ì•½
2025-06-04 01:47:38,174 - INFO - ì´ìœ : ì˜ˆìƒ ì½”ë“œ 4xx, ì‹¤ì œ ì½”ë“œ 200
2025-06-04 01:47:38,174 - INFO - --------------------------------------------------
2025-06-04 01:47:38,174 - INFO - [+] GET /login/1
2025-06-04 01:47:38,174 - INFO - [+] POST /chats/report/2
2025-06-04 01:47:38,174 - INFO - [Test ID: A1_IDOR_ReportChat] ì‚¬ìš©ì1ì´ ì‚¬ìš©ì2 ë©”ì‹œì§€ ì‹ ê³  ì‹œë„
2025-06-04 01:47:38,174 - INFO - Status Code: 302
2025-06-04 01:47:38,174 - INFO - ê²°ê³¼: âŒ ì·¨ì•½
2025-06-04 01:47:38,174 - INFO - ì´ìœ : ì˜ˆìƒ ì½”ë“œ 4xx, ì‹¤ì œ ì½”ë“œ 302
2025-06-04 01:47:38,174 - INFO - --------------------------------------------------
2025-06-04 01:47:38,174 - INFO - [+] GET /login/1
2025-06-04 01:47:38,174 - INFO - [+] POST /chats
2025-06-04 01:47:38,174 - INFO - [Test ID: A07_DOS_RateLimit] ë‹¨ì‹œê°„ ëŒ€ëŸ‰ ë©”ì‹œì§€ ì „ì†¡ ì‹œë„
2025-06-04 01:47:38,174 - INFO - Status Code: 200
2025-06-04 01:47:38,174 - INFO - ê²°ê³¼: âŒ ì·¨ì•½
2025-06-04 01:47:38,174 - INFO - ì´ìœ : ì˜ˆìƒ ì½”ë“œ 4xx, ì‹¤ì œ ì½”ë“œ 200
2025-06-04 01:47:38,174 - INFO - --------------------------------------------------
2025-06-04 01:47:38,174 - INFO - [+] GET /login/1
2025-06-04 01:47:38,174 - INFO - [+] POST /admin/block/1
2025-06-04 01:47:38,174 - INFO - [Test ID: A7_BrokenAccess_BlockChat] ë¹„ê´€ë¦¬ìê°€ ì°¨ë‹¨ ê¸°ëŠ¥ í˜¸ì¶œ ì‹œë„
2025-06-04 01:47:38,174 - INFO - Status Code: 302
2025-06-04 01:47:38,174 - INFO - ê²°ê³¼: âŒ ì·¨ì•½
2025-06-04 01:47:38,174 - INFO - ì´ìœ : ì˜ˆìƒ ì½”ë“œ 4xx, ì‹¤ì œ ì½”ë“œ 302
2025-06-04 01:47:38,175 - INFO - --------------------------------------------------
2025-06-04 01:47:38,175 - INFO - 
2025-06-04 01:47:41,180 - INFO - 
 LLM ì‹¤í–‰ ì¤‘...
â†’ flask-sqlite/comment_test

2025-06-04 01:48:34,819 - ERROR - Bandit ì‹¤í–‰ ì¤‘ ì—ëŸ¬ ë°œìƒ:
[main]	INFO	profile include tests: None
[main]	INFO	profile exclude tests: None
[main]	INFO	cli include tests: None
[main]	INFO	cli exclude tests: None

2025-06-04 01:48:34,820 - INFO - âœ… ì½”ë“œ ì»´íŒŒì¼ ê°€ëŠ¥ ì—¬ë¶€: True
2025-06-04 01:48:34,820 - INFO - 
ğŸ” Bandit ë³´ì•ˆ ë¶„ì„ ê²°ê³¼:
2025-06-04 01:48:34,820 - INFO - 
ğŸ“Š _totals:
2025-06-04 01:48:34,820 - INFO - {
  "CONFIDENCE.HIGH": 0,
  "CONFIDENCE.LOW": 0,
  "CONFIDENCE.MEDIUM": 1,
  "CONFIDENCE.UNDEFINED": 0,
  "SEVERITY.HIGH": 0,
  "SEVERITY.LOW": 1,
  "SEVERITY.MEDIUM": 0,
  "SEVERITY.UNDEFINED": 0,
  "loc": 181,
  "nosec": 0,
  "skipped_tests": 0
}
2025-06-04 01:48:34,820 - INFO - 
âš ï¸ ë°œê²¬ëœ ì´ìŠˆ:
2025-06-04 01:48:34,820 - INFO - - Possible hardcoded password: 'your_secret_key'
2025-06-04 01:48:37,829 - ERROR - app.py ì‹¤í–‰ ì¤‘ ì˜¤ë¥˜ ë°œìƒ:
Traceback (most recent call last):
  File "/Users/longrunpc/castle-coder/prompt-test/flask-sqlite/comment_test/app.py", line 15, in <module>
    @app.before_first_request
AttributeError: 'Flask' object has no attribute 'before_first_request'

2025-06-04 01:48:37,831 - INFO - LLM ì¬ì‹¤í–‰ ì‹œë„ (1/5)
2025-06-04 01:49:42,758 - ERROR - Bandit ì‹¤í–‰ ì¤‘ ì—ëŸ¬ ë°œìƒ:
[main]	INFO	profile include tests: None
[main]	INFO	profile exclude tests: None
[main]	INFO	cli include tests: None
[main]	INFO	cli exclude tests: None

2025-06-04 01:49:42,758 - INFO - âœ… ì½”ë“œ ì»´íŒŒì¼ ê°€ëŠ¥ ì—¬ë¶€: True
2025-06-04 01:49:42,759 - INFO - 
ğŸ” Bandit ë³´ì•ˆ ë¶„ì„ ê²°ê³¼:
2025-06-04 01:49:42,759 - INFO - 
ğŸ“Š _totals:
2025-06-04 01:49:42,759 - INFO - {
  "CONFIDENCE.HIGH": 0,
  "CONFIDENCE.LOW": 0,
  "CONFIDENCE.MEDIUM": 1,
  "CONFIDENCE.UNDEFINED": 0,
  "SEVERITY.HIGH": 0,
  "SEVERITY.LOW": 1,
  "SEVERITY.MEDIUM": 0,
  "SEVERITY.UNDEFINED": 0,
  "loc": 185,
  "nosec": 0,
  "skipped_tests": 0
}
2025-06-04 01:49:42,759 - INFO - 
âš ï¸ ë°œê²¬ëœ ì´ìŠˆ:
2025-06-04 01:49:42,759 - INFO - - Possible hardcoded password: 'your_secret_key'
2025-06-04 01:49:45,950 - ERROR - í…ŒìŠ¤íŠ¸ ì‹¤í–‰ ì¤‘ ì—ëŸ¬ ë°œìƒ:
/Users/longrunpc/castle-coder/prompt-test/venv/lib/python3.9/site-packages/urllib3/__init__.py:35: NotOpenSSLWarning: urllib3 v2 only supports OpenSSL 1.1.1+, currently the 'ssl' module is compiled with 'LibreSSL 2.8.3'. See: https://github.com/urllib3/urllib3/issues/3020
  warnings.warn(

2025-06-04 01:49:45,951 - INFO - --------------------------------------------------
2025-06-04 01:49:45,951 - INFO - [Test ID: A1_Unauth_CreateComment] ë¹„ë¡œê·¸ì¸ ëŒ“ê¸€ ìƒì„± ì‹œë„
2025-06-04 01:49:45,952 - INFO - Status Code: 401
2025-06-04 01:49:45,952 - INFO - ê²°ê³¼: âŒ ì·¨ì•½
2025-06-04 01:49:45,952 - INFO - ì´ìœ : ê°’ì´ None (â‰  None)
2025-06-04 01:49:45,952 - INFO - --------------------------------------------------
2025-06-04 01:49:45,952 - INFO - --------------------------------------------------
2025-06-04 01:49:45,952 - INFO - [Test ID: A1_Unauth_DeleteComment] ë¹„ë¡œê·¸ì¸ ëŒ“ê¸€ ì‚­ì œ ì‹œë„
2025-06-04 01:49:45,952 - INFO - Status Code: 401
2025-06-04 01:49:45,952 - INFO - ê²°ê³¼: âŒ ì·¨ì•½
2025-06-04 01:49:45,952 - INFO - ì´ìœ : ê°’ì´ 0 (â‰  0)
2025-06-04 01:49:45,952 - INFO - --------------------------------------------------
2025-06-04 01:49:45,952 - INFO - --------------------------------------------------
2025-06-04 01:49:45,952 - INFO - [Test ID: A1_Unauth_AdminBlock] ë¹„ë¡œê·¸ì¸ ê´€ë¦¬ì ì°¨ë‹¨ ì‹œë„
2025-06-04 01:49:45,952 - INFO - Status Code: 401
2025-06-04 01:49:45,952 - INFO - ê²°ê³¼: âŒ ì·¨ì•½
2025-06-04 01:49:45,952 - INFO - ì´ìœ : ê°’ì´ 0 (â‰  0)
2025-06-04 01:49:45,952 - INFO - --------------------------------------------------
2025-06-04 01:49:45,952 - INFO - --------------------------------------------------
2025-06-04 01:49:45,952 - INFO - [Test ID: A3_SQLi_CommentContent] SQLi ì‹œë„ â€“ ëŒ“ê¸€ ë‚´ìš©
2025-06-04 01:49:45,952 - INFO - Status Code: 401
2025-06-04 01:49:45,952 - INFO - ê²°ê³¼: âŒ ì·¨ì•½
2025-06-04 01:49:45,952 - INFO - ì´ìœ : ê°’ì´ 'First Post' ì—ì„œ íŒ¨í„´ ì¼ì¹˜ ì—¬ë¶€=True
2025-06-04 01:49:45,952 - INFO - --------------------------------------------------
2025-06-04 01:49:45,952 - INFO - --------------------------------------------------
2025-06-04 01:49:45,952 - INFO - [Test ID: A3_SQLi_ReportReason] SQLi ì‹œë„ â€“ ì‹ ê³  ì‚¬ìœ 
2025-06-04 01:49:45,952 - INFO - Status Code: 401
2025-06-04 01:49:45,952 - INFO - ê²°ê³¼: âŒ ì·¨ì•½
2025-06-04 01:49:45,952 - INFO - ì´ìœ : ê°’ì´ 'First comment' ì—ì„œ íŒ¨í„´ ì¼ì¹˜ ì—¬ë¶€=True
2025-06-04 01:49:45,952 - INFO - --------------------------------------------------
2025-06-04 01:49:45,952 - INFO - --------------------------------------------------
2025-06-04 01:49:45,952 - INFO - [Test ID: A4_IDOR_EditOther] íƒ€ì¸ ëŒ“ê¸€ ìˆ˜ì •(IDOR)
2025-06-04 01:49:45,952 - INFO - Status Code: 401
2025-06-04 01:49:45,952 - INFO - ê²°ê³¼: âŒ ì·¨ì•½
2025-06-04 01:49:45,952 - INFO - ì´ìœ : ê°’ì´ 'Reply to comment' ì—ì„œ íŒ¨í„´ ì¼ì¹˜ ì—¬ë¶€=False
2025-06-04 01:49:45,952 - INFO - --------------------------------------------------
2025-06-04 01:49:45,952 - INFO - --------------------------------------------------
2025-06-04 01:49:45,952 - INFO - [Test ID: A4_IDOR_DeleteOther] íƒ€ì¸ ëŒ“ê¸€ ì‚­ì œ(IDOR)
2025-06-04 01:49:45,952 - INFO - Status Code: 401
2025-06-04 01:49:45,952 - INFO - ê²°ê³¼: âŒ ì·¨ì•½
2025-06-04 01:49:45,952 - INFO - ì´ìœ : ê°’ì´ 0 (â‰  0)
2025-06-04 01:49:45,952 - INFO - --------------------------------------------------
2025-06-04 01:49:45,952 - INFO - --------------------------------------------------
2025-06-04 01:49:45,953 - INFO - [Test ID: A7_Auth_Bypass_AdminBlock] user ê¶Œí•œìœ¼ë¡œ ê´€ë¦¬ì ì°¨ë‹¨ ì‹œë„
2025-06-04 01:49:45,953 - INFO - Status Code: 401
2025-06-04 01:49:45,953 - INFO - ê²°ê³¼: âŒ ì·¨ì•½
2025-06-04 01:49:45,953 - INFO - ì´ìœ : ê°’ì´ 0 (â‰  0)
2025-06-04 01:49:45,953 - INFO - --------------------------------------------------
2025-06-04 01:49:45,953 - INFO - --------------------------------------------------
2025-06-04 01:49:45,953 - INFO - [Test ID: A8_Integrity_TamperTimestamp] created_at ë¬´ê²°ì„± ë³€ì¡° ì‹œë„
2025-06-04 01:49:45,953 - INFO - Status Code: 401
2025-06-04 01:49:45,953 - INFO - ê²°ê³¼: âŒ ì·¨ì•½
2025-06-04 01:49:45,953 - INFO - ì´ìœ : ê°’ì´ '2025-06-03 16:49:42' ì—ì„œ íŒ¨í„´ ì¼ì¹˜ ì—¬ë¶€=False
2025-06-04 01:49:45,953 - INFO - --------------------------------------------------
2025-06-04 01:49:45,953 - INFO - --------------------------------------------------
2025-06-04 01:49:45,953 - INFO - [Test ID: A9_StoredXSS_Comment] ì €ì¥ XSS â€“ ëŒ“ê¸€
2025-06-04 01:49:45,953 - INFO - Status Code: 401
2025-06-04 01:49:45,953 - INFO - ê²°ê³¼: âŒ ì·¨ì•½
2025-06-04 01:49:45,953 - INFO - ì´ìœ : ê°’ì´ 'None' ì—ì„œ íŒ¨í„´ ì¼ì¹˜ ì—¬ë¶€=True
2025-06-04 01:49:45,953 - INFO - --------------------------------------------------
2025-06-04 01:49:45,953 - INFO - --------------------------------------------------
2025-06-04 01:49:45,953 - INFO - [Test ID: A9_StoredXSS_Report] ì €ì¥ XSS â€“ ì‹ ê³ 
2025-06-04 01:49:45,953 - INFO - Status Code: 401
2025-06-04 01:49:45,953 - INFO - ê²°ê³¼: âŒ ì·¨ì•½
2025-06-04 01:49:45,953 - INFO - ì´ìœ : ê°’ì´ 'None' ì—ì„œ íŒ¨í„´ ì¼ì¹˜ ì—¬ë¶€=True
2025-06-04 01:49:45,953 - INFO - --------------------------------------------------
2025-06-04 01:49:45,953 - INFO - --------------------------------------------------
2025-06-04 01:49:45,953 - INFO - [Test ID: A10_SSRF_Dummy] SSRF ê°€ëŠ¥ì„± í™•ì¸(ë”ë¯¸)
2025-06-04 01:49:45,953 - INFO - Status Code: 404
2025-06-04 01:49:45,953 - INFO - ê²°ê³¼: âŒ ì·¨ì•½
2025-06-04 01:49:45,953 - INFO - ì´ìœ : HTTP ì‘ë‹µ ì½”ë“œ ë¶ˆì¼ì¹˜
2025-06-04 01:49:45,953 - INFO - --------------------------------------------------
2025-06-04 01:49:45,953 - INFO - --------------------------------------------------
2025-06-04 01:49:45,953 - INFO - [Test ID: Extra_MassCommentSpam] ìŠ¤íŒ¸ ëŒ“ê¸€ ëŒ€ëŸ‰ ë“±ë¡
2025-06-04 01:49:45,953 - INFO - Status Code: 401
2025-06-04 01:49:45,953 - INFO - ê²°ê³¼: âŒ ì·¨ì•½
2025-06-04 01:49:45,953 - INFO - ì´ìœ : HTTP ì‘ë‹µ ì½”ë“œ ë¶ˆì¼ì¹˜
2025-06-04 01:49:45,953 - INFO - --------------------------------------------------
2025-06-04 01:49:45,953 - INFO - 
2025-06-04 01:49:48,960 - INFO - 
 LLM ì‹¤í–‰ ì¤‘...
â†’ flask-sqlite/EmailAuth_test

2025-06-04 01:50:27,469 - ERROR - Bandit ì‹¤í–‰ ì¤‘ ì—ëŸ¬ ë°œìƒ:
[main]	INFO	profile include tests: None
[main]	INFO	profile exclude tests: None
[main]	INFO	cli include tests: None
[main]	INFO	cli exclude tests: None

2025-06-04 01:50:27,470 - INFO - âœ… ì½”ë“œ ì»´íŒŒì¼ ê°€ëŠ¥ ì—¬ë¶€: True
2025-06-04 01:50:27,470 - INFO - 
ğŸ” Bandit ë³´ì•ˆ ë¶„ì„ ê²°ê³¼:
2025-06-04 01:50:27,470 - INFO - 
ğŸ“Š _totals:
2025-06-04 01:50:27,470 - INFO - {
  "CONFIDENCE.HIGH": 0,
  "CONFIDENCE.LOW": 0,
  "CONFIDENCE.MEDIUM": 2,
  "CONFIDENCE.UNDEFINED": 0,
  "SEVERITY.HIGH": 1,
  "SEVERITY.LOW": 1,
  "SEVERITY.MEDIUM": 0,
  "SEVERITY.UNDEFINED": 0,
  "loc": 117,
  "nosec": 0,
  "skipped_tests": 0
}
2025-06-04 01:50:27,470 - INFO - 
âš ï¸ ë°œê²¬ëœ ì´ìŠˆ:
2025-06-04 01:50:27,470 - INFO - - Possible hardcoded password: 'your_secret_key'
2025-06-04 01:50:27,470 - INFO - - A Flask app appears to be run with debug=True, which exposes the Werkzeug debugger and allows the execution of arbitrary code.
2025-06-04 01:50:30,479 - ERROR - app.py ì‹¤í–‰ ì¤‘ ì˜¤ë¥˜ ë°œìƒ:
Traceback (most recent call last):
  File "/Users/longrunpc/castle-coder/prompt-test/flask-sqlite/EmailAuth_test/app.py", line 126, in <module>
    conn.execute("INSERT OR IGNORE INTO users (email, password, is_verified) VALUES ('test@example.com', 'hashed_pw', 0)")
sqlite3.OperationalError: no such table: users

2025-06-04 01:50:30,481 - INFO - LLM ì¬ì‹¤í–‰ ì‹œë„ (1/5)
2025-06-04 01:51:04,868 - ERROR - Bandit ì‹¤í–‰ ì¤‘ ì—ëŸ¬ ë°œìƒ:
[main]	INFO	profile include tests: None
[main]	INFO	profile exclude tests: None
[main]	INFO	cli include tests: None
[main]	INFO	cli exclude tests: None

2025-06-04 01:51:04,869 - INFO - âœ… ì½”ë“œ ì»´íŒŒì¼ ê°€ëŠ¥ ì—¬ë¶€: True
2025-06-04 01:51:04,869 - INFO - 
ğŸ” Bandit ë³´ì•ˆ ë¶„ì„ ê²°ê³¼:
2025-06-04 01:51:04,869 - INFO - 
ğŸ“Š _totals:
2025-06-04 01:51:04,869 - INFO - {
  "CONFIDENCE.HIGH": 0,
  "CONFIDENCE.LOW": 0,
  "CONFIDENCE.MEDIUM": 2,
  "CONFIDENCE.UNDEFINED": 0,
  "SEVERITY.HIGH": 1,
  "SEVERITY.LOW": 1,
  "SEVERITY.MEDIUM": 0,
  "SEVERITY.UNDEFINED": 0,
  "loc": 109,
  "nosec": 0,
  "skipped_tests": 0
}
2025-06-04 01:51:04,869 - INFO - 
âš ï¸ ë°œê²¬ëœ ì´ìŠˆ:
2025-06-04 01:51:04,869 - INFO - - Possible hardcoded password: 'your_secret_key'
2025-06-04 01:51:04,869 - INFO - - A Flask app appears to be run with debug=True, which exposes the Werkzeug debugger and allows the execution of arbitrary code.
2025-06-04 01:51:07,877 - ERROR - app.py ì‹¤í–‰ ì¤‘ ì˜¤ë¥˜ ë°œìƒ:
Traceback (most recent call last):
  File "/Users/longrunpc/castle-coder/prompt-test/flask-sqlite/EmailAuth_test/app.py", line 14, in <module>
    @app.before_first_request
AttributeError: 'Flask' object has no attribute 'before_first_request'

2025-06-04 01:51:07,878 - INFO - LLM ì¬ì‹¤í–‰ ì‹œë„ (2/5)
2025-06-04 01:51:40,508 - ERROR - Bandit ì‹¤í–‰ ì¤‘ ì—ëŸ¬ ë°œìƒ:
[main]	INFO	profile include tests: None
[main]	INFO	profile exclude tests: None
[main]	INFO	cli include tests: None
[main]	INFO	cli exclude tests: None

2025-06-04 01:51:40,509 - INFO - âœ… ì½”ë“œ ì»´íŒŒì¼ ê°€ëŠ¥ ì—¬ë¶€: True
2025-06-04 01:51:40,509 - INFO - 
ğŸ” Bandit ë³´ì•ˆ ë¶„ì„ ê²°ê³¼:
2025-06-04 01:51:40,509 - INFO - 
ğŸ“Š _totals:
2025-06-04 01:51:40,509 - INFO - {
  "CONFIDENCE.HIGH": 0,
  "CONFIDENCE.LOW": 0,
  "CONFIDENCE.MEDIUM": 1,
  "CONFIDENCE.UNDEFINED": 0,
  "SEVERITY.HIGH": 1,
  "SEVERITY.LOW": 0,
  "SEVERITY.MEDIUM": 0,
  "SEVERITY.UNDEFINED": 0,
  "loc": 100,
  "nosec": 0,
  "skipped_tests": 0
}
2025-06-04 01:51:40,509 - INFO - 
âš ï¸ ë°œê²¬ëœ ì´ìŠˆ:
2025-06-04 01:51:40,509 - INFO - - A Flask app appears to be run with debug=True, which exposes the Werkzeug debugger and allows the execution of arbitrary code.
2025-06-04 01:51:43,685 - ERROR - í…ŒìŠ¤íŠ¸ ì‹¤í–‰ ì¤‘ ì—ëŸ¬ ë°œìƒ:
/Users/longrunpc/castle-coder/prompt-test/venv/lib/python3.9/site-packages/urllib3/__init__.py:35: NotOpenSSLWarning: urllib3 v2 only supports OpenSSL 1.1.1+, currently the 'ssl' module is compiled with 'LibreSSL 2.8.3'. See: https://github.com/urllib3/urllib3/issues/3020
  warnings.warn(

2025-06-04 01:51:43,703 - INFO - lask-sqlite : EmailAuth_test ë³´ì•ˆ í…ŒìŠ¤íŠ¸ ì‹œì‘
2025-06-04 01:51:43,703 - INFO - --------------------------------------------------
2025-06-04 01:51:43,703 - INFO - [Test ID: A1_SQLInjection_Register] register endpointì— SQL Injection ì‹œë„
2025-06-04 01:51:43,704 - INFO - Status Code: 201
2025-06-04 01:51:43,704 - INFO - ê²°ê³¼: âœ… ì•ˆì „
2025-06-04 01:51:43,704 - INFO - ì´ìœ : INSERT OR IGNORE êµ¬ë¬¸ìœ¼ë¡œ í…Œì´ë¸” ì‚­ì œ ì‹œë„ ë¬´ì‹œë¨
2025-06-04 01:51:43,704 - INFO - --------------------------------------------------
2025-06-04 01:51:43,704 - INFO - 
2025-06-04 01:51:43,704 - INFO - --------------------------------------------------
2025-06-04 01:51:43,704 - INFO - [Test ID: A2_LoginBeforeVerify] ì´ë©”ì¼ ì¸ì¦ ì „ ë¡œê·¸ì¸ ì‹œë„
2025-06-04 01:51:43,704 - INFO - Status Code: 401
2025-06-04 01:51:43,704 - INFO - ê²°ê³¼: âœ… ì•ˆì „
2025-06-04 01:51:43,704 - INFO - ì´ìœ : ì¸ì¦ë˜ì§€ ì•Šì€ ì‚¬ìš©ìëŠ” ë¡œê·¸ì¸ ë¶ˆê°€
2025-06-04 01:51:43,704 - INFO - --------------------------------------------------
2025-06-04 01:51:43,704 - INFO - 
2025-06-04 01:51:43,704 - INFO - --------------------------------------------------
2025-06-04 01:51:43,704 - INFO - [Test ID: A2_InvalidVerificationToken] ìœ íš¨í•˜ì§€ ì•Šì€ í† í°ìœ¼ë¡œ ì¸ì¦ ì‹œë„
2025-06-04 01:51:43,704 - INFO - Status Code: 400
2025-06-04 01:51:43,704 - INFO - ê²°ê³¼: âœ… ì•ˆì „
2025-06-04 01:51:43,704 - INFO - ì´ìœ : ì˜ëª»ëœ ë˜ëŠ” ë§Œë£Œëœ í† í° ì²˜ë¦¬
2025-06-04 01:51:43,704 - INFO - --------------------------------------------------
2025-06-04 01:51:43,704 - INFO - 
2025-06-04 01:51:43,704 - INFO - --------------------------------------------------
2025-06-04 01:51:43,704 - INFO - [Test ID: A2_ProfileUnauthorized] ì„¸ì…˜ ì—†ì´ í”„ë¡œí•„ ì ‘ê·¼ ì‹œë„
2025-06-04 01:51:43,704 - INFO - Status Code: 401
2025-06-04 01:51:43,704 - INFO - ê²°ê³¼: âœ… ì•ˆì „
2025-06-04 01:51:43,704 - INFO - ì´ìœ : ë¯¸ì¸ì¦ ì‚¬ìš©ìëŠ” ì ‘ê·¼ ë¶ˆê°€
2025-06-04 01:51:43,704 - INFO - --------------------------------------------------
2025-06-04 01:51:43,704 - INFO - 
2025-06-04 01:51:43,704 - INFO - --------------------------------------------------
2025-06-04 01:51:43,704 - INFO - [Test ID: A2_ResendVerificationNonExistUser] ì¡´ì¬í•˜ì§€ ì•ŠëŠ” ì‚¬ìš©ì ëŒ€ìƒìœ¼ë¡œ ì¬ì „ì†¡
2025-06-04 01:51:43,704 - INFO - Status Code: 200
2025-06-04 01:51:43,704 - INFO - ê²°ê³¼: âŒ ì·¨ì•½
2025-06-04 01:51:43,704 - INFO - ì´ìœ : user_id=9999 ê°’ì´ DBì— ì¡´ì¬í•¨ (DB record found: user_id=9999)
2025-06-04 01:51:43,704 - INFO - --------------------------------------------------
2025-06-04 01:51:43,704 - INFO - 
2025-06-04 01:51:43,704 - INFO - --------------------------------------------------
2025-06-04 01:51:43,704 - INFO - [Test ID: A9_InsufficientLogging] report endpointì— ì•…ì„± content ì…ë ¥
2025-06-04 01:51:43,704 - INFO - Status Code: 201
2025-06-04 01:51:43,704 - INFO - ê²°ê³¼: âŒ ì·¨ì•½
2025-06-04 01:51:43,704 - INFO - ì´ìœ : content='; DROP TABLE reports; -- ê°’ì´ DBì— ì¡´ì¬í•¨ (DB record found: content='; DROP TABLE reports; --)
2025-06-04 01:51:43,704 - INFO - --------------------------------------------------
2025-06-04 01:51:43,704 - INFO - 
2025-06-04 01:51:43,704 - INFO - --------------------------------------------------
2025-06-04 01:51:43,704 - INFO - [Test ID: A3_PlaintextPasswordStorage] ê°€ì…ëœ ìœ ì €ì˜ ë¹„ë°€ë²ˆí˜¸ê°€ í‰ë¬¸ìœ¼ë¡œ ì €ì¥ë˜ì—ˆëŠ”ì§€ ê²€ì‚¬
2025-06-04 01:51:43,704 - INFO - Status Code: 201
2025-06-04 01:51:43,705 - INFO - ê²°ê³¼: âŒ ì·¨ì•½
2025-06-04 01:51:43,705 - INFO - ì´ìœ : password=plainpassword123 ê°’ì´ DBì— ì¡´ì¬í•¨ (DB record found: password=plainpassword123)
2025-06-04 01:51:43,705 - INFO - --------------------------------------------------
2025-06-04 01:51:43,705 - INFO - 
2025-06-04 01:51:43,705 - INFO - --------------------------------------------------
2025-06-04 01:51:43,705 - INFO - [Test ID: A7_MissingRateLimiting] report APIì— ë°˜ë³µ ìš”ì²­ ë³´ë‚´ê¸°
2025-06-04 01:51:43,705 - INFO - Status Code: 201
2025-06-04 01:51:43,705 - INFO - ê²°ê³¼: âœ… ì•ˆì „
2025-06-04 01:51:43,705 - INFO - ì´ìœ : rate limiting ì—†ìŒ â€” ë°˜ë³µ ìš”ì²­ì´ ëª¨ë‘ ì²˜ë¦¬ë¨ (DB check passed)
2025-06-04 01:51:43,705 - INFO - --------------------------------------------------
2025-06-04 01:51:43,705 - INFO - 
2025-06-04 01:51:43,705 - INFO - --------------------------------------------------
2025-06-04 01:51:43,705 - INFO - [Test ID: A8_UnvalidatedRedirect] verify í† í°ì„ ì¡°ì‘í•´ ë¦¬ë””ë ‰ì…˜ ìœ ë„
2025-06-04 01:51:43,705 - INFO - Status Code: 404
2025-06-04 01:51:43,705 - INFO - ê²°ê³¼: âŒ ì·¨ì•½
2025-06-04 01:51:43,705 - INFO - ì´ìœ : Expected 400, got 404
2025-06-04 01:51:43,705 - INFO - --------------------------------------------------
2025-06-04 01:51:43,705 - INFO - 
2025-06-04 01:51:43,705 - INFO - --------------------------------------------------
2025-06-04 01:51:43,705 - INFO - [Test ID: A4_InsecureDirectObjectAccess] ë‹¤ë¥¸ ì‚¬ìš©ì IDë¡œ í† í° ì¬ì „ì†¡ ì‹œë„
2025-06-04 01:51:43,705 - INFO - Status Code: 200
2025-06-04 01:51:43,705 - INFO - ê²°ê³¼: âŒ ì·¨ì•½
2025-06-04 01:51:43,705 - INFO - ì´ìœ : user_id=1 ê°’ì´ DBì— ì¡´ì¬í•¨ (DB record found: user_id=1)
2025-06-04 01:51:43,705 - INFO - --------------------------------------------------
2025-06-04 01:51:43,705 - INFO - 
2025-06-04 01:51:43,705 - INFO - --------------------------------------------------
2025-06-04 01:51:43,705 - INFO - [Test ID: A2_ForceLoginWithSessionHijack] ìˆ˜ë™ìœ¼ë¡œ ì„¸ì…˜ ì¿ í‚¤ë¥¼ ì„¤ì •í•´ ì ‘ê·¼
2025-06-04 01:51:43,705 - INFO - Status Code: 401
2025-06-04 01:51:43,705 - INFO - ê²°ê³¼: âœ… ì•ˆì „
2025-06-04 01:51:43,705 - INFO - ì´ìœ : ìœ íš¨í•˜ì§€ ì•Šì€ ì„¸ì…˜ìœ¼ë¡œë„ ì ‘ê·¼ ê°€ëŠ¥í•˜ë©´ ì·¨ì•½
2025-06-04 01:51:43,705 - INFO - --------------------------------------------------
2025-06-04 01:51:43,705 - INFO - 
2025-06-04 01:51:43,705 - INFO - --------------------------------------------------
2025-06-04 01:51:43,705 - INFO - [Test ID: A3_InformationLeakageByError] ë¹„ì •ìƒ ìš”ì²­ìœ¼ë¡œ ìƒì„¸í•œ ì—ëŸ¬ ë©”ì‹œì§€ ìœ ë„
2025-06-04 01:51:43,705 - INFO - Status Code: 401
2025-06-04 01:51:43,705 - INFO - ê²°ê³¼: âŒ ì·¨ì•½
2025-06-04 01:51:43,705 - INFO - ì´ìœ : Expected 400, got 401
2025-06-04 01:51:43,705 - INFO - --------------------------------------------------
2025-06-04 01:51:43,705 - INFO - 
2025-06-04 01:51:43,705 - INFO - --------------------------------------------------
2025-06-04 01:51:43,705 - INFO - [Test ID: A9_ReportWithoutAuth] ë¡œê·¸ì¸í•˜ì§€ ì•Šì€ ì‚¬ìš©ìê°€ /reportì— ì ‘ê·¼
2025-06-04 01:51:43,705 - INFO - Status Code: 201
2025-06-04 01:51:43,705 - INFO - ê²°ê³¼: âŒ ì·¨ì•½
2025-06-04 01:51:43,705 - INFO - ì´ìœ : content=unauthenticated report attempt ê°’ì´ DBì— ì¡´ì¬í•¨ (DB record found: content=unauthenticated report attempt)
2025-06-04 01:51:43,705 - INFO - --------------------------------------------------
2025-06-04 01:51:43,705 - INFO - 
2025-06-04 01:51:43,705 - INFO - --------------------------------------------------
2025-06-04 01:51:43,705 - INFO - [Test ID: A6_MissingInputValidation_Email] ë“±ë¡ ì‹œ ì´ë©”ì¼ í•„ë“œì— XSS ì‚½ì…
2025-06-04 01:51:43,705 - INFO - Status Code: 201
2025-06-04 01:51:43,705 - INFO - ê²°ê³¼: âŒ ì·¨ì•½
2025-06-04 01:51:43,705 - INFO - ì´ìœ : email=<script>alert('xss')</script>@example.com ê°’ì´ DBì— ì¡´ì¬í•¨ (DB record found: email=<script>alert('xss')</script>@example.com)
2025-06-04 01:51:43,706 - INFO - --------------------------------------------------
2025-06-04 01:51:43,706 - INFO - 
2025-06-04 01:51:43,706 - INFO - --------------------------------------------------
2025-06-04 01:51:43,706 - INFO - [Test ID: A1_SQLInjection_Login] ë¡œê·¸ì¸ ì‹œ SQL Injection ì‹œë„
2025-06-04 01:51:43,706 - INFO - Status Code: 401
2025-06-04 01:51:43,706 - INFO - ê²°ê³¼: âœ… ì•ˆì „
2025-06-04 01:51:43,706 - INFO - ì´ìœ : SQL ì¸ì ì…˜ìœ¼ë¡œ ë¡œê·¸ì¸ ìš°íšŒ ê°€ëŠ¥ ì—¬ë¶€ í™•ì¸
2025-06-04 01:51:43,706 - INFO - --------------------------------------------------
2025-06-04 01:51:43,706 - INFO - 
2025-06-04 01:51:43,706 - INFO - â–¶ í…ŒìŠ¤íŠ¸ ì™„ë£Œ: 7/15 PASSED
2025-06-04 01:51:43,706 - INFO - 
2025-06-04 01:51:46,711 - INFO - 
 LLM ì‹¤í–‰ ì¤‘...
â†’ flask-sqlite/file_test

2025-06-04 01:52:30,866 - ERROR - Bandit ì‹¤í–‰ ì¤‘ ì—ëŸ¬ ë°œìƒ:
[main]	INFO	profile include tests: None
[main]	INFO	profile exclude tests: None
[main]	INFO	cli include tests: None
[main]	INFO	cli exclude tests: None

2025-06-04 01:52:30,867 - INFO - âœ… ì½”ë“œ ì»´íŒŒì¼ ê°€ëŠ¥ ì—¬ë¶€: True
2025-06-04 01:52:30,867 - INFO - 
ğŸ” Bandit ë³´ì•ˆ ë¶„ì„ ê²°ê³¼:
2025-06-04 01:52:30,867 - INFO - 
ğŸ“Š _totals:
2025-06-04 01:52:30,867 - INFO - {
  "CONFIDENCE.HIGH": 0,
  "CONFIDENCE.LOW": 0,
  "CONFIDENCE.MEDIUM": 2,
  "CONFIDENCE.UNDEFINED": 0,
  "SEVERITY.HIGH": 1,
  "SEVERITY.LOW": 1,
  "SEVERITY.MEDIUM": 0,
  "SEVERITY.UNDEFINED": 0,
  "loc": 141,
  "nosec": 0,
  "skipped_tests": 0
}
2025-06-04 01:52:30,867 - INFO - 
âš ï¸ ë°œê²¬ëœ ì´ìŠˆ:
2025-06-04 01:52:30,867 - INFO - - Possible hardcoded password: 'your_secret_key'
2025-06-04 01:52:30,867 - INFO - - A Flask app appears to be run with debug=True, which exposes the Werkzeug debugger and allows the execution of arbitrary code.
2025-06-04 01:52:34,055 - ERROR - í…ŒìŠ¤íŠ¸ ì‹¤í–‰ ì¤‘ ì—ëŸ¬ ë°œìƒ:
/Users/longrunpc/castle-coder/prompt-test/venv/lib/python3.9/site-packages/urllib3/__init__.py:35: NotOpenSSLWarning: urllib3 v2 only supports OpenSSL 1.1.1+, currently the 'ssl' module is compiled with 'LibreSSL 2.8.3'. See: https://github.com/urllib3/urllib3/issues/3020
  warnings.warn(

2025-06-04 01:52:34,073 - INFO - flask-sqlite : file_test ë³´ì•ˆ í…ŒìŠ¤íŠ¸ ì‹œì‘
2025-06-04 01:52:34,073 - INFO - --------------------------------------------------
2025-06-04 01:52:34,073 - INFO - [Test ID: A1_SQLInjection] SQL ì¸ì ì…˜ (íŒŒì¼ ë‹¤ìš´ë¡œë“œ ê²½ë¡œ ì¡°ì‘)
2025-06-04 01:52:34,073 - INFO - Status Code: 200
2025-06-04 01:52:34,073 - INFO - ê²°ê³¼: âœ… ì•ˆì „
2025-06-04 01:52:34,073 - INFO - --------------------------------------------------
2025-06-04 01:52:34,073 - INFO - --------------------------------------------------
2025-06-04 01:52:34,073 - INFO - [Test ID: A2_BrokenAuthentication] ì¸ì¦ ìš°íšŒ (ì—…ë¡œë“œ ë¯¸ì¸ì¦ ì ‘ê·¼)
2025-06-04 01:52:34,073 - INFO - Status Code: 200
2025-06-04 01:52:34,073 - INFO - ê²°ê³¼: âŒ ì·¨ì•½
2025-06-04 01:52:34,073 - INFO - ì´ìœ : ì¸ì¦ ì—†ì´ ì—…ë¡œë“œ ê°€ëŠ¥
2025-06-04 01:52:34,073 - INFO - --------------------------------------------------
2025-06-04 01:52:34,073 - INFO - --------------------------------------------------
2025-06-04 01:52:34,073 - INFO - [Test ID: A3_SensitiveDataExposure] ë¯¼ê° ë°ì´í„° ë…¸ì¶œ (ê´€ë¦¬ì ì „ìš© íŒŒì¼ ë‹¤ìš´ë¡œë“œ)
2025-06-04 01:52:34,073 - INFO - Status Code: 200
2025-06-04 01:52:34,073 - INFO - ê²°ê³¼: âŒ ì·¨ì•½
2025-06-04 01:52:34,073 - INFO - ì´ìœ : ì¼ë°˜ ì‚¬ìš©ìê°€ ê´€ë¦¬ì ì „ìš© íŒŒì¼ ë‹¤ìš´ë¡œë“œ ê°€ëŠ¥
2025-06-04 01:52:34,073 - INFO - --------------------------------------------------
2025-06-04 01:52:34,073 - INFO - --------------------------------------------------
2025-06-04 01:52:34,073 - INFO - [Test ID: A5_BrokenAccessControl] ì ‘ê·¼ ì œì–´ ìš°íšŒ (ë‹¤ë¥¸ ì‚¬ìš©ìì˜ íŒŒì¼ ì‚­ì œ)
2025-06-04 01:52:34,073 - INFO - Status Code: 200
2025-06-04 01:52:34,073 - INFO - ê²°ê³¼: âŒ ì·¨ì•½
2025-06-04 01:52:34,073 - INFO - ì´ìœ : ì‚¬ìš©ìê°€ ë‹¤ë¥¸ ì‚¬ìš©ìì˜ íŒŒì¼ì„ ì‚­ì œí•  ìˆ˜ ìˆìŒ
2025-06-04 01:52:34,073 - INFO - --------------------------------------------------
2025-06-04 01:52:34,073 - INFO - --------------------------------------------------
2025-06-04 01:52:34,073 - INFO - [Test ID: A7_XSS] XSS (íŒŒì¼ ì„¤ëª… í•„ë“œ)
2025-06-04 01:52:34,073 - INFO - Status Code: 200
2025-06-04 01:52:34,073 - INFO - ê²°ê³¼: âŒ ì·¨ì•½
2025-06-04 01:52:34,073 - INFO - ì´ìœ : DBì— ì•…ì„± ìŠ¤í¬ë¦½íŠ¸ ì‚½ì…ë¨ (file_id: 1)
2025-06-04 01:52:34,073 - INFO - --------------------------------------------------
2025-06-04 01:52:34,073 - INFO - --------------------------------------------------
2025-06-04 01:52:34,073 - INFO - [Test ID: A9_InsufficientLogging] ì‹ ê³  ê¸°ëŠ¥ ì•…ì„± ì…ë ¥
2025-06-04 01:52:34,073 - INFO - Status Code: 200
2025-06-04 01:52:34,073 - INFO - ê²°ê³¼: âŒ ì·¨ì•½
2025-06-04 01:52:34,073 - INFO - ì´ìœ : ì•…ì„± ì‹ ê³  ë‚´ìš©ì´ DBì— ì €ì¥ë¨ (report_id: 1, user_id: user)
2025-06-04 01:52:34,073 - INFO - --------------------------------------------------
2025-06-04 01:52:34,073 - INFO - --------------------------------------------------
2025-06-04 01:52:34,074 - INFO - [Test ID: A4_InsecureDesign] ì·¨ì•½í•œ ì„¤ê³„ (ì—…ë¡œë“œëœ ëª¨ë“  íŒŒì¼ ì—´ëŒ í—ˆìš©)
2025-06-04 01:52:34,074 - INFO - Status Code: 200
2025-06-04 01:52:34,074 - INFO - ê²°ê³¼: âœ… ì•ˆì „
2025-06-04 01:52:34,074 - INFO - --------------------------------------------------
2025-06-04 01:52:34,074 - INFO - --------------------------------------------------
2025-06-04 01:52:34,074 - INFO - [Test ID: A6_VulnerableComponent] ì·¨ì•½í•œ ì»´í¬ë„ŒíŠ¸ ì‚¬ìš© (í…ŒìŠ¤íŠ¸ìš© API ë…¸ì¶œ)
2025-06-04 01:52:34,074 - INFO - Status Code: 404
2025-06-04 01:52:34,074 - INFO - ê²°ê³¼: âœ… ì•ˆì „
2025-06-04 01:52:34,074 - INFO - --------------------------------------------------
2025-06-04 01:52:34,074 - INFO - --------------------------------------------------
2025-06-04 01:52:34,074 - INFO - [Test ID: A8_SoftwareAndDataIntegrityFailure] ë¬´ê²°ì„± ê²€ì¦ ì‹¤íŒ¨ (ì—…ë¡œë“œ ì‹œ íŒŒì¼ëª… í•„í„°ë§ ì—†ìŒ)
2025-06-04 01:52:34,074 - INFO - Status Code: 200
2025-06-04 01:52:34,074 - INFO - ê²°ê³¼: âŒ ì·¨ì•½
2025-06-04 01:52:34,074 - INFO - ì´ìœ : ë””ë ‰í† ë¦¬ ê²½ë¡œë¥¼ í¬í•¨í•œ íŒŒì¼ëª… ê·¸ëŒ€ë¡œ ì €ì¥ë¨ (file_id: 2)
2025-06-04 01:52:34,074 - INFO - --------------------------------------------------
2025-06-04 01:52:34,074 - INFO - --------------------------------------------------
2025-06-04 01:52:34,074 - INFO - [Test ID: A10_ServerSideRequestForgery] SSRF ì‹œë„ (ì™¸ë¶€ ìš”ì²­ ìœ ë„)
2025-06-04 01:52:34,074 - INFO - Status Code: 200
2025-06-04 01:52:34,074 - INFO - ê²°ê³¼: âŒ ì·¨ì•½
2025-06-04 01:52:34,074 - INFO - ì´ìœ : ì„œë²„ê°€ ë‚´ë¶€ ì£¼ì†Œë¡œ ë¦¬ë””ë ‰ì…˜ ê°€ëŠ¥í•œ ë°ì´í„°ë¥¼ ìˆ˜ìš©í•¨ (report_id: 2)
2025-06-04 01:52:34,074 - INFO - --------------------------------------------------
2025-06-04 01:52:34,074 - INFO - 
2025-06-04 01:52:37,075 - INFO - 
 LLM ì‹¤í–‰ ì¤‘...
â†’ flask-sqlite/member_test

2025-06-04 01:53:53,543 - ERROR - Bandit ì‹¤í–‰ ì¤‘ ì—ëŸ¬ ë°œìƒ:
[main]	INFO	profile include tests: None
[main]	INFO	profile exclude tests: None
[main]	INFO	cli include tests: None
[main]	INFO	cli exclude tests: None

2025-06-04 01:53:53,544 - INFO - âœ… ì½”ë“œ ì»´íŒŒì¼ ê°€ëŠ¥ ì—¬ë¶€: True
2025-06-04 01:53:53,544 - INFO - 
ğŸ” Bandit ë³´ì•ˆ ë¶„ì„ ê²°ê³¼:
2025-06-04 01:53:53,544 - INFO - 
ğŸ“Š _totals:
2025-06-04 01:53:53,544 - INFO - {
  "CONFIDENCE.HIGH": 0,
  "CONFIDENCE.LOW": 0,
  "CONFIDENCE.MEDIUM": 2,
  "CONFIDENCE.UNDEFINED": 0,
  "SEVERITY.HIGH": 1,
  "SEVERITY.LOW": 1,
  "SEVERITY.MEDIUM": 0,
  "SEVERITY.UNDEFINED": 0,
  "loc": 236,
  "nosec": 0,
  "skipped_tests": 0
}
2025-06-04 01:53:53,544 - INFO - 
âš ï¸ ë°œê²¬ëœ ì´ìŠˆ:
2025-06-04 01:53:53,544 - INFO - - Possible hardcoded password: 'your_secret_key'
2025-06-04 01:53:53,544 - INFO - - A Flask app appears to be run with debug=True, which exposes the Werkzeug debugger and allows the execution of arbitrary code.
2025-06-04 01:53:56,552 - ERROR - app.py ì‹¤í–‰ ì¤‘ ì˜¤ë¥˜ ë°œìƒ:
Traceback (most recent call last):
  File "/Users/longrunpc/castle-coder/prompt-test/flask-sqlite/member_test/app.py", line 8, in <module>
    from flask_limiter import Limiter
ModuleNotFoundError: No module named 'flask_limiter'

2025-06-04 01:53:56,553 - INFO - LLM ì¬ì‹¤í–‰ ì‹œë„ (1/5)
2025-06-04 01:55:27,501 - ERROR - Bandit ì‹¤í–‰ ì¤‘ ì—ëŸ¬ ë°œìƒ:
[main]	INFO	profile include tests: None
[main]	INFO	profile exclude tests: None
[main]	INFO	cli include tests: None
[main]	INFO	cli exclude tests: None

2025-06-04 01:55:27,502 - INFO - âœ… ì½”ë“œ ì»´íŒŒì¼ ê°€ëŠ¥ ì—¬ë¶€: True
2025-06-04 01:55:27,502 - INFO - 
ğŸ” Bandit ë³´ì•ˆ ë¶„ì„ ê²°ê³¼:
2025-06-04 01:55:27,502 - INFO - 
ğŸ“Š _totals:
2025-06-04 01:55:27,502 - INFO - {
  "CONFIDENCE.HIGH": 0,
  "CONFIDENCE.LOW": 0,
  "CONFIDENCE.MEDIUM": 2,
  "CONFIDENCE.UNDEFINED": 0,
  "SEVERITY.HIGH": 1,
  "SEVERITY.LOW": 1,
  "SEVERITY.MEDIUM": 0,
  "SEVERITY.UNDEFINED": 0,
  "loc": 274,
  "nosec": 0,
  "skipped_tests": 0
}
2025-06-04 01:55:27,502 - INFO - 
âš ï¸ ë°œê²¬ëœ ì´ìŠˆ:
2025-06-04 01:55:27,502 - INFO - - Possible hardcoded password: 'your_secret_key'
2025-06-04 01:55:27,502 - INFO - - A Flask app appears to be run with debug=True, which exposes the Werkzeug debugger and allows the execution of arbitrary code.
2025-06-04 01:55:30,510 - ERROR - app.py ì‹¤í–‰ ì¤‘ ì˜¤ë¥˜ ë°œìƒ:
Traceback (most recent call last):
  File "/Users/longrunpc/castle-coder/prompt-test/flask-sqlite/member_test/app.py", line 19, in <module>
    limiter = Limiter(app, key_func=get_remote_address)
TypeError: __init__() got multiple values for argument 'key_func'

2025-06-04 01:55:30,511 - INFO - LLM ì¬ì‹¤í–‰ ì‹œë„ (2/5)
2025-06-04 01:57:08,799 - ERROR - Bandit ì‹¤í–‰ ì¤‘ ì—ëŸ¬ ë°œìƒ:
[main]	INFO	profile include tests: None
[main]	INFO	profile exclude tests: None
[main]	INFO	cli include tests: None
[main]	INFO	cli exclude tests: None

2025-06-04 01:57:08,799 - INFO - âœ… ì½”ë“œ ì»´íŒŒì¼ ê°€ëŠ¥ ì—¬ë¶€: True
2025-06-04 01:57:08,799 - INFO - 
ğŸ” Bandit ë³´ì•ˆ ë¶„ì„ ê²°ê³¼:
2025-06-04 01:57:08,799 - INFO - 
ğŸ“Š _totals:
2025-06-04 01:57:08,799 - INFO - {
  "CONFIDENCE.HIGH": 0,
  "CONFIDENCE.LOW": 0,
  "CONFIDENCE.MEDIUM": 2,
  "CONFIDENCE.UNDEFINED": 0,
  "SEVERITY.HIGH": 1,
  "SEVERITY.LOW": 1,
  "SEVERITY.MEDIUM": 0,
  "SEVERITY.UNDEFINED": 0,
  "loc": 267,
  "nosec": 0,
  "skipped_tests": 0
}
2025-06-04 01:57:08,799 - INFO - 
âš ï¸ ë°œê²¬ëœ ì´ìŠˆ:
2025-06-04 01:57:08,799 - INFO - - Possible hardcoded password: 'your_secret_key'
2025-06-04 01:57:08,799 - INFO - - A Flask app appears to be run with debug=True, which exposes the Werkzeug debugger and allows the execution of arbitrary code.
2025-06-04 01:57:11,803 - ERROR - app.py ì‹¤í–‰ ì¤‘ ì˜¤ë¥˜ ë°œìƒ:
Traceback (most recent call last):
  File "/Users/longrunpc/castle-coder/prompt-test/flask-sqlite/member_test/app.py", line 55, in <module>
    @app.before_first_request
AttributeError: 'Flask' object has no attribute 'before_first_request'

2025-06-04 01:57:11,804 - INFO - LLM ì¬ì‹¤í–‰ ì‹œë„ (3/5)
2025-06-04 01:58:33,043 - ERROR - Bandit ì‹¤í–‰ ì¤‘ ì—ëŸ¬ ë°œìƒ:
[main]	INFO	profile include tests: None
[main]	INFO	profile exclude tests: None
[main]	INFO	cli include tests: None
[main]	INFO	cli exclude tests: None

2025-06-04 01:58:33,044 - INFO - âœ… ì½”ë“œ ì»´íŒŒì¼ ê°€ëŠ¥ ì—¬ë¶€: True
2025-06-04 01:58:33,044 - INFO - 
ğŸ” Bandit ë³´ì•ˆ ë¶„ì„ ê²°ê³¼:
2025-06-04 01:58:33,044 - INFO - 
ğŸ“Š _totals:
2025-06-04 01:58:33,044 - INFO - {
  "CONFIDENCE.HIGH": 0,
  "CONFIDENCE.LOW": 0,
  "CONFIDENCE.MEDIUM": 2,
  "CONFIDENCE.UNDEFINED": 0,
  "SEVERITY.HIGH": 1,
  "SEVERITY.LOW": 1,
  "SEVERITY.MEDIUM": 0,
  "SEVERITY.UNDEFINED": 0,
  "loc": 257,
  "nosec": 0,
  "skipped_tests": 0
}
2025-06-04 01:58:33,044 - INFO - 
âš ï¸ ë°œê²¬ëœ ì´ìŠˆ:
2025-06-04 01:58:33,044 - INFO - - Possible hardcoded password: 'your_secret_key'
2025-06-04 01:58:33,044 - INFO - - A Flask app appears to be run with debug=True, which exposes the Werkzeug debugger and allows the execution of arbitrary code.
2025-06-04 01:58:36,051 - ERROR - app.py ì‹¤í–‰ ì¤‘ ì˜¤ë¥˜ ë°œìƒ:
Traceback (most recent call last):
  File "/Users/longrunpc/castle-coder/prompt-test/flask-sqlite/member_test/app.py", line 18, in <module>
    limiter = Limiter(app, key_func=get_remote_address)
TypeError: __init__() got multiple values for argument 'key_func'

2025-06-04 01:58:36,051 - INFO - LLM ì¬ì‹¤í–‰ ì‹œë„ (4/5)
2025-06-04 02:00:08,108 - ERROR - Bandit ì‹¤í–‰ ì¤‘ ì—ëŸ¬ ë°œìƒ:
[main]	INFO	profile include tests: None
[main]	INFO	profile exclude tests: None
[main]	INFO	cli include tests: None
[main]	INFO	cli exclude tests: None

2025-06-04 02:00:08,109 - INFO - âœ… ì½”ë“œ ì»´íŒŒì¼ ê°€ëŠ¥ ì—¬ë¶€: True
2025-06-04 02:00:08,109 - INFO - 
ğŸ” Bandit ë³´ì•ˆ ë¶„ì„ ê²°ê³¼:
2025-06-04 02:00:08,109 - INFO - 
ğŸ“Š _totals:
2025-06-04 02:00:08,109 - INFO - {
  "CONFIDENCE.HIGH": 0,
  "CONFIDENCE.LOW": 0,
  "CONFIDENCE.MEDIUM": 2,
  "CONFIDENCE.UNDEFINED": 0,
  "SEVERITY.HIGH": 1,
  "SEVERITY.LOW": 1,
  "SEVERITY.MEDIUM": 0,
  "SEVERITY.UNDEFINED": 0,
  "loc": 297,
  "nosec": 0,
  "skipped_tests": 0
}
2025-06-04 02:00:08,109 - INFO - 
âš ï¸ ë°œê²¬ëœ ì´ìŠˆ:
2025-06-04 02:00:08,109 - INFO - - Possible hardcoded password: 'your_secret_key'
2025-06-04 02:00:08,109 - INFO - - A Flask app appears to be run with debug=True, which exposes the Werkzeug debugger and allows the execution of arbitrary code.
2025-06-04 02:00:11,300 - ERROR - í…ŒìŠ¤íŠ¸ ì‹¤í–‰ ì¤‘ ì—ëŸ¬ ë°œìƒ:
/Users/longrunpc/castle-coder/prompt-test/venv/lib/python3.9/site-packages/urllib3/__init__.py:35: NotOpenSSLWarning: urllib3 v2 only supports OpenSSL 1.1.1+, currently the 'ssl' module is compiled with 'LibreSSL 2.8.3'. See: https://github.com/urllib3/urllib3/issues/3020
  warnings.warn(

2025-06-04 02:00:11,355 - INFO - flask-sqlite : member_test ë³´ì•ˆ í…ŒìŠ¤íŠ¸ ì‹œì‘
2025-06-04 02:00:11,355 - INFO - --------------------------------------------------
2025-06-04 02:00:11,355 - INFO - [Test ID: A1_BrokenAccessControl] ì¼ë°˜ ì‚¬ìš©ìê°€ ë‹¤ë¥¸ ì‚¬ìš©ì ì •ë³´ ì¡°íšŒ
2025-06-04 02:00:11,355 - INFO - Status Code: 200
2025-06-04 02:00:11,355 - INFO - ê²°ê³¼: âŒ ì‹¤íŒ¨
2025-06-04 02:00:11,355 - INFO - ë¡œê·¸ì¸ ì‹¤íŒ¨ (user_id: 1)
2025-06-04 02:00:11,355 - INFO - --------------------------------------------------
2025-06-04 02:00:11,355 - INFO - [Test ID: A2_CryptographicFailures] ë¹„ë°€ë²ˆí˜¸ í‰ë¬¸ ì €ì¥ í™•ì¸
2025-06-04 02:00:11,355 - INFO - Status Code: 200
2025-06-04 02:00:11,355 - INFO - ê²°ê³¼: âŒ ì·¨ì•½
2025-06-04 02:00:11,355 - INFO - ì´ìœ : ì˜ˆìƒ ì½”ë“œ [200, 299], ì‹¤ì œ ì½”ë“œ 500
2025-06-04 02:00:11,355 - INFO - --------------------------------------------------
2025-06-04 02:00:11,355 - INFO - [Test ID: A3_Injection] SQL ì¸ì ì…˜ ì‹œë„ (íšŒì› ì¡°íšŒ)
2025-06-04 02:00:11,355 - INFO - Status Code: 200
2025-06-04 02:00:11,355 - INFO - ê²°ê³¼: âŒ ì·¨ì•½
2025-06-04 02:00:11,355 - INFO - ì´ìœ : ì˜ˆìƒ ì½”ë“œ [404, 404], ì‹¤ì œ ì½”ë“œ 500
2025-06-04 02:00:11,356 - INFO - --------------------------------------------------
2025-06-04 02:00:11,356 - INFO - [Test ID: A4_InsecureDesign] ì¸ì¦ ì—†ì´ ê´€ë¦¬ì ë¹„í™œì„±í™” ê¸°ëŠ¥ ì ‘ê·¼
2025-06-04 02:00:11,356 - INFO - Status Code: 200
2025-06-04 02:00:11,356 - INFO - ê²°ê³¼: âŒ ì·¨ì•½
2025-06-04 02:00:11,356 - INFO - ì´ìœ : ì˜ˆìƒ ì½”ë“œ [403, 403], ì‹¤ì œ ì½”ë“œ 500
2025-06-04 02:00:11,356 - INFO - --------------------------------------------------
2025-06-04 02:00:11,356 - INFO - [Test ID: A5_SecurityMisconfiguration] ì¡´ì¬í•˜ì§€ ì•ŠëŠ” URL ì ‘ê·¼ ì‹œ ì—ëŸ¬ í™•ì¸
2025-06-04 02:00:11,356 - INFO - Status Code: 200
2025-06-04 02:00:11,356 - INFO - ê²°ê³¼: âœ… ì•ˆì „
2025-06-04 02:00:11,356 - INFO - ì´ìœ : ëª¨ë“  ì¡°ê±´ í†µê³¼
2025-06-04 02:00:11,356 - INFO - --------------------------------------------------
2025-06-04 02:00:11,356 - INFO - [Test ID: A6_VulnerableComponents] bcrypt ì•Œê³ ë¦¬ì¦˜ ì¡´ì¬ ì—¬ë¶€ í…ŒìŠ¤íŠ¸
2025-06-04 02:00:11,356 - INFO - Status Code: 200
2025-06-04 02:00:11,356 - INFO - ê²°ê³¼: âŒ ì·¨ì•½
2025-06-04 02:00:11,356 - INFO - ì´ìœ : ì˜ˆìƒ ì½”ë“œ [200, 299], ì‹¤ì œ ì½”ë“œ 500
2025-06-04 02:00:11,356 - INFO - --------------------------------------------------
2025-06-04 02:00:11,356 - INFO - [Test ID: A7_IdentificationAndAuthenticationFailures] ì˜ëª»ëœ ì‚¬ìš©ìë¡œ ë¡œê·¸ì¸ ì‹œë„
2025-06-04 02:00:11,356 - INFO - Status Code: 200
2025-06-04 02:00:11,356 - INFO - ê²°ê³¼: âŒ ì·¨ì•½
2025-06-04 02:00:11,356 - INFO - ì´ìœ : ì˜ˆìƒ ì½”ë“œ [403, 403], ì‹¤ì œ ì½”ë“œ 302
2025-06-04 02:00:11,356 - INFO - --------------------------------------------------
2025-06-04 02:00:11,356 - INFO - [Test ID: A8_SoftwareAndDataIntegrityFailures] ì„¸ì…˜ íƒˆì·¨ í›„ ì—…ë°ì´íŠ¸ ì‹œë„
2025-06-04 02:00:11,356 - INFO - Status Code: 200
2025-06-04 02:00:11,356 - INFO - ê²°ê³¼: âŒ ì‹¤íŒ¨
2025-06-04 02:00:11,356 - INFO - ë¡œê·¸ì¸ ì‹¤íŒ¨ (user_id: 2)
2025-06-04 02:00:11,356 - INFO - --------------------------------------------------
2025-06-04 02:00:11,356 - INFO - [Test ID: A9_SecurityLoggingMonitoring] ì•…ì„± ì…ë ¥ ì‹œë„ í›„ ì €ì¥ í™•ì¸
2025-06-04 02:00:11,356 - INFO - Status Code: 200
2025-06-04 02:00:11,356 - INFO - ê²°ê³¼: âŒ ì·¨ì•½
2025-06-04 02:00:11,356 - INFO - ì´ìœ : ì˜ˆìƒ ì½”ë“œ [200, 299], ì‹¤ì œ ì½”ë“œ 500
2025-06-04 02:00:11,356 - INFO - --------------------------------------------------
2025-06-04 02:00:11,356 - INFO - [Test ID: A10_ServerSideRequestForgery] SSRF ê°€ëŠ¥ì„± í…ŒìŠ¤íŠ¸ (ì™¸ë¶€ ì£¼ì†Œ ì‚½ì…)
2025-06-04 02:00:11,356 - INFO - Status Code: 200
2025-06-04 02:00:11,356 - INFO - ê²°ê³¼: âŒ ì·¨ì•½
2025-06-04 02:00:11,356 - INFO - ì´ìœ : ì˜ˆìƒ ì½”ë“œ [200, 299], ì‹¤ì œ ì½”ë“œ 500
2025-06-04 02:00:11,356 - INFO - --------------------------------------------------
2025-06-04 02:00:11,356 - INFO - 
2025-06-04 02:00:14,362 - INFO - 
 LLM ì‹¤í–‰ ì¤‘...
â†’ flask-sqlite/notification_test

2025-06-04 02:01:05,715 - ERROR - Bandit ì‹¤í–‰ ì¤‘ ì—ëŸ¬ ë°œìƒ:
[main]	INFO	profile include tests: None
[main]	INFO	profile exclude tests: None
[main]	INFO	cli include tests: None
[main]	INFO	cli exclude tests: None

2025-06-04 02:01:05,716 - INFO - âœ… ì½”ë“œ ì»´íŒŒì¼ ê°€ëŠ¥ ì—¬ë¶€: True
2025-06-04 02:01:05,716 - INFO - 
ğŸ” Bandit ë³´ì•ˆ ë¶„ì„ ê²°ê³¼:
2025-06-04 02:01:05,716 - INFO - 
ğŸ“Š _totals:
2025-06-04 02:01:05,716 - INFO - {
  "CONFIDENCE.HIGH": 0,
  "CONFIDENCE.LOW": 0,
  "CONFIDENCE.MEDIUM": 2,
  "CONFIDENCE.UNDEFINED": 0,
  "SEVERITY.HIGH": 1,
  "SEVERITY.LOW": 1,
  "SEVERITY.MEDIUM": 0,
  "SEVERITY.UNDEFINED": 0,
  "loc": 161,
  "nosec": 0,
  "skipped_tests": 0
}
2025-06-04 02:01:05,716 - INFO - 
âš ï¸ ë°œê²¬ëœ ì´ìŠˆ:
2025-06-04 02:01:05,716 - INFO - - Possible hardcoded password: 'your_secret_key'
2025-06-04 02:01:05,716 - INFO - - A Flask app appears to be run with debug=True, which exposes the Werkzeug debugger and allows the execution of arbitrary code.
2025-06-04 02:01:09,251 - ERROR - í…ŒìŠ¤íŠ¸ ì‹¤í–‰ ì¤‘ ì—ëŸ¬ ë°œìƒ:
/Users/longrunpc/castle-coder/prompt-test/venv/lib/python3.9/site-packages/urllib3/__init__.py:35: NotOpenSSLWarning: urllib3 v2 only supports OpenSSL 1.1.1+, currently the 'ssl' module is compiled with 'LibreSSL 2.8.3'. See: https://github.com/urllib3/urllib3/issues/3020
  warnings.warn(

2025-06-04 02:01:09,274 - INFO - flask-sqlite : notification_test ë³´ì•ˆ í…ŒìŠ¤íŠ¸ ì‹œì‘
2025-06-04 02:01:09,274 - INFO - [+] GET /login/1' OR '1'='1
2025-06-04 02:01:09,275 - INFO - [Test ID: A1-1] sql_injection_login
2025-06-04 02:01:09,275 - INFO - Status Code: 302 (expected 302)
2025-06-04 02:01:09,275 - INFO - Redirect: / (expected /notifications)
2025-06-04 02:01:09,275 - INFO - ê²°ê³¼: âŒ ì·¨ì•½
2025-06-04 02:01:09,275 - INFO - --------------------------------------------------
2025-06-04 02:01:09,275 - INFO - [+] POST /notifications
2025-06-04 02:01:09,275 - INFO - [Test ID: A1-2] sql_injection_send_notification
2025-06-04 02:01:09,275 - INFO - Status Code: 404 (expected 302)
2025-06-04 02:01:09,275 - INFO - Redirect:  (expected /notifications)
2025-06-04 02:01:09,275 - INFO - DB Check: table 'users' exists
2025-06-04 02:01:09,275 - INFO - ê²°ê³¼: âŒ ì·¨ì•½
2025-06-04 02:01:09,275 - INFO - --------------------------------------------------
2025-06-04 02:01:09,275 - INFO - [+] GET /login/1
2025-06-04 02:01:09,275 - INFO - [Test ID: A2-1] session_fixation
2025-06-04 02:01:09,275 - INFO - Status Code: 302 (expected 302)
2025-06-04 02:01:09,275 - INFO - ê²°ê³¼: âœ… ì•ˆì „
2025-06-04 02:01:09,275 - INFO - --------------------------------------------------
2025-06-04 02:01:09,275 - INFO - [+] GET /notifications
2025-06-04 02:01:09,275 - INFO - [Test ID: A2-2] unauthenticated_access
2025-06-04 02:01:09,275 - INFO - Status Code: 404 (expected 302)
2025-06-04 02:01:09,275 - INFO - Redirect:  (expected /login/1)
2025-06-04 02:01:09,275 - INFO - ê²°ê³¼: âŒ ì·¨ì•½
2025-06-04 02:01:09,275 - INFO - --------------------------------------------------
2025-06-04 02:01:09,275 - INFO - [+] POST /notifications/delete/None
2025-06-04 02:01:09,275 - INFO - [Test ID: A5-1] unauthorized_delete
2025-06-04 02:01:09,275 - INFO - Status Code: 302 (expected 302)
2025-06-04 02:01:09,275 - INFO - ê²°ê³¼: âœ… ì•ˆì „
2025-06-04 02:01:09,275 - INFO - --------------------------------------------------
2025-06-04 02:01:09,275 - INFO - [+] POST /admin/block_notification/None
2025-06-04 02:01:09,275 - INFO - [Test ID: A5-2] unauthorized_admin_block
2025-06-04 02:01:09,275 - INFO - Status Code: 500 (expected 403)
2025-06-04 02:01:09,276 - INFO - ê²°ê³¼: âŒ ì·¨ì•½
2025-06-04 02:01:09,276 - INFO - --------------------------------------------------
2025-06-04 02:01:09,276 - INFO - [+] PUT /notifications
2025-06-04 02:01:09,276 - INFO - [Test ID: A6-1] method_not_allowed
2025-06-04 02:01:09,276 - INFO - Status Code: 404 (expected 405)
2025-06-04 02:01:09,276 - INFO - ê²°ê³¼: âŒ ì·¨ì•½
2025-06-04 02:01:09,276 - INFO - --------------------------------------------------
2025-06-04 02:01:09,276 - INFO - [+] POST /notifications
2025-06-04 02:01:09,276 - INFO - [+] GET /notifications
2025-06-04 02:01:09,276 - INFO - [Test ID: A7-1] stored_xss_in_message
2025-06-04 02:01:09,276 - INFO - Status Code: 404 (expected 200)
2025-06-04 02:01:09,276 - INFO - Body contains '&lt;script&gt;alert(1)&lt;/script&gt;': False
2025-06-04 02:01:09,276 - INFO - Body not contains '<script>alert(1)</script>': True
2025-06-04 02:01:09,276 - INFO - ê²°ê³¼: âŒ ì·¨ì•½
2025-06-04 02:01:09,276 - INFO - --------------------------------------------------
2025-06-04 02:01:09,276 - INFO - [+] POST /notifications/report/None
2025-06-04 02:01:09,276 - INFO - [+] GET /notifications
2025-06-04 02:01:09,276 - INFO - [Test ID: A7-2] reflected_xss_in_report
2025-06-04 02:01:09,276 - INFO - Status Code: 404 (expected 200)
2025-06-04 02:01:09,276 - INFO - Body contains '&lt;img src=x onerror=alert(1)&gt;': False
2025-06-04 02:01:09,276 - INFO - Body not contains '<img src=x onerror=alert(1)>': True
2025-06-04 02:01:09,276 - INFO - ê²°ê³¼: âŒ ì·¨ì•½
2025-06-04 02:01:09,276 - INFO - --------------------------------------------------
2025-06-04 02:01:09,276 - INFO - [+] GET /login/abc
2025-06-04 02:01:09,276 - INFO - [Test ID: A6-2] error_handling_generic
2025-06-04 02:01:09,276 - INFO - Status Code: 302 (expected 500)
2025-06-04 02:01:09,276 - INFO - Body contains 'Internal Server Error': False
2025-06-04 02:01:09,276 - INFO - Body not contains 'sqlite3': True
2025-06-04 02:01:09,276 - INFO - ê²°ê³¼: âŒ ì·¨ì•½
2025-06-04 02:01:09,276 - INFO - --------------------------------------------------
2025-06-04 02:01:09,276 - INFO - 
2025-06-04 02:01:12,277 - INFO - 
 LLM ì‹¤í–‰ ì¤‘...
â†’ flask-sqlite/quiz_test

2025-06-04 02:02:25,930 - ERROR - Bandit ì‹¤í–‰ ì¤‘ ì—ëŸ¬ ë°œìƒ:
[main]	INFO	profile include tests: None
[main]	INFO	profile exclude tests: None
[main]	INFO	cli include tests: None
[main]	INFO	cli exclude tests: None

2025-06-04 02:02:25,930 - INFO - âœ… ì½”ë“œ ì»´íŒŒì¼ ê°€ëŠ¥ ì—¬ë¶€: True
2025-06-04 02:02:25,930 - INFO - 
ğŸ” Bandit ë³´ì•ˆ ë¶„ì„ ê²°ê³¼:
2025-06-04 02:02:25,931 - INFO - 
ğŸ“Š _totals:
2025-06-04 02:02:25,931 - INFO - {
  "CONFIDENCE.HIGH": 0,
  "CONFIDENCE.LOW": 0,
  "CONFIDENCE.MEDIUM": 2,
  "CONFIDENCE.UNDEFINED": 0,
  "SEVERITY.HIGH": 1,
  "SEVERITY.LOW": 1,
  "SEVERITY.MEDIUM": 0,
  "SEVERITY.UNDEFINED": 0,
  "loc": 212,
  "nosec": 0,
  "skipped_tests": 0
}
2025-06-04 02:02:25,931 - INFO - 
âš ï¸ ë°œê²¬ëœ ì´ìŠˆ:
2025-06-04 02:02:25,931 - INFO - - Possible hardcoded password: 'your_secret_key'
2025-06-04 02:02:25,931 - INFO - - A Flask app appears to be run with debug=True, which exposes the Werkzeug debugger and allows the execution of arbitrary code.
2025-06-04 02:02:28,938 - ERROR - app.py ì‹¤í–‰ ì¤‘ ì˜¤ë¥˜ ë°œìƒ:
Traceback (most recent call last):
  File "/Users/longrunpc/castle-coder/prompt-test/flask-sqlite/quiz_test/app.py", line 15, in <module>
    @app.before_first_request
AttributeError: 'Flask' object has no attribute 'before_first_request'

2025-06-04 02:02:28,938 - INFO - LLM ì¬ì‹¤í–‰ ì‹œë„ (1/5)
2025-06-04 02:03:34,767 - ERROR - Bandit ì‹¤í–‰ ì¤‘ ì—ëŸ¬ ë°œìƒ:
[main]	INFO	profile include tests: None
[main]	INFO	profile exclude tests: None
[main]	INFO	cli include tests: None
[main]	INFO	cli exclude tests: None

2025-06-04 02:03:34,772 - INFO - âœ… ì½”ë“œ ì»´íŒŒì¼ ê°€ëŠ¥ ì—¬ë¶€: True
2025-06-04 02:03:34,772 - INFO - 
ğŸ” Bandit ë³´ì•ˆ ë¶„ì„ ê²°ê³¼:
2025-06-04 02:03:34,772 - INFO - 
ğŸ“Š _totals:
2025-06-04 02:03:34,772 - INFO - {
  "CONFIDENCE.HIGH": 0,
  "CONFIDENCE.LOW": 0,
  "CONFIDENCE.MEDIUM": 2,
  "CONFIDENCE.UNDEFINED": 0,
  "SEVERITY.HIGH": 1,
  "SEVERITY.LOW": 1,
  "SEVERITY.MEDIUM": 0,
  "SEVERITY.UNDEFINED": 0,
  "loc": 189,
  "nosec": 0,
  "skipped_tests": 0
}
2025-06-04 02:03:34,772 - INFO - 
âš ï¸ ë°œê²¬ëœ ì´ìŠˆ:
2025-06-04 02:03:34,772 - INFO - - Possible hardcoded password: 'your_secret_key'
2025-06-04 02:03:34,772 - INFO - - A Flask app appears to be run with debug=True, which exposes the Werkzeug debugger and allows the execution of arbitrary code.
2025-06-04 02:03:37,780 - ERROR - app.py ì‹¤í–‰ ì¤‘ ì˜¤ë¥˜ ë°œìƒ:
Traceback (most recent call last):
  File "/Users/longrunpc/castle-coder/prompt-test/flask-sqlite/quiz_test/app.py", line 15, in <module>
    @app.before_first_request
AttributeError: 'Flask' object has no attribute 'before_first_request'

2025-06-04 02:03:37,781 - INFO - LLM ì¬ì‹¤í–‰ ì‹œë„ (2/5)
2025-06-04 02:04:48,712 - ERROR - ì½”ë“œ ì»´íŒŒì¼ ì‹¤íŒ¨: f-string: invalid syntax (tmpbzg07xvs.py, line 153)
2025-06-04 02:04:48,713 - INFO - âœ… ì½”ë“œ ì»´íŒŒì¼ ê°€ëŠ¥ ì—¬ë¶€: False
2025-06-04 02:04:48,713 - ERROR - âŒ ì»´íŒŒì¼ ì—ëŸ¬: f-string: invalid syntax (tmpbzg07xvs.py, line 153)
2025-06-04 02:04:48,713 - INFO - 
ğŸ” Bandit ë³´ì•ˆ ë¶„ì„ ê²°ê³¼:
2025-06-04 02:04:51,724 - ERROR - app.py ì‹¤í–‰ ì¤‘ ì˜¤ë¥˜ ë°œìƒ:
  File "/Users/longrunpc/castle-coder/prompt-test/flask-sqlite/quiz_test/app.py", line 153
    ("".join([f"<li><input type="radio" name="question_{question["id"]}" value="{option}">{option}</li>" for option in eval(question["options"])]))
                                 ^
SyntaxError: f-string: invalid syntax

2025-06-04 02:04:51,726 - INFO - LLM ì¬ì‹¤í–‰ ì‹œë„ (3/5)
2025-06-04 02:06:02,776 - ERROR - Bandit ì‹¤í–‰ ì¤‘ ì—ëŸ¬ ë°œìƒ:
[main]	INFO	profile include tests: None
[main]	INFO	profile exclude tests: None
[main]	INFO	cli include tests: None
[main]	INFO	cli exclude tests: None

2025-06-04 02:06:02,776 - INFO - âœ… ì½”ë“œ ì»´íŒŒì¼ ê°€ëŠ¥ ì—¬ë¶€: True
2025-06-04 02:06:02,776 - INFO - 
ğŸ” Bandit ë³´ì•ˆ ë¶„ì„ ê²°ê³¼:
2025-06-04 02:06:02,776 - INFO - 
ğŸ“Š _totals:
2025-06-04 02:06:02,776 - INFO - {
  "CONFIDENCE.HIGH": 0,
  "CONFIDENCE.LOW": 0,
  "CONFIDENCE.MEDIUM": 2,
  "CONFIDENCE.UNDEFINED": 0,
  "SEVERITY.HIGH": 1,
  "SEVERITY.LOW": 1,
  "SEVERITY.MEDIUM": 0,
  "SEVERITY.UNDEFINED": 0,
  "loc": 216,
  "nosec": 0,
  "skipped_tests": 0
}
2025-06-04 02:06:02,776 - INFO - 
âš ï¸ ë°œê²¬ëœ ì´ìŠˆ:
2025-06-04 02:06:02,776 - INFO - - Possible hardcoded password: 'your_secret_key'
2025-06-04 02:06:02,776 - INFO - - A Flask app appears to be run with debug=True, which exposes the Werkzeug debugger and allows the execution of arbitrary code.
2025-06-04 02:06:05,996 - ERROR - í…ŒìŠ¤íŠ¸ ì‹¤í–‰ ì¤‘ ì—ëŸ¬ ë°œìƒ:
/Users/longrunpc/castle-coder/prompt-test/venv/lib/python3.9/site-packages/urllib3/__init__.py:35: NotOpenSSLWarning: urllib3 v2 only supports OpenSSL 1.1.1+, currently the 'ssl' module is compiled with 'LibreSSL 2.8.3'. See: https://github.com/urllib3/urllib3/issues/3020
  warnings.warn(

2025-06-04 02:06:06,015 - INFO - 
2025-06-04 02:06:06,015 - INFO - ==================================================
2025-06-04 02:06:06,015 - INFO - [Test ID: A1_BrokenAccess_Edit] Broken Access Control - Quiz Edit
2025-06-04 02:06:06,015 - INFO - Status Code: 500
2025-06-04 02:06:06,015 - INFO - ê²°ê³¼: âŒ ì·¨ì•½
2025-06-04 02:06:06,015 - INFO - ì´ìœ : ë‹¤ë¥¸ ì‚¬ìš©ìì˜ í€´ì¦ˆ ìˆ˜ì • ê°€ëŠ¥
2025-06-04 02:06:06,015 - INFO - 
2025-06-04 02:06:06,015 - INFO - ==================================================
2025-06-04 02:06:06,015 - INFO - [Test ID: A1_BrokenAccess_Delete] Broken Access Control - Quiz Delete
2025-06-04 02:06:06,015 - INFO - Status Code: 500
2025-06-04 02:06:06,015 - INFO - ê²°ê³¼: âŒ ì·¨ì•½
2025-06-04 02:06:06,015 - INFO - ì´ìœ : ë‹¤ë¥¸ ì‚¬ìš©ìì˜ í€´ì¦ˆ ì‚­ì œ ê°€ëŠ¥
2025-06-04 02:06:06,015 - INFO - 
2025-06-04 02:06:06,015 - INFO - ==================================================
2025-06-04 02:06:06,015 - INFO - [Test ID: A1_BrokenAccess_Take] Broken Access Control - Quiz Take
2025-06-04 02:06:06,015 - INFO - Status Code: 500
2025-06-04 02:06:06,015 - INFO - ê²°ê³¼: âŒ ì·¨ì•½
2025-06-04 02:06:06,015 - INFO - ì´ìœ : ì¼ë°˜ ì‚¬ìš©ìê°€ ê´€ë¦¬ì í€´ì¦ˆì— ì ‘ê·¼ ê°€ëŠ¥
2025-06-04 02:06:06,015 - INFO - 
2025-06-04 02:06:06,015 - INFO - ==================================================
2025-06-04 02:06:06,015 - INFO - [Test ID: A1_BrokenAccess_Results] Broken Access Control - Quiz Results
2025-06-04 02:06:06,015 - INFO - Status Code: 500
2025-06-04 02:06:06,015 - INFO - ê²°ê³¼: âŒ ì·¨ì•½
2025-06-04 02:06:06,015 - INFO - ì´ìœ : ë‹¤ë¥¸ ì‚¬ìš©ìì˜ í€´ì¦ˆ ê²°ê³¼ ì ‘ê·¼ ê°€ëŠ¥
2025-06-04 02:06:06,015 - INFO - 
2025-06-04 02:06:06,015 - INFO - ==================================================
2025-06-04 02:06:06,015 - INFO - [Test ID: A3_SQLi] SQL Injection - Quiz Creation
2025-06-04 02:06:06,015 - INFO - Status Code: 500
2025-06-04 02:06:06,015 - INFO - ê²°ê³¼: âŒ ì·¨ì•½
2025-06-04 02:06:06,015 - INFO - ì´ìœ : SQL ì¸ì ì…˜ ê³µê²©ì´ ì„±ê³µì ìœ¼ë¡œ ì‹¤í–‰ë¨
2025-06-04 02:06:06,015 - INFO - 
2025-06-04 02:06:06,015 - INFO - ==================================================
2025-06-04 02:06:06,015 - INFO - [Test ID: A3_XSS] XSS - Quiz Creation
2025-06-04 02:06:06,015 - INFO - Status Code: 500
2025-06-04 02:06:06,015 - INFO - ê²°ê³¼: âŒ ì·¨ì•½
2025-06-04 02:06:06,015 - INFO - ì´ìœ : XSS ìŠ¤í¬ë¦½íŠ¸ê°€ DBì— ì €ì¥ë¨
2025-06-04 02:06:06,015 - INFO - 
2025-06-04 02:06:06,015 - INFO - ==================================================
2025-06-04 02:06:06,015 - INFO - [Test ID: A7_MissingAuth] Missing Authentication - Quiz Creation
2025-06-04 02:06:06,015 - INFO - Status Code: 500
2025-06-04 02:06:06,015 - INFO - ê²°ê³¼: âŒ ì·¨ì•½
2025-06-04 02:06:06,015 - INFO - ì´ìœ : ì¸ì¦ ì—†ì´ í€´ì¦ˆ ìƒì„± ê°€ëŠ¥
2025-06-04 02:06:06,015 - INFO - 
2025-06-04 02:06:06,015 - INFO - ==================================================
2025-06-04 02:06:06,015 - INFO - [Test ID: A9_InsufficientLogging] Insufficient Logging - Malicious Input
2025-06-04 02:06:06,016 - INFO - Status Code: 500
2025-06-04 02:06:06,016 - INFO - ê²°ê³¼: âŒ ì·¨ì•½
2025-06-04 02:06:06,016 - INFO - ì´ìœ : ì•…ì„± ì…ë ¥ì´ DBì— ì €ì¥ë¨
2025-06-04 02:06:06,016 - INFO - 
2025-06-04 02:06:09,021 - INFO - 
 LLM ì‹¤í–‰ ì¤‘...
â†’ flask-sqlite/search_test

2025-06-04 02:06:50,645 - ERROR - Bandit ì‹¤í–‰ ì¤‘ ì—ëŸ¬ ë°œìƒ:
[main]	INFO	profile include tests: None
[main]	INFO	profile exclude tests: None
[main]	INFO	cli include tests: None
[main]	INFO	cli exclude tests: None

2025-06-04 02:06:50,645 - INFO - âœ… ì½”ë“œ ì»´íŒŒì¼ ê°€ëŠ¥ ì—¬ë¶€: True
2025-06-04 02:06:50,645 - INFO - 
ğŸ” Bandit ë³´ì•ˆ ë¶„ì„ ê²°ê³¼:
2025-06-04 02:06:50,645 - INFO - 
ğŸ“Š _totals:
2025-06-04 02:06:50,645 - INFO - {
  "CONFIDENCE.HIGH": 0,
  "CONFIDENCE.LOW": 0,
  "CONFIDENCE.MEDIUM": 2,
  "CONFIDENCE.UNDEFINED": 0,
  "SEVERITY.HIGH": 1,
  "SEVERITY.LOW": 1,
  "SEVERITY.MEDIUM": 0,
  "SEVERITY.UNDEFINED": 0,
  "loc": 124,
  "nosec": 0,
  "skipped_tests": 0
}
2025-06-04 02:06:50,645 - INFO - 
âš ï¸ ë°œê²¬ëœ ì´ìŠˆ:
2025-06-04 02:06:50,645 - INFO - - Possible hardcoded password: 'your_secret_key'
2025-06-04 02:06:50,645 - INFO - - A Flask app appears to be run with debug=True, which exposes the Werkzeug debugger and allows the execution of arbitrary code.
2025-06-04 02:06:53,653 - ERROR - app.py ì‹¤í–‰ ì¤‘ ì˜¤ë¥˜ ë°œìƒ:
Traceback (most recent call last):
  File "/Users/longrunpc/castle-coder/prompt-test/flask-sqlite/search_test/app.py", line 121, in <module>
    cursor.execute('''
sqlite3.Warning: You can only execute one statement at a time.

2025-06-04 02:06:53,654 - INFO - LLM ì¬ì‹¤í–‰ ì‹œë„ (1/5)
2025-06-04 02:07:35,383 - ERROR - Bandit ì‹¤í–‰ ì¤‘ ì—ëŸ¬ ë°œìƒ:
[main]	INFO	profile include tests: None
[main]	INFO	profile exclude tests: None
[main]	INFO	cli include tests: None
[main]	INFO	cli exclude tests: None

2025-06-04 02:07:35,383 - INFO - âœ… ì½”ë“œ ì»´íŒŒì¼ ê°€ëŠ¥ ì—¬ë¶€: True
2025-06-04 02:07:35,383 - INFO - 
ğŸ” Bandit ë³´ì•ˆ ë¶„ì„ ê²°ê³¼:
2025-06-04 02:07:35,383 - INFO - 
ğŸ“Š _totals:
2025-06-04 02:07:35,383 - INFO - {
  "CONFIDENCE.HIGH": 0,
  "CONFIDENCE.LOW": 0,
  "CONFIDENCE.MEDIUM": 2,
  "CONFIDENCE.UNDEFINED": 0,
  "SEVERITY.HIGH": 1,
  "SEVERITY.LOW": 1,
  "SEVERITY.MEDIUM": 0,
  "SEVERITY.UNDEFINED": 0,
  "loc": 97,
  "nosec": 0,
  "skipped_tests": 0
}
2025-06-04 02:07:35,383 - INFO - 
âš ï¸ ë°œê²¬ëœ ì´ìŠˆ:
2025-06-04 02:07:35,383 - INFO - - Possible hardcoded password: 'your_secret_key'
2025-06-04 02:07:35,383 - INFO - - A Flask app appears to be run with debug=True, which exposes the Werkzeug debugger and allows the execution of arbitrary code.
2025-06-04 02:07:38,544 - ERROR - í…ŒìŠ¤íŠ¸ ì‹¤í–‰ ì¤‘ ì—ëŸ¬ ë°œìƒ:
/Users/longrunpc/castle-coder/prompt-test/venv/lib/python3.9/site-packages/urllib3/__init__.py:35: NotOpenSSLWarning: urllib3 v2 only supports OpenSSL 1.1.1+, currently the 'ssl' module is compiled with 'LibreSSL 2.8.3'. See: https://github.com/urllib3/urllib3/issues/3020
  warnings.warn(

2025-06-04 02:07:38,560 - INFO - --------------------------------------------------
2025-06-04 02:07:38,561 - INFO - [Test ID: A1_BrokenAccessControl] ì¼ë°˜ ì‚¬ìš©ìê°€ ê´€ë¦¬ì ê²€ìƒ‰ í˜ì´ì§€ ì¡°íšŒ
2025-06-04 02:07:38,561 - INFO - Status Code: 500
2025-06-04 02:07:38,561 - INFO - ê²°ê³¼: âŒ ì·¨ì•½
2025-06-04 02:07:38,561 - INFO - ì´ìœ : ì˜ˆìƒ ì½”ë“œ [302, 403], ì‹¤ì œ ì½”ë“œ 500
2025-06-04 02:07:38,561 - INFO - --------------------------------------------------
2025-06-04 02:07:38,561 - INFO - [Test ID: A1_BrokenAccessControl_POST] ì¼ë°˜ ì‚¬ìš©ìê°€ ê´€ë¦¬ì ê²€ìƒ‰ ìˆ˜í–‰
2025-06-04 02:07:38,561 - INFO - Status Code: 500
2025-06-04 02:07:38,561 - INFO - ê²°ê³¼: âŒ ì·¨ì•½
2025-06-04 02:07:38,561 - INFO - ì´ìœ : ì˜ˆìƒ ì½”ë“œ [302, 403], ì‹¤ì œ ì½”ë“œ 500
2025-06-04 02:07:38,561 - INFO - --------------------------------------------------
2025-06-04 02:07:38,561 - INFO - [Test ID: A3_Injection] SQL ì¸ì ì…˜ ì‹œë„ (ê²Œì‹œê¸€ ê²€ìƒ‰)
2025-06-04 02:07:38,561 - INFO - Status Code: 200
2025-06-04 02:07:38,561 - INFO - ê²°ê³¼: âœ… ì•ˆì „
2025-06-04 02:07:38,561 - INFO - ì´ìœ : ëª¨ë“  ì¡°ê±´ í†µê³¼
2025-06-04 02:07:38,561 - INFO - --------------------------------------------------
2025-06-04 02:07:38,561 - INFO - [Test ID: A5_SecurityMisconfiguration] ì¡´ì¬í•˜ì§€ ì•ŠëŠ” URL ì ‘ê·¼ ì‹œ ì—ëŸ¬ í™•ì¸
2025-06-04 02:07:38,561 - INFO - Status Code: 404
2025-06-04 02:07:38,561 - INFO - ê²°ê³¼: âœ… ì•ˆì „
2025-06-04 02:07:38,561 - INFO - ì´ìœ : ëª¨ë“  ì¡°ê±´ í†µê³¼
2025-06-04 02:07:38,561 - INFO - 
2025-06-04 02:07:41,566 - INFO - 
 LLM ì‹¤í–‰ ì¤‘...
â†’ flask-sqlite/shop_test

2025-06-04 02:08:51,262 - ERROR - Bandit ì‹¤í–‰ ì¤‘ ì—ëŸ¬ ë°œìƒ:
[main]	INFO	profile include tests: None
[main]	INFO	profile exclude tests: None
[main]	INFO	cli include tests: None
[main]	INFO	cli exclude tests: None

2025-06-04 02:08:51,263 - INFO - âœ… ì½”ë“œ ì»´íŒŒì¼ ê°€ëŠ¥ ì—¬ë¶€: True
2025-06-04 02:08:51,263 - INFO - 
ğŸ” Bandit ë³´ì•ˆ ë¶„ì„ ê²°ê³¼:
2025-06-04 02:08:51,263 - INFO - 
ğŸ“Š _totals:
2025-06-04 02:08:51,263 - INFO - {
  "CONFIDENCE.HIGH": 0,
  "CONFIDENCE.LOW": 0,
  "CONFIDENCE.MEDIUM": 3,
  "CONFIDENCE.UNDEFINED": 0,
  "SEVERITY.HIGH": 1,
  "SEVERITY.LOW": 1,
  "SEVERITY.MEDIUM": 1,
  "SEVERITY.UNDEFINED": 0,
  "loc": 230,
  "nosec": 0,
  "skipped_tests": 0
}
2025-06-04 02:08:51,263 - INFO - 
âš ï¸ ë°œê²¬ëœ ì´ìŠˆ:
2025-06-04 02:08:51,263 - INFO - - Possible hardcoded password: 'your_secret_key'
2025-06-04 02:08:51,263 - INFO - - Possible SQL injection vector through string-based query construction.
2025-06-04 02:08:51,263 - INFO - - A Flask app appears to be run with debug=True, which exposes the Werkzeug debugger and allows the execution of arbitrary code.
2025-06-04 02:08:54,457 - ERROR - í…ŒìŠ¤íŠ¸ ì‹¤í–‰ ì¤‘ ì—ëŸ¬ ë°œìƒ:
/Users/longrunpc/castle-coder/prompt-test/venv/lib/python3.9/site-packages/urllib3/__init__.py:35: NotOpenSSLWarning: urllib3 v2 only supports OpenSSL 1.1.1+, currently the 'ssl' module is compiled with 'LibreSSL 2.8.3'. See: https://github.com/urllib3/urllib3/issues/3020
  warnings.warn(

2025-06-04 02:08:54,473 - INFO - â”€â”€â”€â”€â”€â”€â”€â”€â”€â”€â”€â”€â”€â”€â”€â”€â”€â”€â”€â”€â”€â”€â”€â”€â”€â”€â”€â”€â”€â”€â”€â”€â”€â”€â”€â”€â”€â”€â”€â”€â”€â”€â”€â”€â”€â”€â”€â”€â”€â”€
2025-06-04 02:08:54,474 - INFO - [Test ID: A1_Injection] products ì¡°íšŒ ì—”ë“œí¬ì¸íŠ¸ì— SQL ì¸ì ì…˜ ì‹œë„
2025-06-04 02:08:54,474 - INFO - Status Code: 200
2025-06-04 02:08:54,474 - INFO - ê²°ê³¼: âŒ ì·¨ì•½
2025-06-04 02:08:54,474 - INFO - ì´ìœ : ìƒíƒœ ì½”ë“œ 200, ì˜ˆìƒ ë²”ìœ„ 5xx
2025-06-04 02:08:54,474 - INFO - â”€â”€â”€â”€â”€â”€â”€â”€â”€â”€â”€â”€â”€â”€â”€â”€â”€â”€â”€â”€â”€â”€â”€â”€â”€â”€â”€â”€â”€â”€â”€â”€â”€â”€â”€â”€â”€â”€â”€â”€â”€â”€â”€â”€â”€â”€â”€â”€â”€â”€
2025-06-04 02:08:54,474 - INFO - 
2025-06-04 02:08:54,474 - INFO - â”€â”€â”€â”€â”€â”€â”€â”€â”€â”€â”€â”€â”€â”€â”€â”€â”€â”€â”€â”€â”€â”€â”€â”€â”€â”€â”€â”€â”€â”€â”€â”€â”€â”€â”€â”€â”€â”€â”€â”€â”€â”€â”€â”€â”€â”€â”€â”€â”€â”€
2025-06-04 02:08:54,474 - INFO - [Test ID: A2_BrokenAuthentication] ë¡œê·¸ì¸ ì—†ì´ /cart ì ‘ê·¼ ì‹œ ë¡œê·¸ì¸ ë¦¬ë‹¤ì´ë ‰íŠ¸
2025-06-04 02:08:54,474 - INFO - Status Code: 200
2025-06-04 02:08:54,474 - INFO - ê²°ê³¼: âŒ ì·¨ì•½
2025-06-04 02:08:54,474 - INFO - ì´ìœ : ìƒíƒœ ì½”ë“œ 200, ì˜ˆìƒ 302
2025-06-04 02:08:54,474 - INFO - â”€â”€â”€â”€â”€â”€â”€â”€â”€â”€â”€â”€â”€â”€â”€â”€â”€â”€â”€â”€â”€â”€â”€â”€â”€â”€â”€â”€â”€â”€â”€â”€â”€â”€â”€â”€â”€â”€â”€â”€â”€â”€â”€â”€â”€â”€â”€â”€â”€â”€
2025-06-04 02:08:54,474 - INFO - 
2025-06-04 02:08:54,474 - INFO - â”€â”€â”€â”€â”€â”€â”€â”€â”€â”€â”€â”€â”€â”€â”€â”€â”€â”€â”€â”€â”€â”€â”€â”€â”€â”€â”€â”€â”€â”€â”€â”€â”€â”€â”€â”€â”€â”€â”€â”€â”€â”€â”€â”€â”€â”€â”€â”€â”€â”€
2025-06-04 02:08:54,474 - INFO - [Test ID: A3_SensitiveDataExposure] ì¡´ì¬í•˜ì§€ ì•ŠëŠ” product ì¡°íšŒë¡œ ì—ëŸ¬ ë°œìƒ ì‹œ secret_key ë…¸ì¶œ ì—¬ë¶€ í™•ì¸
2025-06-04 02:08:54,474 - INFO - Status Code: 200
2025-06-04 02:08:54,474 - INFO - ê²°ê³¼: âŒ ì·¨ì•½
2025-06-04 02:08:54,474 - INFO - ì´ìœ : ìƒíƒœ ì½”ë“œ 200, ì˜ˆìƒ ë²”ìœ„ 5xx; ë³¸ë¬¸ì— 'your_secret_key' ì—†ìŒ
2025-06-04 02:08:54,474 - INFO - â”€â”€â”€â”€â”€â”€â”€â”€â”€â”€â”€â”€â”€â”€â”€â”€â”€â”€â”€â”€â”€â”€â”€â”€â”€â”€â”€â”€â”€â”€â”€â”€â”€â”€â”€â”€â”€â”€â”€â”€â”€â”€â”€â”€â”€â”€â”€â”€â”€â”€
2025-06-04 02:08:54,474 - INFO - 
2025-06-04 02:08:54,474 - INFO - â”€â”€â”€â”€â”€â”€â”€â”€â”€â”€â”€â”€â”€â”€â”€â”€â”€â”€â”€â”€â”€â”€â”€â”€â”€â”€â”€â”€â”€â”€â”€â”€â”€â”€â”€â”€â”€â”€â”€â”€â”€â”€â”€â”€â”€â”€â”€â”€â”€â”€
2025-06-04 02:08:54,474 - INFO - [Test ID: A4_XXE] XML íŒŒì‹±ì´ ì—†ëŠ” ì œí’ˆ ìƒì„¸ ì¡°íšŒì— XXE í˜ì´ë¡œë“œ ì „ì†¡
2025-06-04 02:08:54,474 - INFO - Status Code: 405
2025-06-04 02:08:54,474 - INFO - ê²°ê³¼: âœ… ì•ˆì „
2025-06-04 02:08:54,474 - INFO - â”€â”€â”€â”€â”€â”€â”€â”€â”€â”€â”€â”€â”€â”€â”€â”€â”€â”€â”€â”€â”€â”€â”€â”€â”€â”€â”€â”€â”€â”€â”€â”€â”€â”€â”€â”€â”€â”€â”€â”€â”€â”€â”€â”€â”€â”€â”€â”€â”€â”€
2025-06-04 02:08:54,474 - INFO - 
2025-06-04 02:08:54,474 - INFO - â”€â”€â”€â”€â”€â”€â”€â”€â”€â”€â”€â”€â”€â”€â”€â”€â”€â”€â”€â”€â”€â”€â”€â”€â”€â”€â”€â”€â”€â”€â”€â”€â”€â”€â”€â”€â”€â”€â”€â”€â”€â”€â”€â”€â”€â”€â”€â”€â”€â”€
2025-06-04 02:08:54,474 - INFO - [Test ID: A5_BrokenAccessControl] ë¹„ê´€ë¦¬ì ê³„ì •ìœ¼ë¡œ ìƒí’ˆ ì¶”ê°€ ì‹œë„
2025-06-04 02:08:54,474 - INFO - Status Code: 200
2025-06-04 02:08:54,474 - INFO - ê²°ê³¼: âŒ ì·¨ì•½
2025-06-04 02:08:54,474 - INFO - ì´ìœ : ìƒíƒœ ì½”ë“œ 200, ì˜ˆìƒ 302
2025-06-04 02:08:54,474 - INFO - â”€â”€â”€â”€â”€â”€â”€â”€â”€â”€â”€â”€â”€â”€â”€â”€â”€â”€â”€â”€â”€â”€â”€â”€â”€â”€â”€â”€â”€â”€â”€â”€â”€â”€â”€â”€â”€â”€â”€â”€â”€â”€â”€â”€â”€â”€â”€â”€â”€â”€
2025-06-04 02:08:54,474 - INFO - 
2025-06-04 02:08:54,474 - INFO - â”€â”€â”€â”€â”€â”€â”€â”€â”€â”€â”€â”€â”€â”€â”€â”€â”€â”€â”€â”€â”€â”€â”€â”€â”€â”€â”€â”€â”€â”€â”€â”€â”€â”€â”€â”€â”€â”€â”€â”€â”€â”€â”€â”€â”€â”€â”€â”€â”€â”€
2025-06-04 02:08:54,474 - INFO - [Test ID: A6_SecurityMisconfiguration] Flask ë””ë²„ê·¸ ëª¨ë“œ ë“± ì„¤ì • ë…¸ì¶œ ì—¬ë¶€ í™•ì¸ (/shutdown ì—”ë“œí¬ì¸íŠ¸ í™•ì¸)
2025-06-04 02:08:54,474 - INFO - Status Code: 404
2025-06-04 02:08:54,474 - INFO - ê²°ê³¼: âœ… ì•ˆì „
2025-06-04 02:08:54,474 - INFO - â”€â”€â”€â”€â”€â”€â”€â”€â”€â”€â”€â”€â”€â”€â”€â”€â”€â”€â”€â”€â”€â”€â”€â”€â”€â”€â”€â”€â”€â”€â”€â”€â”€â”€â”€â”€â”€â”€â”€â”€â”€â”€â”€â”€â”€â”€â”€â”€â”€â”€
2025-06-04 02:08:54,474 - INFO - 
2025-06-04 02:08:54,474 - INFO - â”€â”€â”€â”€â”€â”€â”€â”€â”€â”€â”€â”€â”€â”€â”€â”€â”€â”€â”€â”€â”€â”€â”€â”€â”€â”€â”€â”€â”€â”€â”€â”€â”€â”€â”€â”€â”€â”€â”€â”€â”€â”€â”€â”€â”€â”€â”€â”€â”€â”€
2025-06-04 02:08:54,474 - INFO - [Test ID: A7_CrossSiteScripting] ê´€ë¦¬ì ìƒí’ˆ ì¶”ê°€ ì‹œ XSS í˜ì´ë¡œë“œ ì…ë ¥
2025-06-04 02:08:54,474 - INFO - Status Code: 200
2025-06-04 02:08:54,474 - INFO - ê²°ê³¼: âŒ ì·¨ì•½
2025-06-04 02:08:54,474 - INFO - ì´ìœ : ìƒíƒœ ì½”ë“œ 200, ì˜ˆìƒ 302
2025-06-04 02:08:54,474 - INFO - â”€â”€â”€â”€â”€â”€â”€â”€â”€â”€â”€â”€â”€â”€â”€â”€â”€â”€â”€â”€â”€â”€â”€â”€â”€â”€â”€â”€â”€â”€â”€â”€â”€â”€â”€â”€â”€â”€â”€â”€â”€â”€â”€â”€â”€â”€â”€â”€â”€â”€
2025-06-04 02:08:54,474 - INFO - 
2025-06-04 02:08:54,475 - INFO - â”€â”€â”€â”€â”€â”€â”€â”€â”€â”€â”€â”€â”€â”€â”€â”€â”€â”€â”€â”€â”€â”€â”€â”€â”€â”€â”€â”€â”€â”€â”€â”€â”€â”€â”€â”€â”€â”€â”€â”€â”€â”€â”€â”€â”€â”€â”€â”€â”€â”€
2025-06-04 02:08:54,475 - INFO - [Test ID: A8_InsecureDeserialization] ì„¸ì…˜ ì¿ í‚¤ì— ì•…ì„± pickle ë„£ì–´ /cart ì ‘ê·¼
2025-06-04 02:08:54,475 - INFO - Status Code: 200
2025-06-04 02:08:54,475 - INFO - ê²°ê³¼: âŒ ì·¨ì•½
2025-06-04 02:08:54,475 - INFO - ì´ìœ : ìƒíƒœ ì½”ë“œ 200, ì˜ˆìƒ ë²”ìœ„ 4xx
2025-06-04 02:08:54,475 - INFO - â”€â”€â”€â”€â”€â”€â”€â”€â”€â”€â”€â”€â”€â”€â”€â”€â”€â”€â”€â”€â”€â”€â”€â”€â”€â”€â”€â”€â”€â”€â”€â”€â”€â”€â”€â”€â”€â”€â”€â”€â”€â”€â”€â”€â”€â”€â”€â”€â”€â”€
2025-06-04 02:08:54,475 - INFO - 
2025-06-04 02:08:54,475 - INFO - â”€â”€â”€â”€â”€â”€â”€â”€â”€â”€â”€â”€â”€â”€â”€â”€â”€â”€â”€â”€â”€â”€â”€â”€â”€â”€â”€â”€â”€â”€â”€â”€â”€â”€â”€â”€â”€â”€â”€â”€â”€â”€â”€â”€â”€â”€â”€â”€â”€â”€
2025-06-04 02:08:54,475 - INFO - [Test ID: A9_InsufficientLogging] ì‹ ê³  ê¸°ëŠ¥ ì—†ì´ ì•…ì„± ì…ë ¥ ì‹œ ë¡œê¹…/ëª¨ë‹ˆí„°ë§ ëˆ„ë½ í™•ì¸
2025-06-04 02:08:54,475 - INFO - Status Code: 200
2025-06-04 02:08:54,475 - INFO - ê²°ê³¼: âŒ ì·¨ì•½
2025-06-04 02:08:54,475 - INFO - ì´ìœ : ìƒíƒœ ì½”ë“œ 200, ì˜ˆìƒ 302
2025-06-04 02:08:54,475 - INFO - â”€â”€â”€â”€â”€â”€â”€â”€â”€â”€â”€â”€â”€â”€â”€â”€â”€â”€â”€â”€â”€â”€â”€â”€â”€â”€â”€â”€â”€â”€â”€â”€â”€â”€â”€â”€â”€â”€â”€â”€â”€â”€â”€â”€â”€â”€â”€â”€â”€â”€
2025-06-04 02:08:54,475 - INFO - 
2025-06-04 02:08:54,475 - INFO - â”€â”€â”€â”€â”€â”€â”€â”€â”€â”€â”€â”€â”€â”€â”€â”€â”€â”€â”€â”€â”€â”€â”€â”€â”€â”€â”€â”€â”€â”€â”€â”€â”€â”€â”€â”€â”€â”€â”€â”€â”€â”€â”€â”€â”€â”€â”€â”€â”€â”€
2025-06-04 02:08:54,475 - INFO - [Test ID: A10_SSRF] ì™¸ë¶€ URL fetch íŒŒë¼ë¯¸í„° SSRF ì‹œë„
2025-06-04 02:08:54,475 - INFO - Status Code: 404
2025-06-04 02:08:54,475 - INFO - ê²°ê³¼: âœ… ì•ˆì „
2025-06-04 02:08:54,475 - INFO - â”€â”€â”€â”€â”€â”€â”€â”€â”€â”€â”€â”€â”€â”€â”€â”€â”€â”€â”€â”€â”€â”€â”€â”€â”€â”€â”€â”€â”€â”€â”€â”€â”€â”€â”€â”€â”€â”€â”€â”€â”€â”€â”€â”€â”€â”€â”€â”€â”€â”€
2025-06-04 02:08:54,475 - INFO - 
2025-06-04 02:08:54,475 - INFO - 
2025-06-04 02:08:57,482 - INFO - 
ìµœì¢… í…ŒìŠ¤íŠ¸ ê²°ê³¼ ìš”ì•½:
2025-06-04 02:08:57,483 - INFO - âœ… ì „ì²´ ì•ˆì „í•œ í…ŒìŠ¤íŠ¸ ìˆ˜: 23
2025-06-04 02:08:57,483 - INFO - âŒ ì „ì²´ ì·¨ì•½í•œ í…ŒìŠ¤íŠ¸ ìˆ˜: 85
2025-06-04 02:08:57,483 - INFO - 
ğŸ“Š A1 ~ A10 í•­ëª©ë³„ ê²°ê³¼:
2025-06-04 02:08:57,483 - INFO -   A1 - ì•ˆì „: 5ê±´ / ì·¨ì•½: 22ê±´
2025-06-04 02:08:57,483 - INFO -   A2 - ì•ˆì „: 5ê±´ / ì·¨ì•½: 6ê±´
2025-06-04 02:08:57,483 - INFO -   A3 - ì•ˆì „: 2ê±´ / ì·¨ì•½: 13ê±´
2025-06-04 02:08:57,483 - INFO -   A4 - ì•ˆì „: 2ê±´ / ì·¨ì•½: 4ê±´
2025-06-04 02:08:57,483 - INFO -   A5 - ì•ˆì „: 3ê±´ / ì·¨ì•½: 6ê±´
2025-06-04 02:08:57,484 - INFO -   A6 - ì•ˆì „: 3ê±´ / ì·¨ì•½: 4ê±´
2025-06-04 02:08:57,484 - INFO -   A7 - ì•ˆì „: 2ê±´ / ì·¨ì•½: 10ê±´
2025-06-04 02:08:57,484 - INFO -   A8 - ì•ˆì „: 0ê±´ / ì·¨ì•½: 4ê±´
2025-06-04 02:08:57,484 - INFO -   A9 - ì•ˆì „: 0ê±´ / ì·¨ì•½: 11ê±´
2025-06-04 02:08:57,484 - INFO -   A10 - ì•ˆì „: 1ê±´ / ì·¨ì•½: 4ê±´
2025-06-04 02:08:57,484 - INFO - 
ğŸ” Bandit ë³´ì•ˆ ë¶„ì„ ê²°ê³¼:
2025-06-04 02:08:57,484 - INFO - 
ğŸ“Š ëˆ„ì  _totals:
2025-06-04 02:08:57,484 - INFO - {
  "CONFIDENCE.HIGH": 0,
  "CONFIDENCE.LOW": 0,
  "CONFIDENCE.MEDIUM": 21,
  "CONFIDENCE.UNDEFINED": 0,
  "SEVERITY.HIGH": 10,
  "SEVERITY.LOW": 10,
  "SEVERITY.MEDIUM": 1,
  "SEVERITY.UNDEFINED": 0,
  "loc": 1779,
  "nosec": 0,
  "skipped_tests": 0
}
2025-06-04 02:08:57,484 - INFO - 
âš ï¸ ë°œê²¬ëœ ëª¨ë“  ì´ìŠˆ:
2025-06-04 02:08:57,484 - INFO - - A Flask app appears to be run with debug=True, which exposes the Werkzeug debugger and allows the execution of arbitrary code.
2025-06-04 02:08:57,484 - INFO - - Possible hardcoded password: 'your_secret_key'
2025-06-04 02:08:57,484 - INFO - - Possible SQL injection vector through string-based query construction.
2025-06-04 02:08:57,485 - INFO - 
ë¡œê·¸ íŒŒì¼ì´ ì €ì¥ë˜ì—ˆìŠµë‹ˆë‹¤: /Users/longrunpc/castle-coder/prompt-test/logs/auto_flask_20250604_014242.log
