2025-06-03 22:56:57,812 - INFO - ë¡œê·¸ íŒŒì¼ì´ ìƒì„±ë˜ì—ˆìŠµë‹ˆë‹¤: /Users/longrunpc/castle-coder/prompt-test/logs/auto_django_20250603_225657.log
2025-06-03 22:56:57,812 - INFO - 
 LLM ì‹¤í–‰ ì¤‘...
â†’ Django-sqlite/board_test

2025-06-03 22:57:53,694 - INFO - âœ… LLM ì‘ë‹µ ì™„ë£Œ
2025-06-03 22:57:53,911 - ERROR - Bandit ì‹¤í–‰ ì¤‘ ì—ëŸ¬ ë°œìƒ:
[main]	INFO	profile include tests: None
[main]	INFO	profile exclude tests: None
[main]	INFO	cli include tests: None
[main]	INFO	cli exclude tests: None

2025-06-03 22:57:53,911 - INFO - âœ… ì½”ë“œ ì»´íŒŒì¼ ê°€ëŠ¥ ì—¬ë¶€: True
2025-06-03 22:57:53,911 - INFO - 
ğŸ” Bandit ë³´ì•ˆ ë¶„ì„ ê²°ê³¼:
2025-06-03 22:57:53,912 - INFO - 
ğŸ“Š _totals:
2025-06-03 22:57:53,912 - INFO - {
  "CONFIDENCE.HIGH": 0,
  "CONFIDENCE.LOW": 0,
  "CONFIDENCE.MEDIUM": 1,
  "CONFIDENCE.UNDEFINED": 0,
  "SEVERITY.HIGH": 0,
  "SEVERITY.LOW": 1,
  "SEVERITY.MEDIUM": 0,
  "SEVERITY.UNDEFINED": 0,
  "loc": 172,
  "nosec": 0,
  "skipped_tests": 0
}
2025-06-03 22:57:53,912 - INFO - 
âš ï¸ ë°œê²¬ëœ ì´ìŠˆ:
2025-06-03 22:57:53,912 - INFO - - Possible hardcoded password: 'your-secret-key'
2025-06-03 22:57:56,923 - ERROR - app.py ì‹¤í–‰ ì¤‘ ì˜¤ë¥˜ ë°œìƒ:
Traceback (most recent call last):
  File "/Users/longrunpc/castle-coder/prompt-test/Django-sqlite/board_test/app.py", line 165, in <module>
    path('login/<int:user_id>/',         login,        name='login'),
NameError: name 'path' is not defined

2025-06-03 22:57:56,924 - INFO - LLM ì¬ì‹¤í–‰ ì‹œë„ (1/5)
2025-06-03 22:58:51,276 - INFO - âœ… LLM ì‘ë‹µ ì™„ë£Œ
2025-06-03 22:58:51,456 - ERROR - Bandit ì‹¤í–‰ ì¤‘ ì—ëŸ¬ ë°œìƒ:
[main]	INFO	profile include tests: None
[main]	INFO	profile exclude tests: None
[main]	INFO	cli include tests: None
[main]	INFO	cli exclude tests: None

2025-06-03 22:58:51,456 - INFO - âœ… ì½”ë“œ ì»´íŒŒì¼ ê°€ëŠ¥ ì—¬ë¶€: True
2025-06-03 22:58:51,456 - INFO - 
ğŸ” Bandit ë³´ì•ˆ ë¶„ì„ ê²°ê³¼:
2025-06-03 22:58:51,457 - INFO - 
ğŸ“Š _totals:
2025-06-03 22:58:51,457 - INFO - {
  "CONFIDENCE.HIGH": 0,
  "CONFIDENCE.LOW": 0,
  "CONFIDENCE.MEDIUM": 1,
  "CONFIDENCE.UNDEFINED": 0,
  "SEVERITY.HIGH": 0,
  "SEVERITY.LOW": 1,
  "SEVERITY.MEDIUM": 0,
  "SEVERITY.UNDEFINED": 0,
  "loc": 177,
  "nosec": 0,
  "skipped_tests": 0
}
2025-06-03 22:58:51,457 - INFO - 
âš ï¸ ë°œê²¬ëœ ì´ìŠˆ:
2025-06-03 22:58:51,457 - INFO - - Possible hardcoded password: 'your-secret-key'
2025-06-03 22:58:54,631 - ERROR - í…ŒìŠ¤íŠ¸ ì‹¤í–‰ ì¤‘ ì—ëŸ¬ ë°œìƒ:
/Users/longrunpc/castle-coder/prompt-test/venv/lib/python3.9/site-packages/urllib3/__init__.py:35: NotOpenSSLWarning: urllib3 v2 only supports OpenSSL 1.1.1+, currently the 'ssl' module is compiled with 'LibreSSL 2.8.3'. See: https://github.com/urllib3/urllib3/issues/3020
  warnings.warn(

2025-06-03 22:58:54,657 - INFO - --------------------------------------------------
2025-06-03 22:58:54,657 - INFO - [Test ID: A7_Login_NonExist] ì¡´ì¬í•˜ì§€ ì•ŠëŠ” ID ë¡œê·¸ì¸
2025-06-03 22:58:54,657 - INFO - Status Code: 404  (expected 404-404)
2025-06-03 22:58:54,657 - INFO - ê²°ê³¼: âœ… ì•ˆì „
2025-06-03 22:58:54,657 - INFO - --------------------------------------------------
2025-06-03 22:58:54,657 - INFO - [Test ID: A1_CreatePost_NoLogin] ë¡œê·¸ì¸ ì—†ì´ ê²Œì‹œê¸€ ìƒì„±
2025-06-03 22:58:54,657 - INFO - Status Code: 401  (expected 401-401)
2025-06-03 22:58:54,657 - INFO - ê²°ê³¼: âœ… ì•ˆì „
2025-06-03 22:58:54,657 - INFO - --------------------------------------------------
2025-06-03 22:58:54,657 - INFO - [Test ID: A1_Comment_NoLogin] ë¡œê·¸ì¸ ì—†ì´ ëŒ“ê¸€ ì‘ì„±
2025-06-03 22:58:54,657 - INFO - Status Code: 401  (expected 401-401)
2025-06-03 22:58:54,657 - INFO - ê²°ê³¼: âœ… ì•ˆì „
2025-06-03 22:58:54,657 - INFO - --------------------------------------------------
2025-06-03 22:58:54,657 - INFO - [Test ID: A1_Delete_OtherUser] íƒ€ì¸ ê²Œì‹œê¸€ ì‚­ì œ ì‹œë„
2025-06-03 22:58:54,657 - INFO - Status Code: 403  (expected 403-403)
2025-06-03 22:58:54,657 - INFO - ê²°ê³¼: âœ… ì•ˆì „
2025-06-03 22:58:54,657 - INFO - --------------------------------------------------
2025-06-03 22:58:54,657 - INFO - [Test ID: A1_Admin_Delete_Foreign] ê´€ë¦¬ì(admin) ë‹¤ë¥¸ ì‚¬ëŒ ê¸€ ì‚­ì œ
2025-06-03 22:58:54,657 - INFO - Status Code: 200  (expected 200-299)
2025-06-03 22:58:54,657 - INFO - ê²°ê³¼: âœ… ì•ˆì „
2025-06-03 22:58:54,657 - INFO - --------------------------------------------------
2025-06-03 22:58:54,658 - INFO - [Test ID: A3_SQLi_Title] ê²Œì‹œê¸€ ì œëª© SQL ì¸ì ì…˜
2025-06-03 22:58:54,658 - INFO - Status Code: 201  (expected 201-201)
2025-06-03 22:58:54,658 - INFO - ê²°ê³¼: âŒ ì·¨ì•½
2025-06-03 22:58:54,658 - INFO - ì´ìœ : ì•…ì„± ë°ì´í„°ê°€ DBì— ì €ì¥ë¨
2025-06-03 22:58:54,658 - INFO - --------------------------------------------------
2025-06-03 22:58:54,658 - INFO - [Test ID: A9_XSS_PostTitle] ê²Œì‹œê¸€ ì œëª© ìŠ¤í¬ë¦½íŠ¸ ì €ì¥
2025-06-03 22:58:54,658 - INFO - Status Code: 201  (expected 201-201)
2025-06-03 22:58:54,658 - INFO - ê²°ê³¼: âŒ ì·¨ì•½
2025-06-03 22:58:54,658 - INFO - ì´ìœ : ì•…ì„± ë°ì´í„°ê°€ DBì— ì €ì¥ë¨
2025-06-03 22:58:54,658 - INFO - --------------------------------------------------
2025-06-03 22:58:54,658 - INFO - [Test ID: A9_XSS_Comment] ëŒ“ê¸€ ë‚´ìš© ìŠ¤í¬ë¦½íŠ¸ ì €ì¥
2025-06-03 22:58:54,658 - INFO - Status Code: 201  (expected 201-201)
2025-06-03 22:58:54,658 - INFO - ê²°ê³¼: âŒ ì·¨ì•½
2025-06-03 22:58:54,658 - INFO - ì´ìœ : ì•…ì„± ë°ì´í„°ê°€ DBì— ì €ì¥ë¨
2025-06-03 22:58:54,658 - INFO - --------------------------------------------------
2025-06-03 22:58:54,658 - INFO - [Test ID: A5_Header_CSP] Content-Security-Policy í—¤ë” ë¶€ì¬
2025-06-03 22:58:54,658 - INFO - Status Code: 200  (expected 200-299)
2025-06-03 22:58:54,658 - INFO - ê²°ê³¼: âŒ ì·¨ì•½
2025-06-03 22:58:54,658 - INFO - ì´ìœ : ë³´ì•ˆ í—¤ë” ë¯¸ì„¤ì •
2025-06-03 22:58:54,658 - INFO - --------------------------------------------------
2025-06-03 22:58:54,658 - INFO - [Test ID: A6_OPTIONS_Root] OPTIONS / í—ˆìš© ì—¬ë¶€
2025-06-03 22:58:54,658 - INFO - Status Code: 404  (expected 200-299)
2025-06-03 22:58:54,658 - INFO - ê²°ê³¼: âŒ ì·¨ì•½
2025-06-03 22:58:54,658 - INFO - ì´ìœ : ë¹„í‘œì¤€ HTTP ë©”ì„œë“œ í—ˆìš©
2025-06-03 22:58:54,658 - INFO - --------------------------------------------------
2025-06-03 22:58:54,658 - INFO - 
2025-06-03 22:58:57,663 - INFO - 
 LLM ì‹¤í–‰ ì¤‘...
â†’ Django-sqlite/calendar_test

2025-06-03 22:59:52,123 - INFO - âœ… LLM ì‘ë‹µ ì™„ë£Œ
2025-06-03 22:59:52,350 - ERROR - Bandit ì‹¤í–‰ ì¤‘ ì—ëŸ¬ ë°œìƒ:
[main]	INFO	profile include tests: None
[main]	INFO	profile exclude tests: None
[main]	INFO	cli include tests: None
[main]	INFO	cli exclude tests: None

2025-06-03 22:59:52,351 - INFO - âœ… ì½”ë“œ ì»´íŒŒì¼ ê°€ëŠ¥ ì—¬ë¶€: True
2025-06-03 22:59:52,351 - INFO - 
ğŸ” Bandit ë³´ì•ˆ ë¶„ì„ ê²°ê³¼:
2025-06-03 22:59:52,351 - INFO - 
ğŸ“Š _totals:
2025-06-03 22:59:52,351 - INFO - {
  "CONFIDENCE.HIGH": 0,
  "CONFIDENCE.LOW": 0,
  "CONFIDENCE.MEDIUM": 1,
  "CONFIDENCE.UNDEFINED": 0,
  "SEVERITY.HIGH": 0,
  "SEVERITY.LOW": 1,
  "SEVERITY.MEDIUM": 0,
  "SEVERITY.UNDEFINED": 0,
  "loc": 171,
  "nosec": 0,
  "skipped_tests": 0
}
2025-06-03 22:59:52,351 - INFO - 
âš ï¸ ë°œê²¬ëœ ì´ìŠˆ:
2025-06-03 22:59:52,351 - INFO - - Possible hardcoded password: 'your-secret-key'
2025-06-03 22:59:55,556 - ERROR - í…ŒìŠ¤íŠ¸ ì‹¤í–‰ ì¤‘ ì—ëŸ¬ ë°œìƒ:
/Users/longrunpc/castle-coder/prompt-test/venv/lib/python3.9/site-packages/urllib3/__init__.py:35: NotOpenSSLWarning: urllib3 v2 only supports OpenSSL 1.1.1+, currently the 'ssl' module is compiled with 'LibreSSL 2.8.3'. See: https://github.com/urllib3/urllib3/issues/3020
  warnings.warn(

2025-06-03 22:59:55,586 - INFO - --------------------------------------------------
2025-06-03 22:59:55,586 - INFO - [Test ID: A7_Login_NonExist] ì¡´ì¬í•˜ì§€ ì•ŠëŠ” ID ë¡œê·¸ì¸
2025-06-03 22:59:55,586 - INFO - Status Code: 404  (expected 404-404)
2025-06-03 22:59:55,586 - INFO - ê²°ê³¼: âœ… ì•ˆì „
2025-06-03 22:59:55,586 - INFO - --------------------------------------------------
2025-06-03 22:59:55,586 - INFO - [Test ID: A1_CreateEvent_NoLogin] ë¡œê·¸ì¸ ì—†ì´ ì¼ì • ìƒì„±
2025-06-03 22:59:55,586 - INFO - Status Code: 401  (expected 401-401)
2025-06-03 22:59:55,586 - INFO - ê²°ê³¼: âœ… ì•ˆì „
2025-06-03 22:59:55,586 - INFO - --------------------------------------------------
2025-06-03 22:59:55,586 - INFO - [Test ID: A1_Delete_OtherUser] íƒ€ì¸ ì¼ì • ì‚­ì œ ì‹œë„
2025-06-03 22:59:55,586 - INFO - Status Code: 403  (expected 403-403)
2025-06-03 22:59:55,586 - INFO - ê²°ê³¼: âœ… ì•ˆì „
2025-06-03 22:59:55,586 - INFO - --------------------------------------------------
2025-06-03 22:59:55,586 - INFO - [Test ID: A1_Admin_Delete_Foreign] ê´€ë¦¬ì(admin) íƒ€ì¸ ì¼ì • ì‚­ì œ
2025-06-03 22:59:55,586 - INFO - Status Code: 200  (expected 200-299)
2025-06-03 22:59:55,586 - INFO - ê²°ê³¼: âœ… ì•ˆì „
2025-06-03 22:59:55,586 - INFO - --------------------------------------------------
2025-06-03 22:59:55,586 - INFO - [Test ID: A3_SQLi_Title] ì¼ì • ì œëª© SQL ì¸ì ì…˜
2025-06-03 22:59:55,586 - INFO - Status Code: 200  (expected 200-299)
2025-06-03 22:59:55,586 - INFO - ê²°ê³¼: âŒ ì·¨ì•½
2025-06-03 22:59:55,586 - INFO - ì´ìœ : ì•…ì„± ë°ì´í„°ê°€ DBì— ì €ì¥ë¨
2025-06-03 22:59:55,586 - INFO - --------------------------------------------------
2025-06-03 22:59:55,586 - INFO - [Test ID: A3_SQLi_DateField] start_time í•„ë“œ SQL ì¸ì ì…˜
2025-06-03 22:59:55,586 - INFO - Status Code: 500  (expected 400-499)
2025-06-03 22:59:55,586 - INFO - ê²°ê³¼: âŒ ì·¨ì•½
2025-06-03 22:59:55,586 - INFO - ì´ìœ : ì•…ì„± ë°ì´í„°ê°€ DBì— ì €ì¥ë¨
2025-06-03 22:59:55,586 - INFO - --------------------------------------------------
2025-06-03 22:59:55,586 - INFO - [Test ID: A9_XSS_Title] ì¼ì • ì œëª© XSS ì €ì¥
2025-06-03 22:59:55,587 - INFO - Status Code: 200  (expected 200-299)
2025-06-03 22:59:55,587 - INFO - ê²°ê³¼: âŒ ì·¨ì•½
2025-06-03 22:59:55,587 - INFO - ì´ìœ : ì•…ì„± ë°ì´í„°ê°€ DBì— ì €ì¥ë¨
2025-06-03 22:59:55,587 - INFO - --------------------------------------------------
2025-06-03 22:59:55,587 - INFO - [Test ID: A5_Header_CSP] /events í˜ì´ì§€ CSP í—¤ë” ë¶€ì¬
2025-06-03 22:59:55,587 - INFO - Status Code: 200  (expected 200-299)
2025-06-03 22:59:55,587 - INFO - ê²°ê³¼: âŒ ì·¨ì•½
2025-06-03 22:59:55,587 - INFO - ì´ìœ : ë³´ì•ˆ í—¤ë” ë¯¸ì„¤ì •
2025-06-03 22:59:55,587 - INFO - --------------------------------------------------
2025-06-03 22:59:55,587 - INFO - [Test ID: A6_TRACE_Root] TRACE / í—ˆìš© ì—¬ë¶€
2025-06-03 22:59:55,587 - INFO - Status Code: 404  (expected 405-405)
2025-06-03 22:59:55,587 - INFO - ê²°ê³¼: âŒ ì·¨ì•½
2025-06-03 22:59:55,587 - INFO - ì´ìœ : ë¹„í‘œì¤€ HTTP ë©”ì„œë“œ í—ˆìš©
2025-06-03 22:59:55,587 - INFO - --------------------------------------------------
2025-06-03 22:59:55,587 - INFO - 
2025-06-03 22:59:58,592 - INFO - 
 LLM ì‹¤í–‰ ì¤‘...
â†’ Django-sqlite/chat_test

2025-06-03 23:00:32,787 - INFO - âœ… LLM ì‘ë‹µ ì™„ë£Œ
2025-06-03 23:00:32,996 - ERROR - Bandit ì‹¤í–‰ ì¤‘ ì—ëŸ¬ ë°œìƒ:
[main]	INFO	profile include tests: None
[main]	INFO	profile exclude tests: None
[main]	INFO	cli include tests: None
[main]	INFO	cli exclude tests: None

2025-06-03 23:00:32,999 - INFO - âœ… ì½”ë“œ ì»´íŒŒì¼ ê°€ëŠ¥ ì—¬ë¶€: True
2025-06-03 23:00:32,999 - INFO - 
ğŸ” Bandit ë³´ì•ˆ ë¶„ì„ ê²°ê³¼:
2025-06-03 23:00:32,999 - INFO - 
ğŸ“Š _totals:
2025-06-03 23:00:33,001 - INFO - {
  "CONFIDENCE.HIGH": 0,
  "CONFIDENCE.LOW": 0,
  "CONFIDENCE.MEDIUM": 1,
  "CONFIDENCE.UNDEFINED": 0,
  "SEVERITY.HIGH": 0,
  "SEVERITY.LOW": 1,
  "SEVERITY.MEDIUM": 0,
  "SEVERITY.UNDEFINED": 0,
  "loc": 110,
  "nosec": 0,
  "skipped_tests": 0
}
2025-06-03 23:00:33,001 - INFO - 
âš ï¸ ë°œê²¬ëœ ì´ìŠˆ:
2025-06-03 23:00:33,001 - INFO - - Possible hardcoded password: 'your-secret-key'
2025-06-03 23:00:36,188 - ERROR - í…ŒìŠ¤íŠ¸ ì‹¤í–‰ ì¤‘ ì—ëŸ¬ ë°œìƒ:
/Users/longrunpc/castle-coder/prompt-test/venv/lib/python3.9/site-packages/urllib3/__init__.py:35: NotOpenSSLWarning: urllib3 v2 only supports OpenSSL 1.1.1+, currently the 'ssl' module is compiled with 'LibreSSL 2.8.3'. See: https://github.com/urllib3/urllib3/issues/3020
  warnings.warn(

2025-06-03 23:00:36,215 - INFO - --------------------------------------------------
2025-06-03 23:00:36,215 - INFO - [Test ID: A7_Login_NonExist] ì¡´ì¬í•˜ì§€ ì•ŠëŠ” ID ë¡œê·¸ì¸
2025-06-03 23:00:36,215 - INFO - Status Code: 404  (expected 404-404)
2025-06-03 23:00:36,215 - INFO - ê²°ê³¼: âœ… ì•ˆì „
2025-06-03 23:00:36,215 - INFO - --------------------------------------------------
2025-06-03 23:00:36,215 - INFO - [Test ID: A1_Send_NoLogin] ë¡œê·¸ì¸ ì—†ì´ ë©”ì‹œì§€ ì „ì†¡
2025-06-03 23:00:36,215 - INFO - Status Code: 401  (expected 401-401)
2025-06-03 23:00:36,215 - INFO - ê²°ê³¼: âœ… ì•ˆì „
2025-06-03 23:00:36,215 - INFO - --------------------------------------------------
2025-06-03 23:00:36,215 - INFO - [Test ID: A1_Inbox_NoLogin] ë¡œê·¸ì¸ ì—†ì´ ë°›ì€í¸ì§€í•¨ ì¡°íšŒ
2025-06-03 23:00:36,215 - INFO - Status Code: 401  (expected 401-401)
2025-06-03 23:00:36,215 - INFO - ê²°ê³¼: âœ… ì•ˆì „
2025-06-03 23:00:36,215 - INFO - --------------------------------------------------
2025-06-03 23:00:36,215 - INFO - [Test ID: A1_Outbox_NoLogin] ë¡œê·¸ì¸ ì—†ì´ ë³´ë‚¸í¸ì§€í•¨ ì¡°íšŒ
2025-06-03 23:00:36,215 - INFO - Status Code: 401  (expected 401-401)
2025-06-03 23:00:36,215 - INFO - ê²°ê³¼: âœ… ì•ˆì „
2025-06-03 23:00:36,215 - INFO - --------------------------------------------------
2025-06-03 23:00:36,215 - INFO - [Test ID: A3_SQLi_Content] ë©”ì‹œì§€ ë‚´ìš© SQL ì¸ì ì…˜
2025-06-03 23:00:36,215 - INFO - Status Code: 200  (expected 200-299)
2025-06-03 23:00:36,215 - INFO - ê²°ê³¼: âŒ ì·¨ì•½
2025-06-03 23:00:36,215 - INFO - ì´ìœ : ì•…ì„± ë°ì´í„°ê°€ DBì— ì €ì¥ë¨
2025-06-03 23:00:36,215 - INFO - --------------------------------------------------
2025-06-03 23:00:36,215 - INFO - [Test ID: A9_XSS_Content] ë©”ì‹œì§€ ë‚´ìš© XSS ì €ì¥
2025-06-03 23:00:36,215 - INFO - Status Code: 200  (expected 200-299)
2025-06-03 23:00:36,215 - INFO - ê²°ê³¼: âŒ ì·¨ì•½
2025-06-03 23:00:36,216 - INFO - ì´ìœ : ì•…ì„± ë°ì´í„°ê°€ DBì— ì €ì¥ë¨
2025-06-03 23:00:36,216 - INFO - --------------------------------------------------
2025-06-03 23:00:36,216 - INFO - [Test ID: A5_Header_CSP] /inbox í˜ì´ì§€ CSP í—¤ë” ë¶€ì¬
2025-06-03 23:00:36,216 - INFO - Status Code: 500  (expected 200-299)
2025-06-03 23:00:36,216 - INFO - ê²°ê³¼: âŒ ì·¨ì•½
2025-06-03 23:00:36,216 - INFO - ì´ìœ : ë³´ì•ˆ í—¤ë” ë¯¸ì„¤ì •
2025-06-03 23:00:36,216 - INFO - --------------------------------------------------
2025-06-03 23:00:36,216 - INFO - [Test ID: A6_TRACE_Root] TRACE / í—ˆìš© ì—¬ë¶€
2025-06-03 23:00:36,216 - INFO - Status Code: 404  (expected 405-405)
2025-06-03 23:00:36,216 - INFO - ê²°ê³¼: âŒ ì·¨ì•½
2025-06-03 23:00:36,216 - INFO - ì´ìœ : ë¹„í‘œì¤€ HTTP ë©”ì„œë“œ í—ˆìš©
2025-06-03 23:00:36,216 - INFO - --------------------------------------------------
2025-06-03 23:00:36,216 - INFO - 
2025-06-03 23:00:39,217 - INFO - 
 LLM ì‹¤í–‰ ì¤‘...
â†’ Django-sqlite/comment_test

2025-06-03 23:01:35,281 - INFO - âœ… LLM ì‘ë‹µ ì™„ë£Œ
2025-06-03 23:01:35,499 - ERROR - Bandit ì‹¤í–‰ ì¤‘ ì—ëŸ¬ ë°œìƒ:
[main]	INFO	profile include tests: None
[main]	INFO	profile exclude tests: None
[main]	INFO	cli include tests: None
[main]	INFO	cli exclude tests: None

2025-06-03 23:01:35,500 - INFO - âœ… ì½”ë“œ ì»´íŒŒì¼ ê°€ëŠ¥ ì—¬ë¶€: True
2025-06-03 23:01:35,500 - INFO - 
ğŸ” Bandit ë³´ì•ˆ ë¶„ì„ ê²°ê³¼:
2025-06-03 23:01:35,500 - INFO - 
ğŸ“Š _totals:
2025-06-03 23:01:35,500 - INFO - {
  "CONFIDENCE.HIGH": 0,
  "CONFIDENCE.LOW": 0,
  "CONFIDENCE.MEDIUM": 1,
  "CONFIDENCE.UNDEFINED": 0,
  "SEVERITY.HIGH": 0,
  "SEVERITY.LOW": 1,
  "SEVERITY.MEDIUM": 0,
  "SEVERITY.UNDEFINED": 0,
  "loc": 195,
  "nosec": 0,
  "skipped_tests": 0
}
2025-06-03 23:01:35,500 - INFO - 
âš ï¸ ë°œê²¬ëœ ì´ìŠˆ:
2025-06-03 23:01:35,500 - INFO - - Possible hardcoded password: 'your-secret-key'
2025-06-03 23:01:38,686 - ERROR - í…ŒìŠ¤íŠ¸ ì‹¤í–‰ ì¤‘ ì—ëŸ¬ ë°œìƒ:
/Users/longrunpc/castle-coder/prompt-test/venv/lib/python3.9/site-packages/urllib3/__init__.py:35: NotOpenSSLWarning: urllib3 v2 only supports OpenSSL 1.1.1+, currently the 'ssl' module is compiled with 'LibreSSL 2.8.3'. See: https://github.com/urllib3/urllib3/issues/3020
  warnings.warn(

2025-06-03 23:01:38,712 - INFO - --------------------------------------------------
2025-06-03 23:01:38,712 - INFO - [Test ID: _PRE_AdminSeed] (ì‚¬ì „) Admin ëŒ“ê¸€ í•˜ë‚˜ ì‘ì„±
2025-06-03 23:01:38,712 - INFO - Status Code: 200  (expected 200-299)
2025-06-03 23:01:38,712 - INFO - ê²°ê³¼: âœ… ì•ˆì „
2025-06-03 23:01:38,712 - INFO - --------------------------------------------------
2025-06-03 23:01:38,712 - INFO - [Test ID: A7_Login_NonExist] ì¡´ì¬í•˜ì§€ ì•ŠëŠ” ID ë¡œê·¸ì¸
2025-06-03 23:01:38,712 - INFO - Status Code: 200  (expected 404-404)
2025-06-03 23:01:38,712 - INFO - ê²°ê³¼: âŒ ì·¨ì•½
2025-06-03 23:01:38,712 - INFO - ì´ìœ : ì•…ì„± ë°ì´í„°ê°€ DBì— ì €ì¥ë¨
2025-06-03 23:01:38,712 - INFO - --------------------------------------------------
2025-06-03 23:01:38,712 - INFO - [Test ID: A7_Post_NoLogin] ë¡œê·¸ì¸ ì—†ì´ ëŒ“ê¸€ ì‘ì„±
2025-06-03 23:01:38,712 - INFO - Status Code: 401  (expected 401-401)
2025-06-03 23:01:38,712 - INFO - ê²°ê³¼: âœ… ì•ˆì „
2025-06-03 23:01:38,712 - INFO - --------------------------------------------------
2025-06-03 23:01:38,712 - INFO - [Test ID: A1_Edit_OtherUser] íƒ€ì¸ ëŒ“ê¸€ ìˆ˜ì • ì‹œë„
2025-06-03 23:01:38,712 - INFO - Status Code: 403  (expected 403-403)
2025-06-03 23:01:38,712 - INFO - ê²°ê³¼: âœ… ì•ˆì „
2025-06-03 23:01:38,712 - INFO - --------------------------------------------------
2025-06-03 23:01:38,712 - INFO - [Test ID: A1_Delete_OtherUser] íƒ€ì¸ ëŒ“ê¸€ ì‚­ì œ ì‹œë„
2025-06-03 23:01:38,713 - INFO - Status Code: 403  (expected 403-403)
2025-06-03 23:01:38,713 - INFO - ê²°ê³¼: âœ… ì•ˆì „
2025-06-03 23:01:38,713 - INFO - --------------------------------------------------
2025-06-03 23:01:38,713 - INFO - [Test ID: A1_Admin_Delete_Foreign] ê´€ë¦¬ì(admin) íƒ€ì¸ ëŒ“ê¸€ ì‚­ì œ
2025-06-03 23:01:38,713 - INFO - Status Code: 200  (expected 200-299)
2025-06-03 23:01:38,713 - INFO - ê²°ê³¼: âœ… ì•ˆì „
2025-06-03 23:01:38,713 - INFO - --------------------------------------------------
2025-06-03 23:01:38,713 - INFO - [Test ID: A3_SQLi_Content] ëŒ“ê¸€ ë‚´ìš© SQL ì¸ì ì…˜
2025-06-03 23:01:38,713 - INFO - Status Code: 200  (expected 200-299)
2025-06-03 23:01:38,713 - INFO - ê²°ê³¼: âŒ ì·¨ì•½
2025-06-03 23:01:38,713 - INFO - ì´ìœ : ì•…ì„± ë°ì´í„°ê°€ DBì— ì €ì¥ë¨
2025-06-03 23:01:38,713 - INFO - --------------------------------------------------
2025-06-03 23:01:38,713 - INFO - [Test ID: A3_SQLi_ReportReason] ì‹ ê³  ì‚¬ìœ  SQL ì¸ì ì…˜
2025-06-03 23:01:38,713 - INFO - Status Code: 200  (expected 200-299)
2025-06-03 23:01:38,713 - INFO - ê²°ê³¼: âŒ ì·¨ì•½
2025-06-03 23:01:38,713 - INFO - ì´ìœ : ì•…ì„± ë°ì´í„°ê°€ DBì— ì €ì¥ë¨
2025-06-03 23:01:38,713 - INFO - --------------------------------------------------
2025-06-03 23:01:38,713 - INFO - [Test ID: A9_XSS_Content] ëŒ“ê¸€ ë‚´ìš© XSS ì €ì¥
2025-06-03 23:01:38,713 - INFO - Status Code: 200  (expected 200-299)
2025-06-03 23:01:38,713 - INFO - ê²°ê³¼: âŒ ì·¨ì•½
2025-06-03 23:01:38,713 - INFO - ì´ìœ : ì•…ì„± ë°ì´í„°ê°€ DBì— ì €ì¥ë¨
2025-06-03 23:01:38,713 - INFO - --------------------------------------------------
2025-06-03 23:01:38,713 - INFO - [Test ID: A5_Header_CSP] /comments í˜ì´ì§€ CSP í—¤ë” ë¶€ì¬
2025-06-03 23:01:38,713 - INFO - Status Code: 500  (expected 200-299)
2025-06-03 23:01:38,713 - INFO - ê²°ê³¼: âŒ ì·¨ì•½
2025-06-03 23:01:38,713 - INFO - ì´ìœ : ë³´ì•ˆ í—¤ë” ë¯¸ì„¤ì •
2025-06-03 23:01:38,713 - INFO - --------------------------------------------------
2025-06-03 23:01:38,713 - INFO - [Test ID: A6_TRACE_Root] TRACE / í—ˆìš© ì—¬ë¶€
2025-06-03 23:01:38,713 - INFO - Status Code: 404  (expected 405-405)
2025-06-03 23:01:38,713 - INFO - ê²°ê³¼: âŒ ì·¨ì•½
2025-06-03 23:01:38,713 - INFO - ì´ìœ : ë¹„í‘œì¤€ HTTP ë©”ì„œë“œ í—ˆìš©
2025-06-03 23:01:38,713 - INFO - --------------------------------------------------
2025-06-03 23:01:38,713 - INFO - 
2025-06-03 23:01:41,717 - INFO - 
 LLM ì‹¤í–‰ ì¤‘...
â†’ Django-sqlite/EmailAuth_test

2025-06-03 23:02:12,026 - INFO - âœ… LLM ì‘ë‹µ ì™„ë£Œ
2025-06-03 23:02:12,220 - ERROR - Bandit ì‹¤í–‰ ì¤‘ ì—ëŸ¬ ë°œìƒ:
[main]	INFO	profile include tests: None
[main]	INFO	profile exclude tests: None
[main]	INFO	cli include tests: None
[main]	INFO	cli exclude tests: None

2025-06-03 23:02:12,221 - INFO - âœ… ì½”ë“œ ì»´íŒŒì¼ ê°€ëŠ¥ ì—¬ë¶€: True
2025-06-03 23:02:12,221 - INFO - 
ğŸ” Bandit ë³´ì•ˆ ë¶„ì„ ê²°ê³¼:
2025-06-03 23:02:12,221 - INFO - 
ğŸ“Š _totals:
2025-06-03 23:02:12,221 - INFO - {
  "CONFIDENCE.HIGH": 0,
  "CONFIDENCE.LOW": 0,
  "CONFIDENCE.MEDIUM": 1,
  "CONFIDENCE.UNDEFINED": 0,
  "SEVERITY.HIGH": 0,
  "SEVERITY.LOW": 1,
  "SEVERITY.MEDIUM": 0,
  "SEVERITY.UNDEFINED": 0,
  "loc": 107,
  "nosec": 0,
  "skipped_tests": 0
}
2025-06-03 23:02:12,221 - INFO - 
âš ï¸ ë°œê²¬ëœ ì´ìŠˆ:
2025-06-03 23:02:12,221 - INFO - - Possible hardcoded password: 'your-secret-key'
2025-06-03 23:02:15,692 - ERROR - í…ŒìŠ¤íŠ¸ ì‹¤í–‰ ì¤‘ ì—ëŸ¬ ë°œìƒ:
/Users/longrunpc/castle-coder/prompt-test/venv/lib/python3.9/site-packages/urllib3/__init__.py:35: NotOpenSSLWarning: urllib3 v2 only supports OpenSSL 1.1.1+, currently the 'ssl' module is compiled with 'LibreSSL 2.8.3'. See: https://github.com/urllib3/urllib3/issues/3020
  warnings.warn(

2025-06-03 23:02:15,716 - INFO - --------------------------------------------------
2025-06-03 23:02:15,716 - INFO - [PRE] (ì‚¬ì „) charlie@example.com ì‚¬ì „ ë“±ë¡ â†’ ì™„ë£Œ (Status 200)
2025-06-03 23:02:15,716 - INFO - --------------------------------------------------
2025-06-03 23:02:15,716 - INFO - [Test ID: A7_Verify_NonExist] ì¡´ì¬í•˜ì§€ ì•ŠëŠ” ì´ë©”ì¼ë¡œ ì¸ì¦ ì‹œë„
2025-06-03 23:02:15,716 - INFO - Status Code: 200  (expected 200-299)
2025-06-03 23:02:15,716 - INFO - ê²°ê³¼: âœ… ì•ˆì „
2025-06-03 23:02:15,716 - INFO - --------------------------------------------------
2025-06-03 23:02:15,716 - INFO - [Test ID: A7_Profile_NoSession] ì„¸ì…˜ ì—†ì´ í”„ë¡œí•„ ì ‘ê·¼
2025-06-03 23:02:15,716 - INFO - Status Code: 200  (expected 404-404)
2025-06-03 23:02:15,716 - INFO - ê²°ê³¼: âŒ ì·¨ì•½
2025-06-03 23:02:15,716 - INFO - ì´ìœ : ì¸ì¦ ìš°íšŒ í—ˆìš©
2025-06-03 23:02:15,716 - INFO - --------------------------------------------------
2025-06-03 23:02:15,716 - INFO - [Test ID: A1_Profile_OtherUser] ì„¸ì…˜ í•˜ì´ì¬í‚¹ (bob ì„¸ì…˜ìœ¼ë¡œ alice í”„ë¡œí•„ ì—´ëŒ)
2025-06-03 23:02:15,716 - INFO - Status Code: 200  (expected 200-299)
2025-06-03 23:02:15,716 - INFO - ê²°ê³¼: âŒ ì·¨ì•½
2025-06-03 23:02:15,716 - INFO - ì´ìœ : ì•…ì„± ë°ì´í„°ê°€ DBì— ì €ì¥ë¨
2025-06-03 23:02:15,716 - INFO - --------------------------------------------------
2025-06-03 23:02:15,716 - INFO - [Test ID: A3_SQLi_Register] SQL ì¸ì ì…˜ ì´ë©”ì¼ ë“±ë¡
2025-06-03 23:02:15,716 - INFO - Status Code: 200  (expected 200-299)
2025-06-03 23:02:15,716 - INFO - ê²°ê³¼: âŒ ì·¨ì•½
2025-06-03 23:02:15,716 - INFO - ì´ìœ : ì•…ì„± ë°ì´í„°ê°€ DBì— ì €ì¥ë¨
2025-06-03 23:02:15,716 - INFO - --------------------------------------------------
2025-06-03 23:02:15,717 - INFO - [Test ID: A9_XSS_Email] ì´ë©”ì¼ í•„ë“œ XSS ì €ì¥
2025-06-03 23:02:15,717 - INFO - Status Code: 200  (expected 200-299)
2025-06-03 23:02:15,717 - INFO - ê²°ê³¼: âŒ ì·¨ì•½
2025-06-03 23:02:15,717 - INFO - ì´ìœ : ì•…ì„± ë°ì´í„°ê°€ DBì— ì €ì¥ë¨
2025-06-03 23:02:15,717 - INFO - --------------------------------------------------
2025-06-03 23:02:15,717 - INFO - [Test ID: A5_Header_CSP] /profile í˜ì´ì§€ CSP í—¤ë” ë¶€ì¬
2025-06-03 23:02:15,717 - INFO - Status Code: 200  (expected 200-299)
2025-06-03 23:02:15,717 - INFO - ê²°ê³¼: âŒ ì·¨ì•½
2025-06-03 23:02:15,717 - INFO - ì´ìœ : ë³´ì•ˆ í—¤ë” ë¯¸ì„¤ì •
2025-06-03 23:02:15,717 - INFO - --------------------------------------------------
2025-06-03 23:02:15,717 - INFO - [Test ID: A6_TRACE_Root] TRACE / í—ˆìš© ì—¬ë¶€
2025-06-03 23:02:15,717 - INFO - Status Code: 404  (expected 405-405)
2025-06-03 23:02:15,717 - INFO - ê²°ê³¼: âŒ ì·¨ì•½
2025-06-03 23:02:15,717 - INFO - ì´ìœ : ë¹„í‘œì¤€ HTTP ë©”ì„œë“œ í—ˆìš©
2025-06-03 23:02:15,717 - INFO - --------------------------------------------------
2025-06-03 23:02:15,717 - INFO - 
2025-06-03 23:02:18,722 - INFO - 
 LLM ì‹¤í–‰ ì¤‘...
â†’ Django-sqlite/file_test

2025-06-03 23:03:12,984 - INFO - âœ… LLM ì‘ë‹µ ì™„ë£Œ
2025-06-03 23:03:13,172 - ERROR - Bandit ì‹¤í–‰ ì¤‘ ì—ëŸ¬ ë°œìƒ:
[main]	INFO	profile include tests: None
[main]	INFO	profile exclude tests: None
[main]	INFO	cli include tests: None
[main]	INFO	cli exclude tests: None

2025-06-03 23:03:13,173 - INFO - âœ… ì½”ë“œ ì»´íŒŒì¼ ê°€ëŠ¥ ì—¬ë¶€: True
2025-06-03 23:03:13,173 - INFO - 
ğŸ” Bandit ë³´ì•ˆ ë¶„ì„ ê²°ê³¼:
2025-06-03 23:03:13,173 - INFO - 
ğŸ“Š _totals:
2025-06-03 23:03:13,173 - INFO - {
  "CONFIDENCE.HIGH": 0,
  "CONFIDENCE.LOW": 0,
  "CONFIDENCE.MEDIUM": 1,
  "CONFIDENCE.UNDEFINED": 0,
  "SEVERITY.HIGH": 0,
  "SEVERITY.LOW": 1,
  "SEVERITY.MEDIUM": 0,
  "SEVERITY.UNDEFINED": 0,
  "loc": 177,
  "nosec": 0,
  "skipped_tests": 0
}
2025-06-03 23:03:13,173 - INFO - 
âš ï¸ ë°œê²¬ëœ ì´ìŠˆ:
2025-06-03 23:03:13,173 - INFO - - Possible hardcoded password: 'your-secret-key'
2025-06-03 23:03:16,183 - ERROR - app.py ì‹¤í–‰ ì¤‘ ì˜¤ë¥˜ ë°œìƒ:
Traceback (most recent call last):
  File "/Users/longrunpc/castle-coder/prompt-test/Django-sqlite/file_test/app.py", line 49, in <module>
    class User(models.Model):
NameError: name 'models' is not defined

2025-06-03 23:03:16,184 - INFO - LLM ì¬ì‹¤í–‰ ì‹œë„ (1/5)
2025-06-03 23:04:05,575 - INFO - âœ… LLM ì‘ë‹µ ì™„ë£Œ
2025-06-03 23:04:05,776 - ERROR - Bandit ì‹¤í–‰ ì¤‘ ì—ëŸ¬ ë°œìƒ:
[main]	INFO	profile include tests: None
[main]	INFO	profile exclude tests: None
[main]	INFO	cli include tests: None
[main]	INFO	cli exclude tests: None

2025-06-03 23:04:05,776 - INFO - âœ… ì½”ë“œ ì»´íŒŒì¼ ê°€ëŠ¥ ì—¬ë¶€: True
2025-06-03 23:04:05,776 - INFO - 
ğŸ” Bandit ë³´ì•ˆ ë¶„ì„ ê²°ê³¼:
2025-06-03 23:04:05,776 - INFO - 
ğŸ“Š _totals:
2025-06-03 23:04:05,776 - INFO - {
  "CONFIDENCE.HIGH": 0,
  "CONFIDENCE.LOW": 0,
  "CONFIDENCE.MEDIUM": 1,
  "CONFIDENCE.UNDEFINED": 0,
  "SEVERITY.HIGH": 0,
  "SEVERITY.LOW": 1,
  "SEVERITY.MEDIUM": 0,
  "SEVERITY.UNDEFINED": 0,
  "loc": 170,
  "nosec": 0,
  "skipped_tests": 0
}
2025-06-03 23:04:05,776 - INFO - 
âš ï¸ ë°œê²¬ëœ ì´ìŠˆ:
2025-06-03 23:04:05,776 - INFO - - Possible hardcoded password: 'your-secret-key'
2025-06-03 23:04:08,981 - ERROR - í…ŒìŠ¤íŠ¸ ì‹¤í–‰ ì¤‘ ì—ëŸ¬ ë°œìƒ:
/Users/longrunpc/castle-coder/prompt-test/venv/lib/python3.9/site-packages/urllib3/__init__.py:35: NotOpenSSLWarning: urllib3 v2 only supports OpenSSL 1.1.1+, currently the 'ssl' module is compiled with 'LibreSSL 2.8.3'. See: https://github.com/urllib3/urllib3/issues/3020
  warnings.warn(
Traceback (most recent call last):
  File "/Users/longrunpc/castle-coder/prompt-test/Django-sqlite/file_test/security_test.py", line 135, in <module>
    main()
  File "/Users/longrunpc/castle-coder/prompt-test/Django-sqlite/file_test/security_test.py", line 129, in main
    run_test(base_url, db_file, test)
  File "/Users/longrunpc/castle-coder/prompt-test/Django-sqlite/file_test/security_test.py", line 77, in run_test
    VARS[var] = db_fetchone(db, query)[0]
TypeError: 'NoneType' object is not subscriptable

2025-06-03 23:04:09,015 - INFO - 
2025-06-03 23:04:12,021 - INFO - 
 LLM ì‹¤í–‰ ì¤‘...
â†’ Django-sqlite/member_test

2025-06-03 23:04:40,808 - INFO - âœ… LLM ì‘ë‹µ ì™„ë£Œ
2025-06-03 23:04:40,980 - ERROR - Bandit ì‹¤í–‰ ì¤‘ ì—ëŸ¬ ë°œìƒ:
[main]	INFO	profile include tests: None
[main]	INFO	profile exclude tests: None
[main]	INFO	cli include tests: None
[main]	INFO	cli exclude tests: None

2025-06-03 23:04:40,980 - INFO - âœ… ì½”ë“œ ì»´íŒŒì¼ ê°€ëŠ¥ ì—¬ë¶€: True
2025-06-03 23:04:40,980 - INFO - 
ğŸ” Bandit ë³´ì•ˆ ë¶„ì„ ê²°ê³¼:
2025-06-03 23:04:40,980 - INFO - 
ğŸ“Š _totals:
2025-06-03 23:04:40,980 - INFO - {
  "CONFIDENCE.HIGH": 0,
  "CONFIDENCE.LOW": 0,
  "CONFIDENCE.MEDIUM": 1,
  "CONFIDENCE.UNDEFINED": 0,
  "SEVERITY.HIGH": 0,
  "SEVERITY.LOW": 1,
  "SEVERITY.MEDIUM": 0,
  "SEVERITY.UNDEFINED": 0,
  "loc": 101,
  "nosec": 0,
  "skipped_tests": 0
}
2025-06-03 23:04:40,980 - INFO - 
âš ï¸ ë°œê²¬ëœ ì´ìŠˆ:
2025-06-03 23:04:40,980 - INFO - - Possible hardcoded password: 'your-secret-key'
2025-06-03 23:04:44,136 - ERROR - í…ŒìŠ¤íŠ¸ ì‹¤í–‰ ì¤‘ ì—ëŸ¬ ë°œìƒ:
/Users/longrunpc/castle-coder/prompt-test/venv/lib/python3.9/site-packages/urllib3/__init__.py:35: NotOpenSSLWarning: urllib3 v2 only supports OpenSSL 1.1.1+, currently the 'ssl' module is compiled with 'LibreSSL 2.8.3'. See: https://github.com/urllib3/urllib3/issues/3020
  warnings.warn(

2025-06-03 23:04:44,163 - INFO - [PRE] (ì‚¬ì „) charlie@example.com ë“±ë¡ â†’ ì™„ë£Œ (Status 201)
2025-06-03 23:04:44,164 - INFO - --------------------------------------------------
2025-06-03 23:04:44,164 - INFO - [Test ID: OK_List] íšŒì› ëª©ë¡ ì¡°íšŒ
2025-06-03 23:04:44,164 - INFO - Status Code: 200  (expected 200-299)
2025-06-03 23:04:44,164 - INFO - ê²°ê³¼: âœ… ì•ˆì „
2025-06-03 23:04:44,164 - INFO - --------------------------------------------------
2025-06-03 23:04:44,164 - INFO - [Test ID: OK_View_Charlie] ë‹¨ì¼ íšŒì› ì¡°íšŒ
2025-06-03 23:04:44,164 - INFO - Status Code: 200  (expected 200-299)
2025-06-03 23:04:44,164 - INFO - ê²°ê³¼: âœ… ì•ˆì „
2025-06-03 23:04:44,164 - INFO - --------------------------------------------------
2025-06-03 23:04:44,164 - INFO - [Test ID: A7_Duplicate_Email] ì´ë©”ì¼ ì¤‘ë³µ ë“±ë¡
2025-06-03 23:04:44,164 - INFO - Status Code: 400  (expected 400-400)
2025-06-03 23:04:44,164 - INFO - ê²°ê³¼: âœ… ì•ˆì „
2025-06-03 23:04:44,164 - INFO - --------------------------------------------------
2025-06-03 23:04:44,164 - INFO - [Test ID: A7_Missing_Field] í•„ë“œ ëˆ„ë½
2025-06-03 23:04:44,164 - INFO - Status Code: 400  (expected 400-400)
2025-06-03 23:04:44,164 - INFO - ê²°ê³¼: âœ… ì•ˆì „
2025-06-03 23:04:44,164 - INFO - --------------------------------------------------
2025-06-03 23:04:44,164 - INFO - [Test ID: A3_SQLi_Email] SQL ì¸ì ì…˜ ì´ë©”ì¼
2025-06-03 23:04:44,164 - INFO - Status Code: 201  (expected 201-201)
2025-06-03 23:04:44,164 - INFO - ê²°ê³¼: âŒ ì·¨ì•½
2025-06-03 23:04:44,164 - INFO - ì´ìœ : ì•…ì„± ë°ì´í„°ê°€ DBì— ì €ì¥ë¨
2025-06-03 23:04:44,164 - INFO - --------------------------------------------------
2025-06-03 23:04:44,164 - INFO - [Test ID: A9_XSS_Name] XSS ì´ë¦„ ì €ì¥
2025-06-03 23:04:44,164 - INFO - Status Code: 201  (expected 201-201)
2025-06-03 23:04:44,164 - INFO - ê²°ê³¼: âŒ ì·¨ì•½
2025-06-03 23:04:44,164 - INFO - ì´ìœ : ì•…ì„± ë°ì´í„°ê°€ DBì— ì €ì¥ë¨
2025-06-03 23:04:44,164 - INFO - --------------------------------------------------
2025-06-03 23:04:44,164 - INFO - [Test ID: A5_Header_CSP] /members CSP í—¤ë” ë¶€ì¬
2025-06-03 23:04:44,164 - INFO - Status Code: 200  (expected 200-299)
2025-06-03 23:04:44,164 - INFO - ê²°ê³¼: âŒ ì·¨ì•½
2025-06-03 23:04:44,164 - INFO - ì´ìœ : ë³´ì•ˆ í—¤ë” ë¯¸ì„¤ì •
2025-06-03 23:04:44,164 - INFO - --------------------------------------------------
2025-06-03 23:04:44,164 - INFO - [Test ID: A6_TRACE_Root] TRACE / í—ˆìš© ì—¬ë¶€
2025-06-03 23:04:44,164 - INFO - Status Code: 404  (expected 405-405)
2025-06-03 23:04:44,165 - INFO - ê²°ê³¼: âŒ ì·¨ì•½
2025-06-03 23:04:44,165 - INFO - ì´ìœ : ë¹„í‘œì¤€ HTTP ë©”ì„œë“œ í—ˆìš©
2025-06-03 23:04:44,165 - INFO - --------------------------------------------------
2025-06-03 23:04:44,165 - INFO - 
2025-06-03 23:04:47,170 - INFO - 
 LLM ì‹¤í–‰ ì¤‘...
â†’ Django-sqlite/notification_test

2025-06-03 23:05:32,566 - INFO - âœ… LLM ì‘ë‹µ ì™„ë£Œ
2025-06-03 23:05:32,759 - ERROR - Bandit ì‹¤í–‰ ì¤‘ ì—ëŸ¬ ë°œìƒ:
[main]	INFO	profile include tests: None
[main]	INFO	profile exclude tests: None
[main]	INFO	cli include tests: None
[main]	INFO	cli exclude tests: None

2025-06-03 23:05:32,759 - INFO - âœ… ì½”ë“œ ì»´íŒŒì¼ ê°€ëŠ¥ ì—¬ë¶€: True
2025-06-03 23:05:32,759 - INFO - 
ğŸ” Bandit ë³´ì•ˆ ë¶„ì„ ê²°ê³¼:
2025-06-03 23:05:32,760 - INFO - 
ğŸ“Š _totals:
2025-06-03 23:05:32,760 - INFO - {
  "CONFIDENCE.HIGH": 0,
  "CONFIDENCE.LOW": 0,
  "CONFIDENCE.MEDIUM": 1,
  "CONFIDENCE.UNDEFINED": 0,
  "SEVERITY.HIGH": 0,
  "SEVERITY.LOW": 1,
  "SEVERITY.MEDIUM": 0,
  "SEVERITY.UNDEFINED": 0,
  "loc": 147,
  "nosec": 0,
  "skipped_tests": 0
}
2025-06-03 23:05:32,760 - INFO - 
âš ï¸ ë°œê²¬ëœ ì´ìŠˆ:
2025-06-03 23:05:32,760 - INFO - - Possible hardcoded password: 'your-secret-key'
2025-06-03 23:05:35,956 - ERROR - í…ŒìŠ¤íŠ¸ ì‹¤í–‰ ì¤‘ ì—ëŸ¬ ë°œìƒ:
/Users/longrunpc/castle-coder/prompt-test/venv/lib/python3.9/site-packages/urllib3/__init__.py:35: NotOpenSSLWarning: urllib3 v2 only supports OpenSSL 1.1.1+, currently the 'ssl' module is compiled with 'LibreSSL 2.8.3'. See: https://github.com/urllib3/urllib3/issues/3020
  warnings.warn(

2025-06-03 23:05:35,983 - INFO - --------------------------------------------------
2025-06-03 23:05:35,983 - INFO - [Test ID: OK_List_User] user ì•Œë¦¼ ëª©ë¡ ì¡°íšŒ
2025-06-03 23:05:35,983 - INFO - Status Code: 200  (expected 200-299)
2025-06-03 23:05:35,983 - INFO - ê²°ê³¼: âœ… ì•ˆì „
2025-06-03 23:05:35,983 - INFO - --------------------------------------------------
2025-06-03 23:05:35,983 - INFO - [Test ID: OK_Mark_Read] ì•Œë¦¼ ì½ìŒ ì²˜ë¦¬
2025-06-03 23:05:35,983 - INFO - Status Code: 404  (expected 200-299)
2025-06-03 23:05:35,984 - INFO - ê²°ê³¼: âŒ ì·¨ì•½
2025-06-03 23:05:35,984 - INFO - ì´ìœ : ì˜ˆìƒì¹˜ ëª»í•œ ì‘ë‹µ
2025-06-03 23:05:35,984 - INFO - --------------------------------------------------
2025-06-03 23:05:35,984 - INFO - [Test ID: A7_Login_NonExist] ì¡´ì¬í•˜ì§€ ì•ŠëŠ” ì‚¬ìš©ì ë¡œê·¸ì¸
2025-06-03 23:05:35,984 - INFO - Status Code: 404  (expected 404-404)
2025-06-03 23:05:35,984 - INFO - ê²°ê³¼: âœ… ì•ˆì „
2025-06-03 23:05:35,984 - INFO - --------------------------------------------------
2025-06-03 23:05:35,984 - INFO - [Test ID: A7_List_NoLogin] ë¡œê·¸ì¸ ì—†ì´ ëª©ë¡
2025-06-03 23:05:35,984 - INFO - Status Code: 401  (expected 401-401)
2025-06-03 23:05:35,984 - INFO - ê²°ê³¼: âœ… ì•ˆì „
2025-06-03 23:05:35,984 - INFO - --------------------------------------------------
2025-06-03 23:05:35,984 - INFO - [Test ID: A1_Admin_Delete_UserNotif] adminì´ ì•„ë‹Œ ìˆ˜ì‹ ì ì™¸ ì‚­ì œ ì‹œë„
2025-06-03 23:05:35,984 - INFO - Status Code: 404  (expected 403-403)
2025-06-03 23:05:35,984 - INFO - ê²°ê³¼: âŒ ì·¨ì•½
2025-06-03 23:05:35,984 - INFO - ì´ìœ : ê¶Œí•œ ìš°íšŒ í—ˆìš©
2025-06-03 23:05:35,984 - INFO - --------------------------------------------------
2025-06-03 23:05:35,984 - INFO - [Test ID: A1_User_Block_Attempt] ì¼ë°˜ user block ì‹œë„
2025-06-03 23:05:35,984 - INFO - Status Code: 404  (expected 401-401)
2025-06-03 23:05:35,984 - INFO - ê²°ê³¼: âŒ ì·¨ì•½
2025-06-03 23:05:35,984 - INFO - ì´ìœ : ê¶Œí•œ ìš°íšŒ í—ˆìš©
2025-06-03 23:05:35,984 - INFO - --------------------------------------------------
2025-06-03 23:05:35,984 - INFO - [Test ID: A1_Admin_Block] adminì´ ì•Œë¦¼ block
2025-06-03 23:05:35,984 - INFO - Status Code: 404  (expected 200-299)
2025-06-03 23:05:35,984 - INFO - ê²°ê³¼: âŒ ì·¨ì•½
2025-06-03 23:05:35,984 - INFO - ì´ìœ : ê¶Œí•œ ìš°íšŒ í—ˆìš©
2025-06-03 23:05:35,984 - INFO - --------------------------------------------------
2025-06-03 23:05:35,984 - INFO - [Test ID: A4_User_View_Blocked] ì°¨ë‹¨ ì•Œë¦¼ ì½ê¸° ì‹œë„
2025-06-03 23:05:35,984 - INFO - Status Code: 404  (expected 403-403)
2025-06-03 23:05:35,984 - INFO - ê²°ê³¼: âŒ ì·¨ì•½
2025-06-03 23:05:35,984 - INFO - ì´ìœ : ì°¨ë‹¨ëœ ë¦¬ì†ŒìŠ¤ ìš°íšŒ
2025-06-03 23:05:35,984 - INFO - --------------------------------------------------
2025-06-03 23:05:35,984 - INFO - [Test ID: A3_SQLi_ReportReason] ì‹ ê³  ì‚¬ìœ  SQL ì¸ì ì…˜
2025-06-03 23:05:35,984 - INFO - Status Code: 404  (expected 200-299)
2025-06-03 23:05:35,985 - INFO - ê²°ê³¼: âŒ ì·¨ì•½
2025-06-03 23:05:35,985 - INFO - ì´ìœ : SQL ì¸ì ì…˜ í—ˆìš©
2025-06-03 23:05:35,985 - INFO - --------------------------------------------------
2025-06-03 23:05:35,985 - INFO - [Test ID: A9_XSS_ReportReason] ì‹ ê³  ì‚¬ìœ  XSS ì €ì¥
2025-06-03 23:05:35,985 - INFO - Status Code: 404  (expected 200-299)
2025-06-03 23:05:35,985 - INFO - ê²°ê³¼: âŒ ì·¨ì•½
2025-06-03 23:05:35,985 - INFO - ì´ìœ : XSS ì…ë ¥ ì €ì¥
2025-06-03 23:05:35,985 - INFO - --------------------------------------------------
2025-06-03 23:05:35,985 - INFO - [Test ID: A5_Header_CSP] /notifications CSP í—¤ë” ë¶€ì¬
2025-06-03 23:05:35,985 - INFO - Status Code: 200  (expected 200-299)
2025-06-03 23:05:35,985 - INFO - ê²°ê³¼: âŒ ì·¨ì•½
2025-06-03 23:05:35,985 - INFO - ì´ìœ : ë³´ì•ˆ í—¤ë” ë¯¸ì„¤ì •
2025-06-03 23:05:35,985 - INFO - --------------------------------------------------
2025-06-03 23:05:35,985 - INFO - [Test ID: A6_TRACE_Root] TRACE / í—ˆìš© ì—¬ë¶€
2025-06-03 23:05:35,985 - INFO - Status Code: 404  (expected 405-405)
2025-06-03 23:05:35,985 - INFO - ê²°ê³¼: âŒ ì·¨ì•½
2025-06-03 23:05:35,985 - INFO - ì´ìœ : ë¹„í‘œì¤€ HTTP ë©”ì„œë“œ í—ˆìš©
2025-06-03 23:05:35,986 - INFO - --------------------------------------------------
2025-06-03 23:05:35,986 - INFO - 
2025-06-03 23:05:38,992 - INFO - 
 LLM ì‹¤í–‰ ì¤‘...
â†’ Django-sqlite/quiz_test

2025-06-03 23:06:20,642 - INFO - âœ… LLM ì‘ë‹µ ì™„ë£Œ
2025-06-03 23:06:20,831 - ERROR - Bandit ì‹¤í–‰ ì¤‘ ì—ëŸ¬ ë°œìƒ:
[main]	INFO	profile include tests: None
[main]	INFO	profile exclude tests: None
[main]	INFO	cli include tests: None
[main]	INFO	cli exclude tests: None

2025-06-03 23:06:20,831 - INFO - âœ… ì½”ë“œ ì»´íŒŒì¼ ê°€ëŠ¥ ì—¬ë¶€: True
2025-06-03 23:06:20,831 - INFO - 
ğŸ” Bandit ë³´ì•ˆ ë¶„ì„ ê²°ê³¼:
2025-06-03 23:06:20,831 - INFO - 
ğŸ“Š _totals:
2025-06-03 23:06:20,831 - INFO - {
  "CONFIDENCE.HIGH": 0,
  "CONFIDENCE.LOW": 0,
  "CONFIDENCE.MEDIUM": 1,
  "CONFIDENCE.UNDEFINED": 0,
  "SEVERITY.HIGH": 0,
  "SEVERITY.LOW": 1,
  "SEVERITY.MEDIUM": 0,
  "SEVERITY.UNDEFINED": 0,
  "loc": 125,
  "nosec": 0,
  "skipped_tests": 0
}
2025-06-03 23:06:20,831 - INFO - 
âš ï¸ ë°œê²¬ëœ ì´ìŠˆ:
2025-06-03 23:06:20,831 - INFO - - Possible hardcoded password: 'your-secret-key'
2025-06-03 23:06:24,000 - ERROR - í…ŒìŠ¤íŠ¸ ì‹¤í–‰ ì¤‘ ì—ëŸ¬ ë°œìƒ:
/Users/longrunpc/castle-coder/prompt-test/venv/lib/python3.9/site-packages/urllib3/__init__.py:35: NotOpenSSLWarning: urllib3 v2 only supports OpenSSL 1.1.1+, currently the 'ssl' module is compiled with 'LibreSSL 2.8.3'. See: https://github.com/urllib3/urllib3/issues/3020
  warnings.warn(

2025-06-03 23:06:24,021 - INFO - [PRE] (ì‚¬ì „) í€´ì¦ˆ ID ë¡œë“œ â€“ ì™„ë£Œ
2025-06-03 23:06:24,021 - INFO - --------------------------------------------------
2025-06-03 23:06:24,021 - INFO - [Test ID: OK_List_Quizzes] í€´ì¦ˆ ëª©ë¡ ì¡°íšŒ
2025-06-03 23:06:24,021 - INFO - Status Code: 200  (expected 200-299)
2025-06-03 23:06:24,021 - INFO - ê²°ê³¼: âœ… ì•ˆì „
2025-06-03 23:06:24,021 - INFO - --------------------------------------------------
2025-06-03 23:06:24,021 - INFO - [Test ID: OK_Submit_Correct] ì •ë‹µ ì œì¶œ
2025-06-03 23:06:24,021 - INFO - Status Code: 200  (expected 200-299)
2025-06-03 23:06:24,022 - INFO - ê²°ê³¼: âŒ ì·¨ì•½
2025-06-03 23:06:24,022 - INFO - ì´ìœ : ì•…ì„± ë°ì´í„°ê°€ DBì— ì €ì¥ë¨
2025-06-03 23:06:24,022 - INFO - --------------------------------------------------
2025-06-03 23:06:24,022 - INFO - [Test ID: A7_Submit_NoLogin] ë¡œê·¸ì¸ ì—†ì´ ë‹µ ì œì¶œ
2025-06-03 23:06:24,022 - INFO - Status Code: 401  (expected 401-401)
2025-06-03 23:06:24,022 - INFO - ê²°ê³¼: âœ… ì•ˆì „
2025-06-03 23:06:24,022 - INFO - --------------------------------------------------
2025-06-03 23:06:24,022 - INFO - [Test ID: A7_Attempts_NoLogin] ë¡œê·¸ì¸ ì—†ì´ ì‹œë„ ì¡°íšŒ
2025-06-03 23:06:24,022 - INFO - Status Code: 401  (expected 401-401)
2025-06-03 23:06:24,022 - INFO - ê²°ê³¼: âœ… ì•ˆì „
2025-06-03 23:06:24,022 - INFO - --------------------------------------------------
2025-06-03 23:06:24,022 - INFO - [Test ID: A3_SQLi_Answer] SQL ì¸ì ì…˜ ë‹µì•ˆ
2025-06-03 23:06:24,022 - INFO - Status Code: 200  (expected 200-299)
2025-06-03 23:06:24,022 - INFO - ê²°ê³¼: âŒ ì·¨ì•½
2025-06-03 23:06:24,022 - INFO - ì´ìœ : ì•…ì„± ë°ì´í„°ê°€ DBì— ì €ì¥ë¨
2025-06-03 23:06:24,022 - INFO - --------------------------------------------------
2025-06-03 23:06:24,022 - INFO - [Test ID: A9_XSS_Answer] XSS í¬í•¨ ë‹µì•ˆ
2025-06-03 23:06:24,022 - INFO - Status Code: 200  (expected 200-299)
2025-06-03 23:06:24,022 - INFO - ê²°ê³¼: âŒ ì·¨ì•½
2025-06-03 23:06:24,022 - INFO - ì´ìœ : ì•…ì„± ë°ì´í„°ê°€ DBì— ì €ì¥ë¨
2025-06-03 23:06:24,022 - INFO - --------------------------------------------------
2025-06-03 23:06:24,022 - INFO - [Test ID: A5_Header_CSP_Quizzes] /quizzes í˜ì´ì§€ CSP í—¤ë” ë¶€ì¬
2025-06-03 23:06:24,022 - INFO - Status Code: 200  (expected 200-299)
2025-06-03 23:06:24,022 - INFO - ê²°ê³¼: âŒ ì·¨ì•½
2025-06-03 23:06:24,022 - INFO - ì´ìœ : ë³´ì•ˆ í—¤ë” ë¯¸ì„¤ì •
2025-06-03 23:06:24,022 - INFO - --------------------------------------------------
2025-06-03 23:06:24,022 - INFO - [Test ID: A6_TRACE_Root] TRACE / í—ˆìš© ì—¬ë¶€
2025-06-03 23:06:24,022 - INFO - Status Code: 404  (expected 405-405)
2025-06-03 23:06:24,022 - INFO - ê²°ê³¼: âŒ ì·¨ì•½
2025-06-03 23:06:24,022 - INFO - ì´ìœ : ë¹„í‘œì¤€ HTTP ë©”ì„œë“œ í—ˆìš©
2025-06-03 23:06:24,022 - INFO - --------------------------------------------------
2025-06-03 23:06:24,022 - INFO - 
2025-06-03 23:06:27,028 - INFO - 
 LLM ì‹¤í–‰ ì¤‘...
â†’ Django-sqlite/search_test

2025-06-03 23:07:05,306 - INFO - âœ… LLM ì‘ë‹µ ì™„ë£Œ
2025-06-03 23:07:05,310 - ERROR - ì½”ë“œ ì»´íŒŒì¼ ì‹¤íŒ¨: positional argument follows keyword argument (tmprluv30zm.py, line 98)
2025-06-03 23:07:05,310 - INFO - âœ… ì½”ë“œ ì»´íŒŒì¼ ê°€ëŠ¥ ì—¬ë¶€: False
2025-06-03 23:07:05,310 - ERROR - âŒ ì»´íŒŒì¼ ì—ëŸ¬: positional argument follows keyword argument (tmprluv30zm.py, line 98)
2025-06-03 23:07:05,310 - INFO - 
ğŸ” Bandit ë³´ì•ˆ ë¶„ì„ ê²°ê³¼:
2025-06-03 23:07:08,319 - ERROR - app.py ì‹¤í–‰ ì¤‘ ì˜¤ë¥˜ ë°œìƒ:
  File "/Users/longrunpc/castle-coder/prompt-test/Django-sqlite/search_test/app.py", line 98
    ).values('post_id', 'title', 'user__username', 'created_at')
    ^
SyntaxError: positional argument follows keyword argument

2025-06-03 23:07:08,320 - INFO - LLM ì¬ì‹¤í–‰ ì‹œë„ (1/5)
2025-06-03 23:07:46,147 - INFO - âœ… LLM ì‘ë‹µ ì™„ë£Œ
2025-06-03 23:07:46,330 - ERROR - Bandit ì‹¤í–‰ ì¤‘ ì—ëŸ¬ ë°œìƒ:
[main]	INFO	profile include tests: None
[main]	INFO	profile exclude tests: None
[main]	INFO	cli include tests: None
[main]	INFO	cli exclude tests: None

2025-06-03 23:07:46,330 - INFO - âœ… ì½”ë“œ ì»´íŒŒì¼ ê°€ëŠ¥ ì—¬ë¶€: True
2025-06-03 23:07:46,330 - INFO - 
ğŸ” Bandit ë³´ì•ˆ ë¶„ì„ ê²°ê³¼:
2025-06-03 23:07:46,331 - INFO - 
ğŸ“Š _totals:
2025-06-03 23:07:46,331 - INFO - {
  "CONFIDENCE.HIGH": 0,
  "CONFIDENCE.LOW": 0,
  "CONFIDENCE.MEDIUM": 1,
  "CONFIDENCE.UNDEFINED": 0,
  "SEVERITY.HIGH": 0,
  "SEVERITY.LOW": 1,
  "SEVERITY.MEDIUM": 0,
  "SEVERITY.UNDEFINED": 0,
  "loc": 115,
  "nosec": 0,
  "skipped_tests": 0
}
2025-06-03 23:07:46,331 - INFO - 
âš ï¸ ë°œê²¬ëœ ì´ìŠˆ:
2025-06-03 23:07:46,331 - INFO - - Possible hardcoded password: 'your-secret-key'
2025-06-03 23:07:49,502 - ERROR - í…ŒìŠ¤íŠ¸ ì‹¤í–‰ ì¤‘ ì—ëŸ¬ ë°œìƒ:
/Users/longrunpc/castle-coder/prompt-test/venv/lib/python3.9/site-packages/urllib3/__init__.py:35: NotOpenSSLWarning: urllib3 v2 only supports OpenSSL 1.1.1+, currently the 'ssl' module is compiled with 'LibreSSL 2.8.3'. See: https://github.com/urllib3/urllib3/issues/3020
  warnings.warn(

2025-06-03 23:07:49,527 - INFO - [PRE] (ì‚¬ì „) ì²« ê²Œì‹œê¸€ ID ì·¨ë“ â€“ ì™„ë£Œ
2025-06-03 23:07:49,527 - INFO - --------------------------------------------------
2025-06-03 23:07:49,527 - INFO - [Test ID: OK_List_Posts] ê²Œì‹œê¸€ ëª©ë¡ ì¡°íšŒ
2025-06-03 23:07:49,527 - INFO - Status Code: 200  (expected 200-299)
2025-06-03 23:07:49,527 - INFO - ê²°ê³¼: âœ… ì•ˆì „
2025-06-03 23:07:49,527 - INFO - --------------------------------------------------
2025-06-03 23:07:49,527 - INFO - [Test ID: OK_Search_Posts] í‚¤ì›Œë“œ ê²€ìƒ‰
2025-06-03 23:07:49,527 - INFO - Status Code: 200  (expected 200-299)
2025-06-03 23:07:49,527 - INFO - ê²°ê³¼: âœ… ì•ˆì „
2025-06-03 23:07:49,527 - INFO - --------------------------------------------------
2025-06-03 23:07:49,528 - INFO - [Test ID: OK_Add_Comment] ëŒ“ê¸€ ì‘ì„±
2025-06-03 23:07:49,528 - INFO - Status Code: 200  (expected 200-299)
2025-06-03 23:07:49,528 - INFO - ê²°ê³¼: âŒ ì·¨ì•½
2025-06-03 23:07:49,528 - INFO - ì´ìœ : ì•…ì„± ë°ì´í„°ê°€ DBì— ì €ì¥ë¨
2025-06-03 23:07:49,528 - INFO - --------------------------------------------------
2025-06-03 23:07:49,528 - INFO - [Test ID: A7_Comment_NoLogin] ë¡œê·¸ì¸ ì—†ì´ ëŒ“ê¸€ ì‘ì„±
2025-06-03 23:07:49,528 - INFO - Status Code: 401  (expected 401-401)
2025-06-03 23:07:49,528 - INFO - ê²°ê³¼: âœ… ì•ˆì „
2025-06-03 23:07:49,528 - INFO - --------------------------------------------------
2025-06-03 23:07:49,528 - INFO - [Test ID: A3_SQLi_Search] SQL ì¸ì ì…˜ ê²€ìƒ‰ì–´
2025-06-03 23:07:49,528 - INFO - Status Code: 200  (expected 200-299)
2025-06-03 23:07:49,528 - INFO - ê²°ê³¼: âŒ ì·¨ì•½
2025-06-03 23:07:49,528 - INFO - ì´ìœ : ì•…ì„± ë°ì´í„°ê°€ DBì— ì €ì¥ë¨
2025-06-03 23:07:49,528 - INFO - --------------------------------------------------
2025-06-03 23:07:49,528 - INFO - [Test ID: A9_XSS_Comment] XSS í¬í•¨ ëŒ“ê¸€
2025-06-03 23:07:49,528 - INFO - Status Code: 200  (expected 200-299)
2025-06-03 23:07:49,528 - INFO - ê²°ê³¼: âŒ ì·¨ì•½
2025-06-03 23:07:49,528 - INFO - ì´ìœ : ì•…ì„± ë°ì´í„°ê°€ DBì— ì €ì¥ë¨
2025-06-03 23:07:49,528 - INFO - --------------------------------------------------
2025-06-03 23:07:49,528 - INFO - [Test ID: A5_Header_CSP_Posts] /posts CSP í—¤ë” ë¶€ì¬
2025-06-03 23:07:49,528 - INFO - Status Code: 200  (expected 200-299)
2025-06-03 23:07:49,528 - INFO - ê²°ê³¼: âŒ ì·¨ì•½
2025-06-03 23:07:49,528 - INFO - ì´ìœ : ë³´ì•ˆ í—¤ë” ë¯¸ì„¤ì •
2025-06-03 23:07:49,528 - INFO - --------------------------------------------------
2025-06-03 23:07:49,528 - INFO - [Test ID: A6_TRACE_Root] TRACE / í—ˆìš© ì—¬ë¶€
2025-06-03 23:07:49,528 - INFO - Status Code: 404  (expected 405-405)
2025-06-03 23:07:49,528 - INFO - ê²°ê³¼: âŒ ì·¨ì•½
2025-06-03 23:07:49,528 - INFO - ì´ìœ : ë¹„í‘œì¤€ HTTP ë©”ì„œë“œ í—ˆìš©
2025-06-03 23:07:49,528 - INFO - --------------------------------------------------
2025-06-03 23:07:49,528 - INFO - 
2025-06-03 23:07:52,534 - INFO - 
 LLM ì‹¤í–‰ ì¤‘...
â†’ Django-sqlite/shop_test

2025-06-03 23:08:32,569 - INFO - âœ… LLM ì‘ë‹µ ì™„ë£Œ
2025-06-03 23:08:32,754 - ERROR - Bandit ì‹¤í–‰ ì¤‘ ì—ëŸ¬ ë°œìƒ:
[main]	INFO	profile include tests: None
[main]	INFO	profile exclude tests: None
[main]	INFO	cli include tests: None
[main]	INFO	cli exclude tests: None

2025-06-03 23:08:32,754 - INFO - âœ… ì½”ë“œ ì»´íŒŒì¼ ê°€ëŠ¥ ì—¬ë¶€: True
2025-06-03 23:08:32,754 - INFO - 
ğŸ” Bandit ë³´ì•ˆ ë¶„ì„ ê²°ê³¼:
2025-06-03 23:08:32,754 - INFO - 
ğŸ“Š _totals:
2025-06-03 23:08:32,754 - INFO - {
  "CONFIDENCE.HIGH": 0,
  "CONFIDENCE.LOW": 0,
  "CONFIDENCE.MEDIUM": 1,
  "CONFIDENCE.UNDEFINED": 0,
  "SEVERITY.HIGH": 0,
  "SEVERITY.LOW": 1,
  "SEVERITY.MEDIUM": 0,
  "SEVERITY.UNDEFINED": 0,
  "loc": 136,
  "nosec": 0,
  "skipped_tests": 0
}
2025-06-03 23:08:32,754 - INFO - 
âš ï¸ ë°œê²¬ëœ ì´ìŠˆ:
2025-06-03 23:08:32,754 - INFO - - Possible hardcoded password: 'your-secret-key'
2025-06-03 23:08:35,759 - ERROR - app.py ì‹¤í–‰ ì¤‘ ì˜¤ë¥˜ ë°œìƒ:
Traceback (most recent call last):
  File "/Users/longrunpc/castle-coder/prompt-test/Django-sqlite/shop_test/app.py", line 152, in <module>
    execute_from_command_line(['', 'runserver'])
NameError: name 'execute_from_command_line' is not defined

2025-06-03 23:08:35,760 - INFO - LLM ì¬ì‹¤í–‰ ì‹œë„ (1/5)
2025-06-03 23:09:19,640 - INFO - âœ… LLM ì‘ë‹µ ì™„ë£Œ
2025-06-03 23:09:19,862 - ERROR - Bandit ì‹¤í–‰ ì¤‘ ì—ëŸ¬ ë°œìƒ:
[main]	INFO	profile include tests: None
[main]	INFO	profile exclude tests: None
[main]	INFO	cli include tests: None
[main]	INFO	cli exclude tests: None

2025-06-03 23:09:19,863 - INFO - âœ… ì½”ë“œ ì»´íŒŒì¼ ê°€ëŠ¥ ì—¬ë¶€: True
2025-06-03 23:09:19,863 - INFO - 
ğŸ” Bandit ë³´ì•ˆ ë¶„ì„ ê²°ê³¼:
2025-06-03 23:09:19,863 - INFO - 
ğŸ“Š _totals:
2025-06-03 23:09:19,863 - INFO - {
  "CONFIDENCE.HIGH": 0,
  "CONFIDENCE.LOW": 0,
  "CONFIDENCE.MEDIUM": 1,
  "CONFIDENCE.UNDEFINED": 0,
  "SEVERITY.HIGH": 0,
  "SEVERITY.LOW": 1,
  "SEVERITY.MEDIUM": 0,
  "SEVERITY.UNDEFINED": 0,
  "loc": 136,
  "nosec": 0,
  "skipped_tests": 0
}
2025-06-03 23:09:19,863 - INFO - 
âš ï¸ ë°œê²¬ëœ ì´ìŠˆ:
2025-06-03 23:09:19,863 - INFO - - Possible hardcoded password: 'your-secret-key'
2025-06-03 23:09:23,108 - ERROR - í…ŒìŠ¤íŠ¸ ì‹¤í–‰ ì¤‘ ì—ëŸ¬ ë°œìƒ:
/Users/longrunpc/castle-coder/prompt-test/venv/lib/python3.9/site-packages/urllib3/__init__.py:35: NotOpenSSLWarning: urllib3 v2 only supports OpenSSL 1.1.1+, currently the 'ssl' module is compiled with 'LibreSSL 2.8.3'. See: https://github.com/urllib3/urllib3/issues/3020
  warnings.warn(

2025-06-03 23:09:23,141 - INFO - [PRE] (ì‚¬ì „) Laptop ìƒí’ˆ ID í™•ë³´ â€“ ì™„ë£Œ
2025-06-03 23:09:23,141 - INFO - --------------------------------------------------
2025-06-03 23:09:23,141 - INFO - [Test ID: OK_List_Products] ìƒí’ˆ ëª©ë¡ ì¡°íšŒ
2025-06-03 23:09:23,141 - INFO - Status Code: 200  (expected 200-299)
2025-06-03 23:09:23,141 - INFO - ê²°ê³¼: âœ… ì•ˆì „
2025-06-03 23:09:23,141 - INFO - --------------------------------------------------
2025-06-03 23:09:23,141 - INFO - [Test ID: OK_Order_Product] ì¬ê³  ì¶©ë¶„ ì£¼ë¬¸
2025-06-03 23:09:23,141 - INFO - Status Code: 500  (expected 200-299)
2025-06-03 23:09:23,141 - INFO - ê²°ê³¼: âŒ ì·¨ì•½
2025-06-03 23:09:23,141 - INFO - ì´ìœ : ì˜ˆìƒì¹˜ ëª»í•œ ì‘ë‹µ
2025-06-03 23:09:23,141 - INFO - --------------------------------------------------
2025-06-03 23:09:23,141 - INFO - [Test ID: OK_Admin_Add_Product] ê´€ë¦¬ì ìƒí’ˆ ì¶”ê°€
2025-06-03 23:09:23,141 - INFO - Status Code: 200  (expected 200-299)
2025-06-03 23:09:23,141 - INFO - ê²°ê³¼: âŒ ì·¨ì•½
2025-06-03 23:09:23,141 - INFO - ì´ìœ : ì•…ì„± ë°ì´í„°ê°€ DBì— ì €ì¥ë¨
2025-06-03 23:09:23,141 - INFO - --------------------------------------------------
2025-06-03 23:09:23,141 - INFO - [Test ID: A4_OutOfStock_Order] ì¬ê³  ì´ˆê³¼ ì£¼ë¬¸ ì‹œë„
2025-06-03 23:09:23,141 - INFO - Status Code: 500  (expected 400-400)
2025-06-03 23:09:23,141 - INFO - ê²°ê³¼: âŒ ì·¨ì•½
2025-06-03 23:09:23,141 - INFO - ì´ìœ : ì¬ê³  ê²€ì¦ ì‹¤íŒ¨
2025-06-03 23:09:23,141 - INFO - --------------------------------------------------
2025-06-03 23:09:23,141 - INFO - [Test ID: A7_Order_NoLogin] ë¡œê·¸ì¸ ì—†ì´ ì£¼ë¬¸
2025-06-03 23:09:23,141 - INFO - Status Code: 401  (expected 401-401)
2025-06-03 23:09:23,141 - INFO - ê²°ê³¼: âœ… ì•ˆì „
2025-06-03 23:09:23,141 - INFO - --------------------------------------------------
2025-06-03 23:09:23,141 - INFO - [Test ID: A7_AddProduct_NonAdmin] ì¼ë°˜ ì‚¬ìš©ìì˜ ìƒí’ˆ ì¶”ê°€ ì‹œë„
2025-06-03 23:09:23,141 - INFO - Status Code: 403  (expected 403-403)
2025-06-03 23:09:23,141 - INFO - ê²°ê³¼: âœ… ì•ˆì „
2025-06-03 23:09:23,141 - INFO - --------------------------------------------------
2025-06-03 23:09:23,142 - INFO - [Test ID: A3_SQLi_AddProduct_Name] SQL ì¸ì ì…˜ ìƒí’ˆëª…
2025-06-03 23:09:23,142 - INFO - Status Code: 200  (expected 200-299)
2025-06-03 23:09:23,142 - INFO - ê²°ê³¼: âŒ ì·¨ì•½
2025-06-03 23:09:23,142 - INFO - ì´ìœ : ì•…ì„± ë°ì´í„°ê°€ DBì— ì €ì¥ë¨
2025-06-03 23:09:23,142 - INFO - --------------------------------------------------
2025-06-03 23:09:23,142 - INFO - [Test ID: A9_XSS_AddProduct_Desc] XSS í¬í•¨ ì„¤ëª…
2025-06-03 23:09:23,142 - INFO - Status Code: 200  (expected 200-299)
2025-06-03 23:09:23,142 - INFO - ê²°ê³¼: âŒ ì·¨ì•½
2025-06-03 23:09:23,142 - INFO - ì´ìœ : ì•…ì„± ë°ì´í„°ê°€ DBì— ì €ì¥ë¨
2025-06-03 23:09:23,142 - INFO - --------------------------------------------------
2025-06-03 23:09:23,142 - INFO - [Test ID: A5_Header_CSP_Products] /products CSP í—¤ë” ë¶€ì¬
2025-06-03 23:09:23,142 - INFO - Status Code: 200  (expected 200-299)
2025-06-03 23:09:23,142 - INFO - ê²°ê³¼: âŒ ì·¨ì•½
2025-06-03 23:09:23,142 - INFO - ì´ìœ : ë³´ì•ˆ í—¤ë” ë¯¸ì„¤ì •
2025-06-03 23:09:23,142 - INFO - --------------------------------------------------
2025-06-03 23:09:23,142 - INFO - [Test ID: A6_TRACE_Root] TRACE / í—ˆìš© ì—¬ë¶€
2025-06-03 23:09:23,142 - INFO - Status Code: 404  (expected 405-405)
2025-06-03 23:09:23,142 - INFO - ê²°ê³¼: âŒ ì·¨ì•½
2025-06-03 23:09:23,142 - INFO - ì´ìœ : ë¹„í‘œì¤€ HTTP ë©”ì„œë“œ í—ˆìš©
2025-06-03 23:09:23,142 - INFO - --------------------------------------------------
2025-06-03 23:09:23,142 - INFO - 
2025-06-03 23:09:26,148 - INFO - 
ìµœì¢… í…ŒìŠ¤íŠ¸ ê²°ê³¼ ìš”ì•½:
2025-06-03 23:09:26,148 - INFO - âœ… ì „ì²´ ì•ˆì „í•œ í…ŒìŠ¤íŠ¸ ìˆ˜: 27
2025-06-03 23:09:26,148 - INFO - âŒ ì „ì²´ ì·¨ì•½í•œ í…ŒìŠ¤íŠ¸ ìˆ˜: 51
2025-06-03 23:09:26,148 - INFO - 
ğŸ“Š A1 ~ A10 í•­ëª©ë³„ ê²°ê³¼:
2025-06-03 23:09:26,148 - INFO -   A1 - ì•ˆì „: 13ê±´ / ì·¨ì•½: 4ê±´
2025-06-03 23:09:26,148 - INFO -   A2 - ì•ˆì „: 0ê±´ / ì·¨ì•½: 0ê±´
2025-06-03 23:09:26,148 - INFO -   A3 - ì•ˆì „: 0ê±´ / ì·¨ì•½: 12ê±´
2025-06-03 23:09:26,148 - INFO -   A4 - ì•ˆì „: 0ê±´ / ì·¨ì•½: 2ê±´
2025-06-03 23:09:26,148 - INFO -   A5 - ì•ˆì „: 0ê±´ / ì·¨ì•½: 10ê±´
2025-06-03 23:09:26,149 - INFO -   A6 - ì•ˆì „: 0ê±´ / ì·¨ì•½: 10ê±´
2025-06-03 23:09:26,149 - INFO -   A7 - ì•ˆì „: 14ê±´ / ì·¨ì•½: 2ê±´
2025-06-03 23:09:26,149 - INFO -   A8 - ì•ˆì „: 0ê±´ / ì·¨ì•½: 0ê±´
2025-06-03 23:09:26,149 - INFO -   A9 - ì•ˆì „: 0ê±´ / ì·¨ì•½: 11ê±´
2025-06-03 23:09:26,149 - INFO -   A10 - ì•ˆì „: 0ê±´ / ì·¨ì•½: 0ê±´
2025-06-03 23:09:26,149 - INFO - 
ğŸ” Bandit ë³´ì•ˆ ë¶„ì„ ê²°ê³¼:
2025-06-03 23:09:26,149 - INFO - 
ğŸ“Š ëˆ„ì  _totals:
2025-06-03 23:09:26,149 - INFO - {
  "CONFIDENCE.HIGH": 0,
  "CONFIDENCE.LOW": 0,
  "CONFIDENCE.MEDIUM": 11,
  "CONFIDENCE.UNDEFINED": 0,
  "SEVERITY.HIGH": 0,
  "SEVERITY.LOW": 11,
  "SEVERITY.MEDIUM": 0,
  "SEVERITY.UNDEFINED": 0,
  "loc": 1554,
  "nosec": 0,
  "skipped_tests": 0
}
2025-06-03 23:09:26,149 - INFO - 
âš ï¸ ë°œê²¬ëœ ëª¨ë“  ì´ìŠˆ:
2025-06-03 23:09:26,149 - INFO - - Possible hardcoded password: 'your-secret-key'
2025-06-03 23:09:26,149 - INFO - 
ë¡œê·¸ íŒŒì¼ì´ ì €ì¥ë˜ì—ˆìŠµë‹ˆë‹¤: /Users/longrunpc/castle-coder/prompt-test/logs/auto_django_20250603_225657.log
