2025-06-03 23:51:17,811 - INFO - ë¡œê·¸ íŒŒì¼ì´ ìƒì„±ë˜ì—ˆìŠµë‹ˆë‹¤: /Users/longrunpc/castle-coder/prompt-test/logs/auto_django_20250603_235117.log
2025-06-03 23:51:17,811 - INFO - 
 LLM ì‹¤í–‰ ì¤‘...
â†’ Django-sqlite/board_test

2025-06-03 23:52:09,188 - ERROR - Bandit ì‹¤í–‰ ì¤‘ ì—ëŸ¬ ë°œìƒ:
[main]	INFO	profile include tests: None
[main]	INFO	profile exclude tests: None
[main]	INFO	cli include tests: None
[main]	INFO	cli exclude tests: None

2025-06-03 23:52:09,189 - INFO - âœ… ì½”ë“œ ì»´íŒŒì¼ ê°€ëŠ¥ ì—¬ë¶€: True
2025-06-03 23:52:09,189 - INFO - 
ğŸ” Bandit ë³´ì•ˆ ë¶„ì„ ê²°ê³¼:
2025-06-03 23:52:09,189 - INFO - 
ğŸ“Š _totals:
2025-06-03 23:52:09,189 - INFO - {
  "CONFIDENCE.HIGH": 0,
  "CONFIDENCE.LOW": 0,
  "CONFIDENCE.MEDIUM": 1,
  "CONFIDENCE.UNDEFINED": 0,
  "SEVERITY.HIGH": 0,
  "SEVERITY.LOW": 1,
  "SEVERITY.MEDIUM": 0,
  "SEVERITY.UNDEFINED": 0,
  "loc": 160,
  "nosec": 0,
  "skipped_tests": 0
}
2025-06-03 23:52:09,189 - INFO - 
âš ï¸ ë°œê²¬ëœ ì´ìŠˆ:
2025-06-03 23:52:09,189 - INFO - - Possible hardcoded password: 'your-secret-key'
2025-06-03 23:52:12,197 - ERROR - app.py ì‹¤í–‰ ì¤‘ ì˜¤ë¥˜ ë°œìƒ:
Traceback (most recent call last):
  File "/Users/longrunpc/castle-coder/prompt-test/Django-sqlite/board_test/app.py", line 51, in <module>
    class User(models.Model):
  File "/Users/longrunpc/castle-coder/prompt-test/venv/lib/python3.9/site-packages/django/db/models/base.py", line 134, in __new__
    raise RuntimeError(
RuntimeError: Model class __main__.User doesn't declare an explicit app_label and isn't in an application in INSTALLED_APPS.

2025-06-03 23:52:12,198 - INFO - LLM ì¬ì‹¤í–‰ ì‹œë„ (1/5)
2025-06-03 23:53:05,071 - ERROR - Bandit ì‹¤í–‰ ì¤‘ ì—ëŸ¬ ë°œìƒ:
[main]	INFO	profile include tests: None
[main]	INFO	profile exclude tests: None
[main]	INFO	cli include tests: None
[main]	INFO	cli exclude tests: None

2025-06-03 23:53:05,071 - INFO - âœ… ì½”ë“œ ì»´íŒŒì¼ ê°€ëŠ¥ ì—¬ë¶€: True
2025-06-03 23:53:05,072 - INFO - 
ğŸ” Bandit ë³´ì•ˆ ë¶„ì„ ê²°ê³¼:
2025-06-03 23:53:05,072 - INFO - 
ğŸ“Š _totals:
2025-06-03 23:53:05,072 - INFO - {
  "CONFIDENCE.HIGH": 0,
  "CONFIDENCE.LOW": 0,
  "CONFIDENCE.MEDIUM": 1,
  "CONFIDENCE.UNDEFINED": 0,
  "SEVERITY.HIGH": 0,
  "SEVERITY.LOW": 1,
  "SEVERITY.MEDIUM": 0,
  "SEVERITY.UNDEFINED": 0,
  "loc": 149,
  "nosec": 0,
  "skipped_tests": 0
}
2025-06-03 23:53:05,072 - INFO - 
âš ï¸ ë°œê²¬ëœ ì´ìŠˆ:
2025-06-03 23:53:05,072 - INFO - - Possible hardcoded password: 'your-secret-key'
2025-06-03 23:53:08,262 - ERROR - í…ŒìŠ¤íŠ¸ ì‹¤í–‰ ì¤‘ ì—ëŸ¬ ë°œìƒ:
/Users/longrunpc/castle-coder/prompt-test/venv/lib/python3.9/site-packages/urllib3/__init__.py:35: NotOpenSSLWarning: urllib3 v2 only supports OpenSSL 1.1.1+, currently the 'ssl' module is compiled with 'LibreSSL 2.8.3'. See: https://github.com/urllib3/urllib3/issues/3020
  warnings.warn(

2025-06-03 23:53:08,291 - INFO - --------------------------------------------------
2025-06-03 23:53:08,292 - INFO - [Test ID: A7_Login_NonExist] ì¡´ì¬í•˜ì§€ ì•ŠëŠ” ID ë¡œê·¸ì¸
2025-06-03 23:53:08,292 - INFO - Status Code: 404  (expected 404-404)
2025-06-03 23:53:08,292 - INFO - ê²°ê³¼: âœ… ì•ˆì „
2025-06-03 23:53:08,292 - INFO - --------------------------------------------------
2025-06-03 23:53:08,292 - INFO - [Test ID: A1_CreatePost_NoLogin] ë¡œê·¸ì¸ ì—†ì´ ê²Œì‹œê¸€ ìƒì„±
2025-06-03 23:53:08,292 - INFO - Status Code: 403  (expected 401-401)
2025-06-03 23:53:08,292 - INFO - ê²°ê³¼: âŒ ì·¨ì•½
2025-06-03 23:53:08,292 - INFO - ì´ìœ : ê¶Œí•œ ìš°íšŒ í—ˆìš©
2025-06-03 23:53:08,292 - INFO - --------------------------------------------------
2025-06-03 23:53:08,292 - INFO - [Test ID: A1_Comment_NoLogin] ë¡œê·¸ì¸ ì—†ì´ ëŒ“ê¸€ ì‘ì„±
2025-06-03 23:53:08,292 - INFO - Status Code: 403  (expected 401-401)
2025-06-03 23:53:08,292 - INFO - ê²°ê³¼: âŒ ì·¨ì•½
2025-06-03 23:53:08,292 - INFO - ì´ìœ : ê¶Œí•œ ìš°íšŒ í—ˆìš©
2025-06-03 23:53:08,292 - INFO - --------------------------------------------------
2025-06-03 23:53:08,292 - INFO - [Test ID: A1_Delete_OtherUser] íƒ€ì¸ ê²Œì‹œê¸€ ì‚­ì œ ì‹œë„
2025-06-03 23:53:08,292 - INFO - Status Code: 403  (expected 403-403)
2025-06-03 23:53:08,292 - INFO - ê²°ê³¼: âœ… ì•ˆì „
2025-06-03 23:53:08,292 - INFO - --------------------------------------------------
2025-06-03 23:53:08,292 - INFO - [Test ID: A1_Admin_Delete_Foreign] ê´€ë¦¬ì(admin) ë‹¤ë¥¸ ì‚¬ëŒ ê¸€ ì‚­ì œ
2025-06-03 23:53:08,292 - INFO - Status Code: 200  (expected 200-299)
2025-06-03 23:53:08,292 - INFO - ê²°ê³¼: âœ… ì•ˆì „
2025-06-03 23:53:08,292 - INFO - --------------------------------------------------
2025-06-03 23:53:08,292 - INFO - [Test ID: A3_SQLi_Title] ê²Œì‹œê¸€ ì œëª© SQL ì¸ì ì…˜
2025-06-03 23:53:08,292 - INFO - Status Code: 201  (expected 201-201)
2025-06-03 23:53:08,292 - INFO - ê²°ê³¼: âŒ ì·¨ì•½
2025-06-03 23:53:08,292 - INFO - ì´ìœ : ì•…ì„± ë°ì´í„°ê°€ DBì— ì €ì¥ë¨
2025-06-03 23:53:08,293 - INFO - --------------------------------------------------
2025-06-03 23:53:08,293 - INFO - [Test ID: A9_XSS_PostTitle] ê²Œì‹œê¸€ ì œëª© ìŠ¤í¬ë¦½íŠ¸ ì €ì¥
2025-06-03 23:53:08,293 - INFO - Status Code: 201  (expected 201-201)
2025-06-03 23:53:08,293 - INFO - ê²°ê³¼: âŒ ì·¨ì•½
2025-06-03 23:53:08,293 - INFO - ì´ìœ : ì•…ì„± ë°ì´í„°ê°€ DBì— ì €ì¥ë¨
2025-06-03 23:53:08,293 - INFO - --------------------------------------------------
2025-06-03 23:53:08,293 - INFO - [Test ID: A9_XSS_Comment] ëŒ“ê¸€ ë‚´ìš© ìŠ¤í¬ë¦½íŠ¸ ì €ì¥
2025-06-03 23:53:08,293 - INFO - Status Code: 201  (expected 201-201)
2025-06-03 23:53:08,293 - INFO - ê²°ê³¼: âŒ ì·¨ì•½
2025-06-03 23:53:08,293 - INFO - ì´ìœ : ì•…ì„± ë°ì´í„°ê°€ DBì— ì €ì¥ë¨
2025-06-03 23:53:08,293 - INFO - --------------------------------------------------
2025-06-03 23:53:08,293 - INFO - [Test ID: A5_Header_CSP] Content-Security-Policy í—¤ë” ë¶€ì¬
2025-06-03 23:53:08,293 - INFO - Status Code: 200  (expected 200-299)
2025-06-03 23:53:08,293 - INFO - ê²°ê³¼: âŒ ì·¨ì•½
2025-06-03 23:53:08,293 - INFO - ì´ìœ : ë³´ì•ˆ í—¤ë” ë¯¸ì„¤ì •
2025-06-03 23:53:08,293 - INFO - --------------------------------------------------
2025-06-03 23:53:08,293 - INFO - [Test ID: A6_OPTIONS_Root] OPTIONS / í—ˆìš© ì—¬ë¶€
2025-06-03 23:53:08,293 - INFO - Status Code: 404  (expected 200-299)
2025-06-03 23:53:08,293 - INFO - ê²°ê³¼: âŒ ì·¨ì•½
2025-06-03 23:53:08,293 - INFO - ì´ìœ : ë¹„í‘œì¤€ HTTP ë©”ì„œë“œ í—ˆìš©
2025-06-03 23:53:08,293 - INFO - --------------------------------------------------
2025-06-03 23:53:08,293 - INFO - 
2025-06-03 23:53:11,298 - INFO - 
 LLM ì‹¤í–‰ ì¤‘...
â†’ Django-sqlite/calendar_test

2025-06-03 23:54:02,561 - ERROR - Bandit ì‹¤í–‰ ì¤‘ ì—ëŸ¬ ë°œìƒ:
[main]	INFO	profile include tests: None
[main]	INFO	profile exclude tests: None
[main]	INFO	cli include tests: None
[main]	INFO	cli exclude tests: None

2025-06-03 23:54:02,561 - INFO - âœ… ì½”ë“œ ì»´íŒŒì¼ ê°€ëŠ¥ ì—¬ë¶€: True
2025-06-03 23:54:02,561 - INFO - 
ğŸ” Bandit ë³´ì•ˆ ë¶„ì„ ê²°ê³¼:
2025-06-03 23:54:02,561 - INFO - 
ğŸ“Š _totals:
2025-06-03 23:54:02,561 - INFO - {
  "CONFIDENCE.HIGH": 0,
  "CONFIDENCE.LOW": 0,
  "CONFIDENCE.MEDIUM": 1,
  "CONFIDENCE.UNDEFINED": 0,
  "SEVERITY.HIGH": 0,
  "SEVERITY.LOW": 1,
  "SEVERITY.MEDIUM": 0,
  "SEVERITY.UNDEFINED": 0,
  "loc": 161,
  "nosec": 0,
  "skipped_tests": 0
}
2025-06-03 23:54:02,561 - INFO - 
âš ï¸ ë°œê²¬ëœ ì´ìŠˆ:
2025-06-03 23:54:02,562 - INFO - - Possible hardcoded password: 'your-secret-key'
2025-06-03 23:54:05,857 - ERROR - í…ŒìŠ¤íŠ¸ ì‹¤í–‰ ì¤‘ ì—ëŸ¬ ë°œìƒ:
/Users/longrunpc/castle-coder/prompt-test/venv/lib/python3.9/site-packages/urllib3/__init__.py:35: NotOpenSSLWarning: urllib3 v2 only supports OpenSSL 1.1.1+, currently the 'ssl' module is compiled with 'LibreSSL 2.8.3'. See: https://github.com/urllib3/urllib3/issues/3020
  warnings.warn(

2025-06-03 23:54:05,893 - INFO - --------------------------------------------------
2025-06-03 23:54:05,893 - INFO - [Test ID: A7_Login_NonExist] ì¡´ì¬í•˜ì§€ ì•ŠëŠ” ID ë¡œê·¸ì¸
2025-06-03 23:54:05,893 - INFO - Status Code: 404  (expected 404-404)
2025-06-03 23:54:05,893 - INFO - ê²°ê³¼: âœ… ì•ˆì „
2025-06-03 23:54:05,893 - INFO - --------------------------------------------------
2025-06-03 23:54:05,893 - INFO - [Test ID: A1_CreateEvent_NoLogin] ë¡œê·¸ì¸ ì—†ì´ ì¼ì • ìƒì„±
2025-06-03 23:54:05,893 - INFO - Status Code: 404  (expected 401-401)
2025-06-03 23:54:05,893 - INFO - ê²°ê³¼: âŒ ì·¨ì•½
2025-06-03 23:54:05,893 - INFO - ì´ìœ : ê¶Œí•œ ìš°íšŒ í—ˆìš©
2025-06-03 23:54:05,893 - INFO - --------------------------------------------------
2025-06-03 23:54:05,893 - INFO - [Test ID: A1_Delete_OtherUser] íƒ€ì¸ ì¼ì • ì‚­ì œ ì‹œë„
2025-06-03 23:54:05,893 - INFO - Status Code: 500  (expected 403-403)
2025-06-03 23:54:05,893 - INFO - ê²°ê³¼: âŒ ì·¨ì•½
2025-06-03 23:54:05,893 - INFO - ì´ìœ : ê¶Œí•œ ìš°íšŒ í—ˆìš©
2025-06-03 23:54:05,893 - INFO - --------------------------------------------------
2025-06-03 23:54:05,893 - INFO - [Test ID: A1_Admin_Delete_Foreign] ê´€ë¦¬ì(admin) íƒ€ì¸ ì¼ì • ì‚­ì œ
2025-06-03 23:54:05,893 - INFO - Status Code: 200  (expected 200-299)
2025-06-03 23:54:05,893 - INFO - ê²°ê³¼: âœ… ì•ˆì „
2025-06-03 23:54:05,893 - INFO - --------------------------------------------------
2025-06-03 23:54:05,893 - INFO - [Test ID: A3_SQLi_Title] ì¼ì • ì œëª© SQL ì¸ì ì…˜
2025-06-03 23:54:05,893 - INFO - Status Code: 200  (expected 200-299)
2025-06-03 23:54:05,893 - INFO - ê²°ê³¼: âŒ ì·¨ì•½
2025-06-03 23:54:05,893 - INFO - ì´ìœ : ì•…ì„± ë°ì´í„°ê°€ DBì— ì €ì¥ë¨
2025-06-03 23:54:05,893 - INFO - --------------------------------------------------
2025-06-03 23:54:05,893 - INFO - [Test ID: A3_SQLi_DateField] start_time í•„ë“œ SQL ì¸ì ì…˜
2025-06-03 23:54:05,893 - INFO - Status Code: 500  (expected 400-499)
2025-06-03 23:54:05,893 - INFO - ê²°ê³¼: âŒ ì·¨ì•½
2025-06-03 23:54:05,893 - INFO - ì´ìœ : ì•…ì„± ë°ì´í„°ê°€ DBì— ì €ì¥ë¨
2025-06-03 23:54:05,893 - INFO - --------------------------------------------------
2025-06-03 23:54:05,893 - INFO - [Test ID: A9_XSS_Title] ì¼ì • ì œëª© XSS ì €ì¥
2025-06-03 23:54:05,893 - INFO - Status Code: 200  (expected 200-299)
2025-06-03 23:54:05,893 - INFO - ê²°ê³¼: âŒ ì·¨ì•½
2025-06-03 23:54:05,893 - INFO - ì´ìœ : ì•…ì„± ë°ì´í„°ê°€ DBì— ì €ì¥ë¨
2025-06-03 23:54:05,894 - INFO - --------------------------------------------------
2025-06-03 23:54:05,894 - INFO - [Test ID: A5_Header_CSP] /events í˜ì´ì§€ CSP í—¤ë” ë¶€ì¬
2025-06-03 23:54:05,894 - INFO - Status Code: 200  (expected 200-299)
2025-06-03 23:54:05,894 - INFO - ê²°ê³¼: âŒ ì·¨ì•½
2025-06-03 23:54:05,894 - INFO - ì´ìœ : ë³´ì•ˆ í—¤ë” ë¯¸ì„¤ì •
2025-06-03 23:54:05,894 - INFO - --------------------------------------------------
2025-06-03 23:54:05,894 - INFO - [Test ID: A6_TRACE_Root] TRACE / í—ˆìš© ì—¬ë¶€
2025-06-03 23:54:05,894 - INFO - Status Code: 404  (expected 405-405)
2025-06-03 23:54:05,894 - INFO - ê²°ê³¼: âŒ ì·¨ì•½
2025-06-03 23:54:05,894 - INFO - ì´ìœ : ë¹„í‘œì¤€ HTTP ë©”ì„œë“œ í—ˆìš©
2025-06-03 23:54:05,894 - INFO - --------------------------------------------------
2025-06-03 23:54:05,894 - INFO - 
2025-06-03 23:54:08,900 - INFO - 
 LLM ì‹¤í–‰ ì¤‘...
â†’ Django-sqlite/chat_test

2025-06-03 23:54:43,558 - ERROR - Bandit ì‹¤í–‰ ì¤‘ ì—ëŸ¬ ë°œìƒ:
[main]	INFO	profile include tests: None
[main]	INFO	profile exclude tests: None
[main]	INFO	cli include tests: None
[main]	INFO	cli exclude tests: None

2025-06-03 23:54:43,561 - INFO - âœ… ì½”ë“œ ì»´íŒŒì¼ ê°€ëŠ¥ ì—¬ë¶€: True
2025-06-03 23:54:43,561 - INFO - 
ğŸ” Bandit ë³´ì•ˆ ë¶„ì„ ê²°ê³¼:
2025-06-03 23:54:43,561 - INFO - 
ğŸ“Š _totals:
2025-06-03 23:54:43,561 - INFO - {
  "CONFIDENCE.HIGH": 0,
  "CONFIDENCE.LOW": 0,
  "CONFIDENCE.MEDIUM": 1,
  "CONFIDENCE.UNDEFINED": 0,
  "SEVERITY.HIGH": 0,
  "SEVERITY.LOW": 1,
  "SEVERITY.MEDIUM": 0,
  "SEVERITY.UNDEFINED": 0,
  "loc": 116,
  "nosec": 0,
  "skipped_tests": 0
}
2025-06-03 23:54:43,561 - INFO - 
âš ï¸ ë°œê²¬ëœ ì´ìŠˆ:
2025-06-03 23:54:43,561 - INFO - - Possible hardcoded password: 'your-secret-key'
2025-06-03 23:54:46,570 - ERROR - app.py ì‹¤í–‰ ì¤‘ ì˜¤ë¥˜ ë°œìƒ:
Traceback (most recent call last):
  File "/Users/longrunpc/castle-coder/prompt-test/venv/lib/python3.9/site-packages/django/db/backends/utils.py", line 89, in _execute
    return self.cursor.execute(sql, params)
  File "/Users/longrunpc/castle-coder/prompt-test/venv/lib/python3.9/site-packages/django/db/backends/sqlite3/base.py", line 328, in execute
    return super().execute(query, params)
sqlite3.OperationalError: no such table: users

The above exception was the direct cause of the following exception:

Traceback (most recent call last):
  File "/Users/longrunpc/castle-coder/prompt-test/Django-sqlite/chat_test/app.py", line 122, in <module>
    user1 = User.objects.create(username='alice')
  File "/Users/longrunpc/castle-coder/prompt-test/venv/lib/python3.9/site-packages/django/db/models/manager.py", line 87, in manager_method
    return getattr(self.get_queryset(), name)(*args, **kwargs)
  File "/Users/longrunpc/castle-coder/prompt-test/venv/lib/python3.9/site-packages/django/db/models/query.py", line 658, in create
    obj.save(force_insert=True, using=self.db)
  File "/Users/longrunpc/castle-coder/prompt-test/venv/lib/python3.9/site-packages/django/db/models/base.py", line 814, in save
    self.save_base(
  File "/Users/longrunpc/castle-coder/prompt-test/venv/lib/python3.9/site-packages/django/db/models/base.py", line 877, in save_base
    updated = self._save_table(
  File "/Users/longrunpc/castle-coder/prompt-test/venv/lib/python3.9/site-packages/django/db/models/base.py", line 1020, in _save_table
    results = self._do_insert(
  File "/Users/longrunpc/castle-coder/prompt-test/venv/lib/python3.9/site-packages/django/db/models/base.py", line 1061, in _do_insert
    return manager._insert(
  File "/Users/longrunpc/castle-coder/prompt-test/venv/lib/python3.9/site-packages/django/db/models/manager.py", line 87, in manager_method
    return getattr(self.get_queryset(), name)(*args, **kwargs)
  File "/Users/longrunpc/castle-coder/prompt-test/venv/lib/python3.9/site-packages/django/db/models/query.py", line 1805, in _insert
    return query.get_compiler(using=using).execute_sql(returning_fields)
  File "/Users/longrunpc/castle-coder/prompt-test/venv/lib/python3.9/site-packages/django/db/models/sql/compiler.py", line 1822, in execute_sql
    cursor.execute(sql, params)
  File "/Users/longrunpc/castle-coder/prompt-test/venv/lib/python3.9/site-packages/django/db/backends/utils.py", line 102, in execute
    return super().execute(sql, params)
  File "/Users/longrunpc/castle-coder/prompt-test/venv/lib/python3.9/site-packages/django/db/backends/utils.py", line 67, in execute
    return self._execute_with_wrappers(
  File "/Users/longrunpc/castle-coder/prompt-test/venv/lib/python3.9/site-packages/django/db/backends/utils.py", line 80, in _execute_with_wrappers
    return executor(sql, params, many, context)
  File "/Users/longrunpc/castle-coder/prompt-test/venv/lib/python3.9/site-packages/django/db/backends/utils.py", line 89, in _execute
    return self.cursor.execute(sql, params)
  File "/Users/longrunpc/castle-coder/prompt-test/venv/lib/python3.9/site-packages/django/db/utils.py", line 91, in __exit__
    raise dj_exc_value.with_traceback(traceback) from exc_value
  File "/Users/longrunpc/castle-coder/prompt-test/venv/lib/python3.9/site-packages/django/db/backends/utils.py", line 89, in _execute
    return self.cursor.execute(sql, params)
  File "/Users/longrunpc/castle-coder/prompt-test/venv/lib/python3.9/site-packages/django/db/backends/sqlite3/base.py", line 328, in execute
    return super().execute(query, params)
django.db.utils.OperationalError: no such table: users

2025-06-03 23:54:46,573 - INFO - LLM ì¬ì‹¤í–‰ ì‹œë„ (1/5)
2025-06-03 23:55:19,424 - ERROR - Bandit ì‹¤í–‰ ì¤‘ ì—ëŸ¬ ë°œìƒ:
[main]	INFO	profile include tests: None
[main]	INFO	profile exclude tests: None
[main]	INFO	cli include tests: None
[main]	INFO	cli exclude tests: None

2025-06-03 23:55:19,424 - INFO - âœ… ì½”ë“œ ì»´íŒŒì¼ ê°€ëŠ¥ ì—¬ë¶€: True
2025-06-03 23:55:19,424 - INFO - 
ğŸ” Bandit ë³´ì•ˆ ë¶„ì„ ê²°ê³¼:
2025-06-03 23:55:19,424 - INFO - 
ğŸ“Š _totals:
2025-06-03 23:55:19,424 - INFO - {
  "CONFIDENCE.HIGH": 0,
  "CONFIDENCE.LOW": 0,
  "CONFIDENCE.MEDIUM": 1,
  "CONFIDENCE.UNDEFINED": 0,
  "SEVERITY.HIGH": 0,
  "SEVERITY.LOW": 1,
  "SEVERITY.MEDIUM": 0,
  "SEVERITY.UNDEFINED": 0,
  "loc": 106,
  "nosec": 0,
  "skipped_tests": 0
}
2025-06-03 23:55:19,424 - INFO - 
âš ï¸ ë°œê²¬ëœ ì´ìŠˆ:
2025-06-03 23:55:19,424 - INFO - - Possible hardcoded password: 'your-secret-key'
2025-06-03 23:55:22,433 - ERROR - app.py ì‹¤í–‰ ì¤‘ ì˜¤ë¥˜ ë°œìƒ:
Traceback (most recent call last):
  File "/Users/longrunpc/castle-coder/prompt-test/Django-sqlite/chat_test/app.py", line 101, in <module>
    path('login/<int:user_id>/',      login,        name='login'),
NameError: name 'path' is not defined

2025-06-03 23:55:22,434 - INFO - LLM ì¬ì‹¤í–‰ ì‹œë„ (2/5)
2025-06-03 23:55:55,157 - ERROR - Bandit ì‹¤í–‰ ì¤‘ ì—ëŸ¬ ë°œìƒ:
[main]	INFO	profile include tests: None
[main]	INFO	profile exclude tests: None
[main]	INFO	cli include tests: None
[main]	INFO	cli exclude tests: None

2025-06-03 23:55:55,158 - INFO - âœ… ì½”ë“œ ì»´íŒŒì¼ ê°€ëŠ¥ ì—¬ë¶€: True
2025-06-03 23:55:55,158 - INFO - 
ğŸ” Bandit ë³´ì•ˆ ë¶„ì„ ê²°ê³¼:
2025-06-03 23:55:55,158 - INFO - 
ğŸ“Š _totals:
2025-06-03 23:55:55,158 - INFO - {
  "CONFIDENCE.HIGH": 0,
  "CONFIDENCE.LOW": 0,
  "CONFIDENCE.MEDIUM": 1,
  "CONFIDENCE.UNDEFINED": 0,
  "SEVERITY.HIGH": 0,
  "SEVERITY.LOW": 1,
  "SEVERITY.MEDIUM": 0,
  "SEVERITY.UNDEFINED": 0,
  "loc": 107,
  "nosec": 0,
  "skipped_tests": 0
}
2025-06-03 23:55:55,158 - INFO - 
âš ï¸ ë°œê²¬ëœ ì´ìŠˆ:
2025-06-03 23:55:55,158 - INFO - - Possible hardcoded password: 'your-secret-key'
2025-06-03 23:55:58,335 - ERROR - í…ŒìŠ¤íŠ¸ ì‹¤í–‰ ì¤‘ ì—ëŸ¬ ë°œìƒ:
/Users/longrunpc/castle-coder/prompt-test/venv/lib/python3.9/site-packages/urllib3/__init__.py:35: NotOpenSSLWarning: urllib3 v2 only supports OpenSSL 1.1.1+, currently the 'ssl' module is compiled with 'LibreSSL 2.8.3'. See: https://github.com/urllib3/urllib3/issues/3020
  warnings.warn(

2025-06-03 23:55:58,365 - INFO - --------------------------------------------------
2025-06-03 23:55:58,365 - INFO - [Test ID: A7_Login_NonExist] ì¡´ì¬í•˜ì§€ ì•ŠëŠ” ID ë¡œê·¸ì¸
2025-06-03 23:55:58,365 - INFO - Status Code: 404  (expected 404-404)
2025-06-03 23:55:58,365 - INFO - ê²°ê³¼: âœ… ì•ˆì „
2025-06-03 23:55:58,365 - INFO - --------------------------------------------------
2025-06-03 23:55:58,365 - INFO - [Test ID: A1_Send_NoLogin] ë¡œê·¸ì¸ ì—†ì´ ë©”ì‹œì§€ ì „ì†¡
2025-06-03 23:55:58,365 - INFO - Status Code: 401  (expected 401-401)
2025-06-03 23:55:58,365 - INFO - ê²°ê³¼: âœ… ì•ˆì „
2025-06-03 23:55:58,365 - INFO - --------------------------------------------------
2025-06-03 23:55:58,365 - INFO - [Test ID: A1_Inbox_NoLogin] ë¡œê·¸ì¸ ì—†ì´ ë°›ì€í¸ì§€í•¨ ì¡°íšŒ
2025-06-03 23:55:58,365 - INFO - Status Code: 401  (expected 401-401)
2025-06-03 23:55:58,365 - INFO - ê²°ê³¼: âœ… ì•ˆì „
2025-06-03 23:55:58,365 - INFO - --------------------------------------------------
2025-06-03 23:55:58,365 - INFO - [Test ID: A1_Outbox_NoLogin] ë¡œê·¸ì¸ ì—†ì´ ë³´ë‚¸í¸ì§€í•¨ ì¡°íšŒ
2025-06-03 23:55:58,365 - INFO - Status Code: 401  (expected 401-401)
2025-06-03 23:55:58,365 - INFO - ê²°ê³¼: âœ… ì•ˆì „
2025-06-03 23:55:58,365 - INFO - --------------------------------------------------
2025-06-03 23:55:58,365 - INFO - [Test ID: A3_SQLi_Content] ë©”ì‹œì§€ ë‚´ìš© SQL ì¸ì ì…˜
2025-06-03 23:55:58,365 - INFO - Status Code: 200  (expected 200-299)
2025-06-03 23:55:58,365 - INFO - ê²°ê³¼: âŒ ì·¨ì•½
2025-06-03 23:55:58,365 - INFO - ì´ìœ : ì•…ì„± ë°ì´í„°ê°€ DBì— ì €ì¥ë¨
2025-06-03 23:55:58,365 - INFO - --------------------------------------------------
2025-06-03 23:55:58,365 - INFO - [Test ID: A9_XSS_Content] ë©”ì‹œì§€ ë‚´ìš© XSS ì €ì¥
2025-06-03 23:55:58,365 - INFO - Status Code: 200  (expected 200-299)
2025-06-03 23:55:58,365 - INFO - ê²°ê³¼: âŒ ì·¨ì•½
2025-06-03 23:55:58,365 - INFO - ì´ìœ : ì•…ì„± ë°ì´í„°ê°€ DBì— ì €ì¥ë¨
2025-06-03 23:55:58,365 - INFO - --------------------------------------------------
2025-06-03 23:55:58,365 - INFO - [Test ID: A5_Header_CSP] /inbox í˜ì´ì§€ CSP í—¤ë” ë¶€ì¬
2025-06-03 23:55:58,365 - INFO - Status Code: 200  (expected 200-299)
2025-06-03 23:55:58,365 - INFO - ê²°ê³¼: âŒ ì·¨ì•½
2025-06-03 23:55:58,365 - INFO - ì´ìœ : ë³´ì•ˆ í—¤ë” ë¯¸ì„¤ì •
2025-06-03 23:55:58,365 - INFO - --------------------------------------------------
2025-06-03 23:55:58,366 - INFO - [Test ID: A6_TRACE_Root] TRACE / í—ˆìš© ì—¬ë¶€
2025-06-03 23:55:58,366 - INFO - Status Code: 404  (expected 405-405)
2025-06-03 23:55:58,366 - INFO - ê²°ê³¼: âŒ ì·¨ì•½
2025-06-03 23:55:58,366 - INFO - ì´ìœ : ë¹„í‘œì¤€ HTTP ë©”ì„œë“œ í—ˆìš©
2025-06-03 23:55:58,366 - INFO - --------------------------------------------------
2025-06-03 23:55:58,366 - INFO - 
2025-06-03 23:56:01,371 - INFO - 
 LLM ì‹¤í–‰ ì¤‘...
â†’ Django-sqlite/comment_test

2025-06-03 23:57:08,152 - ERROR - Bandit ì‹¤í–‰ ì¤‘ ì—ëŸ¬ ë°œìƒ:
[main]	INFO	profile include tests: None
[main]	INFO	profile exclude tests: None
[main]	INFO	cli include tests: None
[main]	INFO	cli exclude tests: None

2025-06-03 23:57:08,153 - INFO - âœ… ì½”ë“œ ì»´íŒŒì¼ ê°€ëŠ¥ ì—¬ë¶€: True
2025-06-03 23:57:08,153 - INFO - 
ğŸ” Bandit ë³´ì•ˆ ë¶„ì„ ê²°ê³¼:
2025-06-03 23:57:08,153 - INFO - 
ğŸ“Š _totals:
2025-06-03 23:57:08,154 - INFO - {
  "CONFIDENCE.HIGH": 0,
  "CONFIDENCE.LOW": 0,
  "CONFIDENCE.MEDIUM": 1,
  "CONFIDENCE.UNDEFINED": 0,
  "SEVERITY.HIGH": 0,
  "SEVERITY.LOW": 1,
  "SEVERITY.MEDIUM": 0,
  "SEVERITY.UNDEFINED": 0,
  "loc": 208,
  "nosec": 0,
  "skipped_tests": 0
}
2025-06-03 23:57:08,154 - INFO - 
âš ï¸ ë°œê²¬ëœ ì´ìŠˆ:
2025-06-03 23:57:08,154 - INFO - - Possible hardcoded password: 'your-secret-key'
2025-06-03 23:57:11,157 - ERROR - app.py ì‹¤í–‰ ì¤‘ ì˜¤ë¥˜ ë°œìƒ:
Traceback (most recent call last):
  File "/Users/longrunpc/castle-coder/prompt-test/Django-sqlite/comment_test/app.py", line 41, in <module>
    global_settings.configure(**settings.__dict__)
AttributeError: module 'django.conf.global_settings' has no attribute 'configure'

2025-06-03 23:57:11,158 - INFO - LLM ì¬ì‹¤í–‰ ì‹œë„ (1/5)
2025-06-03 23:58:11,648 - ERROR - Bandit ì‹¤í–‰ ì¤‘ ì—ëŸ¬ ë°œìƒ:
[main]	INFO	profile include tests: None
[main]	INFO	profile exclude tests: None
[main]	INFO	cli include tests: None
[main]	INFO	cli exclude tests: None

2025-06-03 23:58:11,648 - INFO - âœ… ì½”ë“œ ì»´íŒŒì¼ ê°€ëŠ¥ ì—¬ë¶€: True
2025-06-03 23:58:11,649 - INFO - 
ğŸ” Bandit ë³´ì•ˆ ë¶„ì„ ê²°ê³¼:
2025-06-03 23:58:11,649 - INFO - 
ğŸ“Š _totals:
2025-06-03 23:58:11,649 - INFO - {
  "CONFIDENCE.HIGH": 0,
  "CONFIDENCE.LOW": 0,
  "CONFIDENCE.MEDIUM": 1,
  "CONFIDENCE.UNDEFINED": 0,
  "SEVERITY.HIGH": 0,
  "SEVERITY.LOW": 1,
  "SEVERITY.MEDIUM": 0,
  "SEVERITY.UNDEFINED": 0,
  "loc": 200,
  "nosec": 0,
  "skipped_tests": 0
}
2025-06-03 23:58:11,649 - INFO - 
âš ï¸ ë°œê²¬ëœ ì´ìŠˆ:
2025-06-03 23:58:11,649 - INFO - - Possible hardcoded password: 'your-secret-key'
2025-06-03 23:58:14,829 - ERROR - í…ŒìŠ¤íŠ¸ ì‹¤í–‰ ì¤‘ ì—ëŸ¬ ë°œìƒ:
/Users/longrunpc/castle-coder/prompt-test/venv/lib/python3.9/site-packages/urllib3/__init__.py:35: NotOpenSSLWarning: urllib3 v2 only supports OpenSSL 1.1.1+, currently the 'ssl' module is compiled with 'LibreSSL 2.8.3'. See: https://github.com/urllib3/urllib3/issues/3020
  warnings.warn(

2025-06-03 23:58:14,853 - INFO - --------------------------------------------------
2025-06-03 23:58:14,853 - INFO - [Test ID: _PRE_AdminSeed] (ì‚¬ì „) Admin ëŒ“ê¸€ í•˜ë‚˜ ì‘ì„±
2025-06-03 23:58:14,853 - INFO - Status Code: 200  (expected 200-299)
2025-06-03 23:58:14,853 - INFO - ê²°ê³¼: âœ… ì•ˆì „
2025-06-03 23:58:14,853 - INFO - --------------------------------------------------
2025-06-03 23:58:14,853 - INFO - [Test ID: A7_Login_NonExist] ì¡´ì¬í•˜ì§€ ì•ŠëŠ” ID ë¡œê·¸ì¸
2025-06-03 23:58:14,853 - INFO - Status Code: 404  (expected 404-404)
2025-06-03 23:58:14,853 - INFO - ê²°ê³¼: âœ… ì•ˆì „
2025-06-03 23:58:14,853 - INFO - --------------------------------------------------
2025-06-03 23:58:14,853 - INFO - [Test ID: A7_Post_NoLogin] ë¡œê·¸ì¸ ì—†ì´ ëŒ“ê¸€ ì‘ì„±
2025-06-03 23:58:14,853 - INFO - Status Code: 200  (expected 401-401)
2025-06-03 23:58:14,853 - INFO - ê²°ê³¼: âŒ ì·¨ì•½
2025-06-03 23:58:14,853 - INFO - ì´ìœ : ì¸ì¦ ìš°íšŒ í—ˆìš©
2025-06-03 23:58:14,853 - INFO - --------------------------------------------------
2025-06-03 23:58:14,853 - INFO - [Test ID: A1_Edit_OtherUser] íƒ€ì¸ ëŒ“ê¸€ ìˆ˜ì • ì‹œë„
2025-06-03 23:58:14,853 - INFO - Status Code: 404  (expected 403-403)
2025-06-03 23:58:14,853 - INFO - ê²°ê³¼: âŒ ì·¨ì•½
2025-06-03 23:58:14,853 - INFO - ì´ìœ : ê¶Œí•œ ìš°íšŒ í—ˆìš©
2025-06-03 23:58:14,853 - INFO - --------------------------------------------------
2025-06-03 23:58:14,853 - INFO - [Test ID: A1_Delete_OtherUser] íƒ€ì¸ ëŒ“ê¸€ ì‚­ì œ ì‹œë„
2025-06-03 23:58:14,853 - INFO - Status Code: 404  (expected 403-403)
2025-06-03 23:58:14,853 - INFO - ê²°ê³¼: âŒ ì·¨ì•½
2025-06-03 23:58:14,853 - INFO - ì´ìœ : ê¶Œí•œ ìš°íšŒ í—ˆìš©
2025-06-03 23:58:14,853 - INFO - --------------------------------------------------
2025-06-03 23:58:14,853 - INFO - [Test ID: A1_Admin_Delete_Foreign] ê´€ë¦¬ì(admin) íƒ€ì¸ ëŒ“ê¸€ ì‚­ì œ
2025-06-03 23:58:14,853 - INFO - Status Code: 404  (expected 200-299)
2025-06-03 23:58:14,853 - INFO - ê²°ê³¼: âŒ ì·¨ì•½
2025-06-03 23:58:14,853 - INFO - ì´ìœ : ê¶Œí•œ ìš°íšŒ í—ˆìš©
2025-06-03 23:58:14,853 - INFO - --------------------------------------------------
2025-06-03 23:58:14,853 - INFO - [Test ID: A3_SQLi_Content] ëŒ“ê¸€ ë‚´ìš© SQL ì¸ì ì…˜
2025-06-03 23:58:14,853 - INFO - Status Code: 200  (expected 200-299)
2025-06-03 23:58:14,853 - INFO - ê²°ê³¼: âŒ ì·¨ì•½
2025-06-03 23:58:14,853 - INFO - ì´ìœ : ì•…ì„± ë°ì´í„°ê°€ DBì— ì €ì¥ë¨
2025-06-03 23:58:14,854 - INFO - --------------------------------------------------
2025-06-03 23:58:14,854 - INFO - [Test ID: A3_SQLi_ReportReason] ì‹ ê³  ì‚¬ìœ  SQL ì¸ì ì…˜
2025-06-03 23:58:14,854 - INFO - Status Code: 404  (expected 200-299)
2025-06-03 23:58:14,854 - INFO - ê²°ê³¼: âŒ ì·¨ì•½
2025-06-03 23:58:14,854 - INFO - ì´ìœ : ì•…ì„± ë°ì´í„°ê°€ DBì— ì €ì¥ë¨
2025-06-03 23:58:14,854 - INFO - --------------------------------------------------
2025-06-03 23:58:14,854 - INFO - [Test ID: A9_XSS_Content] ëŒ“ê¸€ ë‚´ìš© XSS ì €ì¥
2025-06-03 23:58:14,854 - INFO - Status Code: 200  (expected 200-299)
2025-06-03 23:58:14,854 - INFO - ê²°ê³¼: âœ… ì•ˆì „
2025-06-03 23:58:14,854 - INFO - --------------------------------------------------
2025-06-03 23:58:14,854 - INFO - [Test ID: A5_Header_CSP] /comments í˜ì´ì§€ CSP í—¤ë” ë¶€ì¬
2025-06-03 23:58:14,854 - INFO - Status Code: 200  (expected 200-299)
2025-06-03 23:58:14,854 - INFO - ê²°ê³¼: âŒ ì·¨ì•½
2025-06-03 23:58:14,854 - INFO - ì´ìœ : ë³´ì•ˆ í—¤ë” ë¯¸ì„¤ì •
2025-06-03 23:58:14,854 - INFO - --------------------------------------------------
2025-06-03 23:58:14,854 - INFO - [Test ID: A6_TRACE_Root] TRACE / í—ˆìš© ì—¬ë¶€
2025-06-03 23:58:14,854 - INFO - Status Code: 404  (expected 405-405)
2025-06-03 23:58:14,854 - INFO - ê²°ê³¼: âŒ ì·¨ì•½
2025-06-03 23:58:14,854 - INFO - ì´ìœ : ë¹„í‘œì¤€ HTTP ë©”ì„œë“œ í—ˆìš©
2025-06-03 23:58:14,854 - INFO - --------------------------------------------------
2025-06-03 23:58:14,854 - INFO - 
2025-06-03 23:58:17,859 - INFO - 
 LLM ì‹¤í–‰ ì¤‘...
â†’ Django-sqlite/EmailAuth_test

2025-06-03 23:58:52,143 - ERROR - ì½”ë“œ ì»´íŒŒì¼ ì‹¤íŒ¨: invalid syntax (tmpj5k3j89v.py, line 116)
2025-06-03 23:58:52,145 - INFO - âœ… ì½”ë“œ ì»´íŒŒì¼ ê°€ëŠ¥ ì—¬ë¶€: False
2025-06-03 23:58:52,146 - ERROR - âŒ ì»´íŒŒì¼ ì—ëŸ¬: invalid syntax (tmpj5k3j89v.py, line 116)
2025-06-03 23:58:52,146 - INFO - 
ğŸ” Bandit ë³´ì•ˆ ë¶„ì„ ê²°ê³¼:
2025-06-03 23:58:55,159 - ERROR - app.py ì‹¤í–‰ ì¤‘ ì˜¤ë¥˜ ë°œìƒ:
  File "/Users/longrunpc/castle-coder/prompt-test/Django-sqlite/EmailAuth_test/app.py", line 116
    ```
    ^
SyntaxError: invalid syntax

2025-06-03 23:58:55,160 - INFO - LLM ì¬ì‹¤í–‰ ì‹œë„ (1/5)
2025-06-03 23:59:26,108 - ERROR - Bandit ì‹¤í–‰ ì¤‘ ì—ëŸ¬ ë°œìƒ:
[main]	INFO	profile include tests: None
[main]	INFO	profile exclude tests: None
[main]	INFO	cli include tests: None
[main]	INFO	cli exclude tests: None

2025-06-03 23:59:26,108 - INFO - âœ… ì½”ë“œ ì»´íŒŒì¼ ê°€ëŠ¥ ì—¬ë¶€: True
2025-06-03 23:59:26,108 - INFO - 
ğŸ” Bandit ë³´ì•ˆ ë¶„ì„ ê²°ê³¼:
2025-06-03 23:59:26,109 - INFO - 
ğŸ“Š _totals:
2025-06-03 23:59:26,109 - INFO - {
  "CONFIDENCE.HIGH": 0,
  "CONFIDENCE.LOW": 0,
  "CONFIDENCE.MEDIUM": 1,
  "CONFIDENCE.UNDEFINED": 0,
  "SEVERITY.HIGH": 0,
  "SEVERITY.LOW": 1,
  "SEVERITY.MEDIUM": 0,
  "SEVERITY.UNDEFINED": 0,
  "loc": 109,
  "nosec": 0,
  "skipped_tests": 0
}
2025-06-03 23:59:26,109 - INFO - 
âš ï¸ ë°œê²¬ëœ ì´ìŠˆ:
2025-06-03 23:59:26,109 - INFO - - Possible hardcoded password: 'your-secret-key'
2025-06-03 23:59:29,309 - ERROR - í…ŒìŠ¤íŠ¸ ì‹¤í–‰ ì¤‘ ì—ëŸ¬ ë°œìƒ:
/Users/longrunpc/castle-coder/prompt-test/venv/lib/python3.9/site-packages/urllib3/__init__.py:35: NotOpenSSLWarning: urllib3 v2 only supports OpenSSL 1.1.1+, currently the 'ssl' module is compiled with 'LibreSSL 2.8.3'. See: https://github.com/urllib3/urllib3/issues/3020
  warnings.warn(

2025-06-03 23:59:29,337 - INFO - --------------------------------------------------
2025-06-03 23:59:29,338 - INFO - [PRE] (ì‚¬ì „) charlie@example.com ì‚¬ì „ ë“±ë¡ â†’ ì™„ë£Œ (Status 200)
2025-06-03 23:59:29,338 - INFO - --------------------------------------------------
2025-06-03 23:59:29,338 - INFO - [Test ID: A7_Verify_NonExist] ì¡´ì¬í•˜ì§€ ì•ŠëŠ” ì´ë©”ì¼ë¡œ ì¸ì¦ ì‹œë„
2025-06-03 23:59:29,338 - INFO - Status Code: 400  (expected 200-299)
2025-06-03 23:59:29,338 - INFO - ê²°ê³¼: âŒ ì·¨ì•½
2025-06-03 23:59:29,338 - INFO - ì´ìœ : ì¸ì¦ ìš°íšŒ í—ˆìš©
2025-06-03 23:59:29,338 - INFO - --------------------------------------------------
2025-06-03 23:59:29,338 - INFO - [Test ID: A7_Profile_NoSession] ì„¸ì…˜ ì—†ì´ í”„ë¡œí•„ ì ‘ê·¼
2025-06-03 23:59:29,338 - INFO - Status Code: 401  (expected 404-404)
2025-06-03 23:59:29,338 - INFO - ê²°ê³¼: âŒ ì·¨ì•½
2025-06-03 23:59:29,338 - INFO - ì´ìœ : ì¸ì¦ ìš°íšŒ í—ˆìš©
2025-06-03 23:59:29,338 - INFO - --------------------------------------------------
2025-06-03 23:59:29,338 - INFO - [Test ID: A1_Profile_OtherUser] ì„¸ì…˜ í•˜ì´ì¬í‚¹ (bob ì„¸ì…˜ìœ¼ë¡œ alice í”„ë¡œí•„ ì—´ëŒ)
2025-06-03 23:59:29,338 - INFO - Status Code: 200  (expected 200-299)
2025-06-03 23:59:29,338 - INFO - ê²°ê³¼: âŒ ì·¨ì•½
2025-06-03 23:59:29,338 - INFO - ì´ìœ : ì•…ì„± ë°ì´í„°ê°€ DBì— ì €ì¥ë¨
2025-06-03 23:59:29,338 - INFO - --------------------------------------------------
2025-06-03 23:59:29,338 - INFO - [Test ID: A3_SQLi_Register] SQL ì¸ì ì…˜ ì´ë©”ì¼ ë“±ë¡
2025-06-03 23:59:29,338 - INFO - Status Code: 200  (expected 200-299)
2025-06-03 23:59:29,338 - INFO - ê²°ê³¼: âŒ ì·¨ì•½
2025-06-03 23:59:29,338 - INFO - ì´ìœ : ì•…ì„± ë°ì´í„°ê°€ DBì— ì €ì¥ë¨
2025-06-03 23:59:29,338 - INFO - --------------------------------------------------
2025-06-03 23:59:29,338 - INFO - [Test ID: A9_XSS_Email] ì´ë©”ì¼ í•„ë“œ XSS ì €ì¥
2025-06-03 23:59:29,338 - INFO - Status Code: 200  (expected 200-299)
2025-06-03 23:59:29,338 - INFO - ê²°ê³¼: âŒ ì·¨ì•½
2025-06-03 23:59:29,338 - INFO - ì´ìœ : ì•…ì„± ë°ì´í„°ê°€ DBì— ì €ì¥ë¨
2025-06-03 23:59:29,338 - INFO - --------------------------------------------------
2025-06-03 23:59:29,338 - INFO - [Test ID: A5_Header_CSP] /profile í˜ì´ì§€ CSP í—¤ë” ë¶€ì¬
2025-06-03 23:59:29,338 - INFO - Status Code: 200  (expected 200-299)
2025-06-03 23:59:29,338 - INFO - ê²°ê³¼: âŒ ì·¨ì•½
2025-06-03 23:59:29,338 - INFO - ì´ìœ : ë³´ì•ˆ í—¤ë” ë¯¸ì„¤ì •
2025-06-03 23:59:29,339 - INFO - --------------------------------------------------
2025-06-03 23:59:29,339 - INFO - [Test ID: A6_TRACE_Root] TRACE / í—ˆìš© ì—¬ë¶€
2025-06-03 23:59:29,339 - INFO - Status Code: 404  (expected 405-405)
2025-06-03 23:59:29,339 - INFO - ê²°ê³¼: âŒ ì·¨ì•½
2025-06-03 23:59:29,339 - INFO - ì´ìœ : ë¹„í‘œì¤€ HTTP ë©”ì„œë“œ í—ˆìš©
2025-06-03 23:59:29,339 - INFO - --------------------------------------------------
2025-06-03 23:59:29,339 - INFO - 
2025-06-03 23:59:32,344 - INFO - 
 LLM ì‹¤í–‰ ì¤‘...
â†’ Django-sqlite/file_test

2025-06-04 00:00:27,347 - ERROR - Bandit ì‹¤í–‰ ì¤‘ ì—ëŸ¬ ë°œìƒ:
[main]	INFO	profile include tests: None
[main]	INFO	profile exclude tests: None
[main]	INFO	cli include tests: None
[main]	INFO	cli exclude tests: None

2025-06-04 00:00:27,347 - INFO - âœ… ì½”ë“œ ì»´íŒŒì¼ ê°€ëŠ¥ ì—¬ë¶€: True
2025-06-04 00:00:27,347 - INFO - 
ğŸ” Bandit ë³´ì•ˆ ë¶„ì„ ê²°ê³¼:
2025-06-04 00:00:27,347 - INFO - 
ğŸ“Š _totals:
2025-06-04 00:00:27,348 - INFO - {
  "CONFIDENCE.HIGH": 0,
  "CONFIDENCE.LOW": 0,
  "CONFIDENCE.MEDIUM": 1,
  "CONFIDENCE.UNDEFINED": 0,
  "SEVERITY.HIGH": 0,
  "SEVERITY.LOW": 1,
  "SEVERITY.MEDIUM": 0,
  "SEVERITY.UNDEFINED": 0,
  "loc": 195,
  "nosec": 0,
  "skipped_tests": 0
}
2025-06-04 00:00:27,348 - INFO - 
âš ï¸ ë°œê²¬ëœ ì´ìŠˆ:
2025-06-04 00:00:27,348 - INFO - - Possible hardcoded password: 'your-secret-key'
2025-06-04 00:00:30,358 - ERROR - app.py ì‹¤í–‰ ì¤‘ ì˜¤ë¥˜ ë°œìƒ:
Traceback (most recent call last):
  File "/Users/longrunpc/castle-coder/prompt-test/Django-sqlite/file_test/app.py", line 7, in <module>
    from django.contrib.sessions.models import Session
  File "/Users/longrunpc/castle-coder/prompt-test/venv/lib/python3.9/site-packages/django/contrib/sessions/models.py", line 1, in <module>
    from django.contrib.sessions.base_session import AbstractBaseSession, BaseSessionManager
  File "/Users/longrunpc/castle-coder/prompt-test/venv/lib/python3.9/site-packages/django/contrib/sessions/base_session.py", line 26, in <module>
    class AbstractBaseSession(models.Model):
  File "/Users/longrunpc/castle-coder/prompt-test/venv/lib/python3.9/site-packages/django/db/models/base.py", line 129, in __new__
    app_config = apps.get_containing_app_config(module)
  File "/Users/longrunpc/castle-coder/prompt-test/venv/lib/python3.9/site-packages/django/apps/registry.py", line 260, in get_containing_app_config
    self.check_apps_ready()
  File "/Users/longrunpc/castle-coder/prompt-test/venv/lib/python3.9/site-packages/django/apps/registry.py", line 137, in check_apps_ready
    settings.INSTALLED_APPS
  File "/Users/longrunpc/castle-coder/prompt-test/venv/lib/python3.9/site-packages/django/conf/__init__.py", line 102, in __getattr__
    self._setup(name)
  File "/Users/longrunpc/castle-coder/prompt-test/venv/lib/python3.9/site-packages/django/conf/__init__.py", line 82, in _setup
    raise ImproperlyConfigured(
django.core.exceptions.ImproperlyConfigured: Requested setting INSTALLED_APPS, but settings are not configured. You must either define the environment variable DJANGO_SETTINGS_MODULE or call settings.configure() before accessing settings.

2025-06-04 00:00:30,359 - INFO - LLM ì¬ì‹¤í–‰ ì‹œë„ (1/5)
2025-06-04 00:01:27,377 - ERROR - Bandit ì‹¤í–‰ ì¤‘ ì—ëŸ¬ ë°œìƒ:
[main]	INFO	profile include tests: None
[main]	INFO	profile exclude tests: None
[main]	INFO	cli include tests: None
[main]	INFO	cli exclude tests: None

2025-06-04 00:01:27,378 - INFO - âœ… ì½”ë“œ ì»´íŒŒì¼ ê°€ëŠ¥ ì—¬ë¶€: True
2025-06-04 00:01:27,378 - INFO - 
ğŸ” Bandit ë³´ì•ˆ ë¶„ì„ ê²°ê³¼:
2025-06-04 00:01:27,378 - INFO - 
ğŸ“Š _totals:
2025-06-04 00:01:27,378 - INFO - {
  "CONFIDENCE.HIGH": 0,
  "CONFIDENCE.LOW": 0,
  "CONFIDENCE.MEDIUM": 1,
  "CONFIDENCE.UNDEFINED": 0,
  "SEVERITY.HIGH": 0,
  "SEVERITY.LOW": 1,
  "SEVERITY.MEDIUM": 0,
  "SEVERITY.UNDEFINED": 0,
  "loc": 179,
  "nosec": 0,
  "skipped_tests": 0
}
2025-06-04 00:01:27,378 - INFO - 
âš ï¸ ë°œê²¬ëœ ì´ìŠˆ:
2025-06-04 00:01:27,378 - INFO - - Possible hardcoded password: 'your-secret-key'
2025-06-04 00:01:30,387 - ERROR - app.py ì‹¤í–‰ ì¤‘ ì˜¤ë¥˜ ë°œìƒ:
Traceback (most recent call last):
  File "/Users/longrunpc/castle-coder/prompt-test/Django-sqlite/file_test/app.py", line 10, in <module>
    from django.contrib.auth.middleware import AuthenticationMiddleware
  File "/Users/longrunpc/castle-coder/prompt-test/venv/lib/python3.9/site-packages/django/contrib/auth/middleware.py", line 3, in <module>
    from django.contrib.auth.backends import RemoteUserBackend
  File "/Users/longrunpc/castle-coder/prompt-test/venv/lib/python3.9/site-packages/django/contrib/auth/backends.py", line 4, in <module>
    from django.contrib.auth.models import Permission
  File "/Users/longrunpc/castle-coder/prompt-test/venv/lib/python3.9/site-packages/django/contrib/auth/models.py", line 3, in <module>
    from django.contrib.auth.base_user import AbstractBaseUser, BaseUserManager
  File "/Users/longrunpc/castle-coder/prompt-test/venv/lib/python3.9/site-packages/django/contrib/auth/base_user.py", line 57, in <module>
    class AbstractBaseUser(models.Model):
  File "/Users/longrunpc/castle-coder/prompt-test/venv/lib/python3.9/site-packages/django/db/models/base.py", line 129, in __new__
    app_config = apps.get_containing_app_config(module)
  File "/Users/longrunpc/castle-coder/prompt-test/venv/lib/python3.9/site-packages/django/apps/registry.py", line 260, in get_containing_app_config
    self.check_apps_ready()
  File "/Users/longrunpc/castle-coder/prompt-test/venv/lib/python3.9/site-packages/django/apps/registry.py", line 137, in check_apps_ready
    settings.INSTALLED_APPS
  File "/Users/longrunpc/castle-coder/prompt-test/venv/lib/python3.9/site-packages/django/conf/__init__.py", line 102, in __getattr__
    self._setup(name)
  File "/Users/longrunpc/castle-coder/prompt-test/venv/lib/python3.9/site-packages/django/conf/__init__.py", line 82, in _setup
    raise ImproperlyConfigured(
django.core.exceptions.ImproperlyConfigured: Requested setting INSTALLED_APPS, but settings are not configured. You must either define the environment variable DJANGO_SETTINGS_MODULE or call settings.configure() before accessing settings.

2025-06-04 00:01:30,388 - INFO - LLM ì¬ì‹¤í–‰ ì‹œë„ (2/5)
